CRITICAL - 2026-03-29 11:14:53 --> ErrorException: Undefined array key "input"
[Method: POST, Route: api/attend]
in APPPATH/Controllers/AttendanceController.php on line 35.
 1 APPPATH/Controllers/AttendanceController.php(35): CodeIgniter\Debug\Exceptions->errorHandler()
 2 SYSTEMPATH/CodeIgniter.php(951): App\Controllers\AttendanceController->createAttendance()
 3 SYSTEMPATH/CodeIgniter.php(497): CodeIgniter\CodeIgniter->runController()
 4 SYSTEMPATH/CodeIgniter.php(340): CodeIgniter\CodeIgniter->handleRequest()
 5 SYSTEMPATH/Boot.php(417): CodeIgniter\CodeIgniter->run()
 6 SYSTEMPATH/Boot.php(68): CodeIgniter\Boot::runCodeIgniter()
 7 FCPATH/index.php(59): CodeIgniter\Boot::bootWeb()
 8 SYSTEMPATH/rewrite.php(44): require_once('/home/gibekkk/Documents/Project/PHP/CodeIgniter/UCM-Absensi-Magang/public/index.php')
ERROR - 2026-03-29 11:18:08 --> Error connecting to the database: mysqli_sql_exception: No such file or directory in /home/gibekkk/Documents/Project/PHP/CodeIgniter/UCM-Absensi-Magang/vendor/codeigniter4/framework/system/Database/MySQLi/Connection.php:201
Stack trace:
#0 /home/gibekkk/Documents/Project/PHP/CodeIgniter/UCM-Absensi-Magang/vendor/codeigniter4/framework/system/Database/MySQLi/Connection.php(201): mysqli->real_connect()
#1 /home/gibekkk/Documents/Project/PHP/CodeIgniter/UCM-Absensi-Magang/vendor/codeigniter4/framework/system/Database/BaseConnection.php(419): CodeIgniter\Database\MySQLi\Connection->connect()
#2 /home/gibekkk/Documents/Project/PHP/CodeIgniter/UCM-Absensi-Magang/vendor/codeigniter4/framework/system/Database/BaseConnection.php(654): CodeIgniter\Database\BaseConnection->initialize()
#3 /home/gibekkk/Documents/Project/PHP/CodeIgniter/UCM-Absensi-Magang/vendor/codeigniter4/framework/system/Database/BaseBuilder.php(1649): CodeIgniter\Database\BaseConnection->query()
#4 /home/gibekkk/Documents/Project/PHP/CodeIgniter/UCM-Absensi-Magang/vendor/codeigniter4/framework/system/Model.php(296): CodeIgniter\Database\BaseBuilder->get()
#5 /home/gibekkk/Documents/Project/PHP/CodeIgniter/UCM-Absensi-Magang/vendor/codeigniter4/framework/system/BaseModel.php(713): CodeIgniter\Model->doFirst()
#6 /home/gibekkk/Documents/Project/PHP/CodeIgniter/UCM-Absensi-Magang/app/Controllers/AttendanceController.php(37): CodeIgniter\BaseModel->first()
#7 /home/gibekkk/Documents/Project/PHP/CodeIgniter/UCM-Absensi-Magang/vendor/codeigniter4/framework/system/CodeIgniter.php(951): App\Controllers\AttendanceController->createAttendance()
#8 /home/gibekkk/Documents/Project/PHP/CodeIgniter/UCM-Absensi-Magang/vendor/codeigniter4/framework/system/CodeIgniter.php(497): CodeIgniter\CodeIgniter->runController()
#9 /home/gibekkk/Documents/Project/PHP/CodeIgniter/UCM-Absensi-Magang/vendor/codeigniter4/framework/system/CodeIgniter.php(340): CodeIgniter\CodeIgniter->handleRequest()
#10 /home/gibekkk/Documents/Project/PHP/CodeIgniter/UCM-Absensi-Magang/vendor/codeigniter4/framework/system/Boot.php(417): CodeIgniter\CodeIgniter->run()
#11 /home/gibekkk/Documents/Project/PHP/CodeIgniter/UCM-Absensi-Magang/vendor/codeigniter4/framework/system/Boot.php(68): CodeIgniter\Boot::runCodeIgniter()
#12 /home/gibekkk/Documents/Project/PHP/CodeIgniter/UCM-Absensi-Magang/public/index.php(59): CodeIgniter\Boot::bootWeb()
#13 /home/gibekkk/Documents/Project/PHP/CodeIgniter/UCM-Absensi-Magang/vendor/codeigniter4/framework/system/rewrite.php(44): require_once('...')
#14 {main}

Next CodeIgniter\Database\Exceptions\DatabaseException: No such file or directory in /home/gibekkk/Documents/Project/PHP/CodeIgniter/UCM-Absensi-Magang/vendor/codeigniter4/framework/system/Database/MySQLi/Connection.php:231
Stack trace:
#0 /home/gibekkk/Documents/Project/PHP/CodeIgniter/UCM-Absensi-Magang/vendor/codeigniter4/framework/system/Database/BaseConnection.php(419): CodeIgniter\Database\MySQLi\Connection->connect()
#1 /home/gibekkk/Documents/Project/PHP/CodeIgniter/UCM-Absensi-Magang/vendor/codeigniter4/framework/system/Database/BaseConnection.php(654): CodeIgniter\Database\BaseConnection->initialize()
#2 /home/gibekkk/Documents/Project/PHP/CodeIgniter/UCM-Absensi-Magang/vendor/codeigniter4/framework/system/Database/BaseBuilder.php(1649): CodeIgniter\Database\BaseConnection->query()
#3 /home/gibekkk/Documents/Project/PHP/CodeIgniter/UCM-Absensi-Magang/vendor/codeigniter4/framework/system/Model.php(296): CodeIgniter\Database\BaseBuilder->get()
#4 /home/gibekkk/Documents/Project/PHP/CodeIgniter/UCM-Absensi-Magang/vendor/codeigniter4/framework/system/BaseModel.php(713): CodeIgniter\Model->doFirst()
#5 /home/gibekkk/Documents/Project/PHP/CodeIgniter/UCM-Absensi-Magang/app/Controllers/AttendanceController.php(37): CodeIgniter\BaseModel->first()
#6 /home/gibekkk/Documents/Project/PHP/CodeIgniter/UCM-Absensi-Magang/vendor/codeigniter4/framework/system/CodeIgniter.php(951): App\Controllers\AttendanceController->createAttendance()
#7 /home/gibekkk/Documents/Project/PHP/CodeIgniter/UCM-Absensi-Magang/vendor/codeigniter4/framework/system/CodeIgniter.php(497): CodeIgniter\CodeIgniter->runController()
#8 /home/gibekkk/Documents/Project/PHP/CodeIgniter/UCM-Absensi-Magang/vendor/codeigniter4/framework/system/CodeIgniter.php(340): CodeIgniter\CodeIgniter->handleRequest()
#9 /home/gibekkk/Documents/Project/PHP/CodeIgniter/UCM-Absensi-Magang/vendor/codeigniter4/framework/system/Boot.php(417): CodeIgniter\CodeIgniter->run()
#10 /home/gibekkk/Documents/Project/PHP/CodeIgniter/UCM-Absensi-Magang/vendor/codeigniter4/framework/system/Boot.php(68): CodeIgniter\Boot::runCodeIgniter()
#11 /home/gibekkk/Documents/Project/PHP/CodeIgniter/UCM-Absensi-Magang/public/index.php(59): CodeIgniter\Boot::bootWeb()
#12 /home/gibekkk/Documents/Project/PHP/CodeIgniter/UCM-Absensi-Magang/vendor/codeigniter4/framework/system/rewrite.php(44): require_once('...')
#13 {main}
CRITICAL - 2026-03-29 11:18:08 --> CodeIgniter\Database\Exceptions\DatabaseException: Unable to connect to the database.
Main connection [MySQLi]: No such file or directory
[Method: POST, Route: api/attend]
in SYSTEMPATH/Database/BaseConnection.php on line 465.
 1 SYSTEMPATH/Database/BaseConnection.php(654): CodeIgniter\Database\BaseConnection->initialize()
 2 SYSTEMPATH/Database/BaseBuilder.php(1649): CodeIgniter\Database\BaseConnection->query()
 3 SYSTEMPATH/Model.php(296): CodeIgniter\Database\BaseBuilder->get()
 4 SYSTEMPATH/BaseModel.php(713): CodeIgniter\Model->doFirst()
 5 APPPATH/Controllers/AttendanceController.php(37): CodeIgniter\BaseModel->first()
 6 SYSTEMPATH/CodeIgniter.php(951): App\Controllers\AttendanceController->createAttendance()
 7 SYSTEMPATH/CodeIgniter.php(497): CodeIgniter\CodeIgniter->runController()
 8 SYSTEMPATH/CodeIgniter.php(340): CodeIgniter\CodeIgniter->handleRequest()
 9 SYSTEMPATH/Boot.php(417): CodeIgniter\CodeIgniter->run()
10 SYSTEMPATH/Boot.php(68): CodeIgniter\Boot::runCodeIgniter()
11 FCPATH/index.php(59): CodeIgniter\Boot::bootWeb()
12 SYSTEMPATH/rewrite.php(44): require_once('/home/gibekkk/Documents/Project/PHP/CodeIgniter/UCM-Absensi-Magang/public/index.php')
CRITICAL - 2026-03-29 11:41:25 --> ErrorException: Undefined array key "id"
[Method: POST, Route: api/attend]
in APPPATH/Controllers/AttendanceController.php on line 47.
 1 APPPATH/Controllers/AttendanceController.php(47): CodeIgniter\Debug\Exceptions->errorHandler()
 2 SYSTEMPATH/CodeIgniter.php(951): App\Controllers\AttendanceController->createAttendance()
 3 SYSTEMPATH/CodeIgniter.php(497): CodeIgniter\CodeIgniter->runController()
 4 SYSTEMPATH/CodeIgniter.php(340): CodeIgniter\CodeIgniter->handleRequest()
 5 SYSTEMPATH/Boot.php(417): CodeIgniter\CodeIgniter->run()
 6 SYSTEMPATH/Boot.php(68): CodeIgniter\Boot::runCodeIgniter()
 7 FCPATH/index.php(59): CodeIgniter\Boot::bootWeb()
 8 SYSTEMPATH/rewrite.php(44): require_once('/home/gibekkk/Documents/Project/PHP/CodeIgniter/UCM-Absensi-Magang/public/index.php')
CRITICAL - 2026-03-29 12:44:55 --> Error: Call to undefined method App\Entities\Internship\InternshipAttendanceEntity::getStudentInternship()
[Method: GET, Route: api/attendance]
in APPPATH/Controllers/AttendanceController.php on line 103.
 1 SYSTEMPATH/CodeIgniter.php(951): App\Controllers\AttendanceController->getAttendances()
 2 SYSTEMPATH/CodeIgniter.php(497): CodeIgniter\CodeIgniter->runController()
 3 SYSTEMPATH/CodeIgniter.php(340): CodeIgniter\CodeIgniter->handleRequest()
 4 SYSTEMPATH/Boot.php(417): CodeIgniter\CodeIgniter->run()
 5 SYSTEMPATH/Boot.php(68): CodeIgniter\Boot::runCodeIgniter()
 6 FCPATH/index.php(59): CodeIgniter\Boot::bootWeb()
 7 SYSTEMPATH/rewrite.php(44): require_once('/home/gibekkk/Documents/Project/PHP/CodeIgniter/UCM-Absensi-Magang/public/index.php')
CRITICAL - 2026-03-29 12:47:39 --> CodeIgniter\HTTP\Exceptions\BadRequestException: The URI you submitted has disallowed characters: "$019d396a-fb9e-73f3-af6e-4524c908ae67"
[Method: GET, Route: api/attendance/$019d396a-fb9e-73f3-af6e-4524c908ae67]
in SYSTEMPATH/Router/Router.php on line 768.
 1 SYSTEMPATH/Router/Router.php(219): CodeIgniter\Router\Router->checkDisallowedChars()
 2 SYSTEMPATH/CodeIgniter.php(829): CodeIgniter\Router\Router->handle()
 3 SYSTEMPATH/CodeIgniter.php(441): CodeIgniter\CodeIgniter->tryToRouteIt()
 4 SYSTEMPATH/CodeIgniter.php(340): CodeIgniter\CodeIgniter->handleRequest()
 5 SYSTEMPATH/Boot.php(417): CodeIgniter\CodeIgniter->run()
 6 SYSTEMPATH/Boot.php(68): CodeIgniter\Boot::runCodeIgniter()
 7 FCPATH/index.php(59): CodeIgniter\Boot::bootWeb()
 8 SYSTEMPATH/rewrite.php(44): require_once('/home/gibekkk/Documents/Project/PHP/CodeIgniter/UCM-Absensi-Magang/public/index.php')
CRITICAL - 2026-03-29 12:50:40 --> ErrorException: Undefined variable $attendances
[Method: GET, Route: api/attendance/today]
in APPPATH/Controllers/AttendanceController.php on line 129.
 1 APPPATH/Controllers/AttendanceController.php(129): CodeIgniter\Debug\Exceptions->errorHandler()
 2 SYSTEMPATH/CodeIgniter.php(951): App\Controllers\AttendanceController->getAttendances()
 3 SYSTEMPATH/CodeIgniter.php(497): CodeIgniter\CodeIgniter->runController()
 4 SYSTEMPATH/CodeIgniter.php(340): CodeIgniter\CodeIgniter->handleRequest()
 5 SYSTEMPATH/Boot.php(417): CodeIgniter\CodeIgniter->run()
 6 SYSTEMPATH/Boot.php(68): CodeIgniter\Boot::runCodeIgniter()
 7 FCPATH/index.php(59): CodeIgniter\Boot::bootWeb()
 8 SYSTEMPATH/rewrite.php(44): require_once('/home/gibekkk/Documents/Project/PHP/CodeIgniter/UCM-Absensi-Magang/public/index.php')
CRITICAL - 2026-03-29 12:51:21 --> ErrorException: Undefined variable $attendances
[Method: GET, Route: api/attendance/today]
in APPPATH/Controllers/AttendanceController.php on line 129.
 1 APPPATH/Controllers/AttendanceController.php(129): CodeIgniter\Debug\Exceptions->errorHandler()
 2 SYSTEMPATH/CodeIgniter.php(951): App\Controllers\AttendanceController->getAttendances()
 3 SYSTEMPATH/CodeIgniter.php(497): CodeIgniter\CodeIgniter->runController()
 4 SYSTEMPATH/CodeIgniter.php(340): CodeIgniter\CodeIgniter->handleRequest()
 5 SYSTEMPATH/Boot.php(417): CodeIgniter\CodeIgniter->run()
 6 SYSTEMPATH/Boot.php(68): CodeIgniter\Boot::runCodeIgniter()
 7 FCPATH/index.php(59): CodeIgniter\Boot::bootWeb()
 8 SYSTEMPATH/rewrite.php(44): require_once('/home/gibekkk/Documents/Project/PHP/CodeIgniter/UCM-Absensi-Magang/public/index.php')
CRITICAL - 2026-03-29 12:53:04 --> ErrorException: Undefined variable $attendances
[Method: GET, Route: api/attendance/today]
in APPPATH/Controllers/AttendanceController.php on line 163.
 1 APPPATH/Controllers/AttendanceController.php(163): CodeIgniter\Debug\Exceptions->errorHandler()
 2 SYSTEMPATH/CodeIgniter.php(951): App\Controllers\AttendanceController->getTodayAttendances()
 3 SYSTEMPATH/CodeIgniter.php(497): CodeIgniter\CodeIgniter->runController()
 4 SYSTEMPATH/CodeIgniter.php(340): CodeIgniter\CodeIgniter->handleRequest()
 5 SYSTEMPATH/Boot.php(417): CodeIgniter\CodeIgniter->run()
 6 SYSTEMPATH/Boot.php(68): CodeIgniter\Boot::runCodeIgniter()
 7 FCPATH/index.php(59): CodeIgniter\Boot::bootWeb()
 8 SYSTEMPATH/rewrite.php(44): require_once('/home/gibekkk/Documents/Project/PHP/CodeIgniter/UCM-Absensi-Magang/public/index.php')
CRITICAL - 2026-03-29 13:56:22 --> CodeIgniter\Database\Exceptions\DatabaseException: Deletes are not allowed unless they contain a "where" or "like" clause.
[Method: POST, Route: auth/logout]
in SYSTEMPATH/Database/BaseBuilder.php on line 2819.
 1 SYSTEMPATH/Model.php(442): CodeIgniter\Database\BaseBuilder->delete()
 2 SYSTEMPATH/BaseModel.php(1186): CodeIgniter\Model->doDelete()
 3 APPPATH/Controllers/AuthController.php(61): CodeIgniter\BaseModel->delete()
 4 SYSTEMPATH/CodeIgniter.php(951): App\Controllers\AuthController->processLogout()
 5 SYSTEMPATH/CodeIgniter.php(497): CodeIgniter\CodeIgniter->runController()
 6 SYSTEMPATH/CodeIgniter.php(340): CodeIgniter\CodeIgniter->handleRequest()
 7 SYSTEMPATH/Boot.php(417): CodeIgniter\CodeIgniter->run()
 8 SYSTEMPATH/Boot.php(68): CodeIgniter\Boot::runCodeIgniter()
 9 FCPATH/index.php(59): CodeIgniter\Boot::bootWeb()
10 SYSTEMPATH/rewrite.php(44): require_once('/home/gibekkk/Documents/Project/PHP/CodeIgniter/UCM-Absensi-Magang/public/index.php')
