CRITICAL - 2026-04-01 05:47:49 --> CodeIgniter\Database\Exceptions\DatabaseException: Deletes are not allowed unless they contain a "where" or "like" clause.
[Method: POST, Route: auth/logout]
in SYSTEMPATH/Database/BaseBuilder.php on line 2819.
 1 SYSTEMPATH/Model.php(442): CodeIgniter\Database\BaseBuilder->delete()
 2 SYSTEMPATH/BaseModel.php(1186): CodeIgniter\Model->doDelete()
 3 APPPATH/Controllers/AuthController.php(61): CodeIgniter\BaseModel->delete()
 4 SYSTEMPATH/CodeIgniter.php(951): App\Controllers\AuthController->processLogout()
 5 SYSTEMPATH/CodeIgniter.php(497): CodeIgniter\CodeIgniter->runController()
 6 SYSTEMPATH/CodeIgniter.php(340): CodeIgniter\CodeIgniter->handleRequest()
 7 SYSTEMPATH/Boot.php(417): CodeIgniter\CodeIgniter->run()
 8 SYSTEMPATH/Boot.php(68): CodeIgniter\Boot::runCodeIgniter()
 9 FCPATH/index.php(59): CodeIgniter\Boot::bootWeb()
10 SYSTEMPATH/rewrite.php(44): require_once('/home/gibekkk/Documents/Project/PHP/CodeIgniter/UCM-Absensi-Magang/public/index.php')
ERROR - 2026-04-01 05:50:39 --> Daycry\CronJob\JobRunner::finalizeTask(): Argument #3 ($output) must be of type ?string, false given, called in /home/gibekkk/Documents/Project/PHP/CodeIgniter/UCM-Absensi-Magang/vendor/daycry/cronjob/src/JobRunner.php on line 171
ERROR - 2026-04-01 13:52:28 --> Daycry\CronJob\JobRunner::finalizeTask(): Argument #3 ($output) must be of type ?string, false given, called in /home/gibekkk/Documents/Project/PHP/CodeIgniter/UCM-Absensi-Magang/vendor/daycry/cronjob/src/JobRunner.php on line 171
ERROR - 2026-04-01 13:53:39 --> Daycry\CronJob\JobRunner::finalizeTask(): Argument #3 ($output) must be of type ?string, false given, called in /home/gibekkk/Documents/Project/PHP/CodeIgniter/UCM-Absensi-Magang/vendor/daycry/cronjob/src/JobRunner.php on line 171
ERROR - 2026-04-01 13:53:42 --> Daycry\CronJob\JobRunner::finalizeTask(): Argument #3 ($output) must be of type ?string, false given, called in /home/gibekkk/Documents/Project/PHP/CodeIgniter/UCM-Absensi-Magang/vendor/daycry/cronjob/src/JobRunner.php on line 171
ERROR - 2026-04-01 13:54:01 --> Daycry\CronJob\JobRunner::finalizeTask(): Argument #3 ($output) must be of type ?string, false given, called in /home/gibekkk/Documents/Project/PHP/CodeIgniter/UCM-Absensi-Magang/vendor/daycry/cronjob/src/JobRunner.php on line 171
ERROR - 2026-04-01 13:55:11 --> Daycry\CronJob\JobRunner::finalizeTask(): Argument #3 ($output) must be of type ?string, false given, called in /home/gibekkk/Documents/Project/PHP/CodeIgniter/UCM-Absensi-Magang/vendor/daycry/cronjob/src/JobRunner.php on line 171
ERROR - 2026-04-01 13:56:11 --> Daycry\CronJob\JobRunner::finalizeTask(): Argument #3 ($output) must be of type ?string, false given, called in /home/gibekkk/Documents/Project/PHP/CodeIgniter/UCM-Absensi-Magang/vendor/daycry/cronjob/src/JobRunner.php on line 171
ERROR - 2026-04-01 13:58:14 --> Daycry\CronJob\JobRunner::finalizeTask(): Argument #3 ($output) must be of type ?string, false given, called in /home/gibekkk/Documents/Project/PHP/CodeIgniter/UCM-Absensi-Magang/vendor/daycry/cronjob/src/JobRunner.php on line 171
ERROR - 2026-04-01 13:58:45 --> Daycry\CronJob\JobRunner::finalizeTask(): Argument #3 ($output) must be of type ?string, false given, called in /home/gibekkk/Documents/Project/PHP/CodeIgniter/UCM-Absensi-Magang/vendor/daycry/cronjob/src/JobRunner.php on line 171
CRITICAL - 2026-04-01 14:13:39 --> CodeIgniter\Database\Exceptions\DatabaseException: Deletes are not allowed unless they contain a "where" or "like" clause.
[Method: POST, Route: auth/logout]
in SYSTEMPATH/Database/BaseBuilder.php on line 2819.
 1 SYSTEMPATH/Model.php(442): CodeIgniter\Database\BaseBuilder->delete()
 2 SYSTEMPATH/BaseModel.php(1186): CodeIgniter\Model->doDelete()
 3 APPPATH/Controllers/AuthController.php(61): CodeIgniter\BaseModel->delete()
 4 SYSTEMPATH/CodeIgniter.php(951): App\Controllers\AuthController->processLogout()
 5 SYSTEMPATH/CodeIgniter.php(497): CodeIgniter\CodeIgniter->runController()
 6 SYSTEMPATH/CodeIgniter.php(340): CodeIgniter\CodeIgniter->handleRequest()
 7 SYSTEMPATH/Boot.php(417): CodeIgniter\CodeIgniter->run()
 8 SYSTEMPATH/Boot.php(68): CodeIgniter\Boot::runCodeIgniter()
 9 FCPATH/index.php(59): CodeIgniter\Boot::bootWeb()
10 SYSTEMPATH/rewrite.php(44): require_once('/home/gibekkk/Documents/Project/PHP/CodeIgniter/UCM-Absensi-Magang/public/index.php')
ERROR - 2026-04-01 15:02:14 --> Unknown column 'is_super_admin' in 'field list'
in SYSTEMPATH/Database/MySQLi/Connection.php on line 300.
 1 SYSTEMPATH/Database/MySQLi/Connection.php(300): mysqli->query()
 2 SYSTEMPATH/Database/BaseConnection.php(769): CodeIgniter\Database\MySQLi\Connection->execute()
 3 SYSTEMPATH/Database/BaseConnection.php(686): CodeIgniter\Database\BaseConnection->simpleQuery()
 4 SYSTEMPATH/Database/BaseBuilder.php(1841): CodeIgniter\Database\BaseConnection->query()
 5 SYSTEMPATH/Database/BaseBuilder.php(2230): CodeIgniter\Database\BaseBuilder->batchExecute()
 6 APPPATH/Database/Seeds/UserSeeder.php(25): CodeIgniter\Database\BaseBuilder->insertBatch()
 7 SYSTEMPATH/Database/Seeder.php(155): App\Database\Seeds\UserSeeder->run()
 8 SYSTEMPATH/Commands/Database/Seed.php(79): CodeIgniter\Database\Seeder->call()
 9 SYSTEMPATH/CLI/Commands.php(74): CodeIgniter\Commands\Database\Seed->run()
10 SYSTEMPATH/CLI/Console.php(47): CodeIgniter\CLI\Commands->run()
11 SYSTEMPATH/Boot.php(442): CodeIgniter\CLI\Console->run()
12 SYSTEMPATH/Boot.php(166): CodeIgniter\Boot::runCommand()
13 ROOTPATH/spark(87): CodeIgniter\Boot::bootSpark()
CRITICAL - 2026-04-01 18:19:12 --> ErrorException: Undefined variable $students
[Method: GET, Route: admin/api/students]
in APPPATH/Controllers/StudentController.php on line 77.
 1 APPPATH/Controllers/StudentController.php(77): CodeIgniter\Debug\Exceptions->errorHandler()
 2 SYSTEMPATH/CodeIgniter.php(951): App\Controllers\StudentController->getStudents()
 3 SYSTEMPATH/CodeIgniter.php(497): CodeIgniter\CodeIgniter->runController()
 4 SYSTEMPATH/CodeIgniter.php(340): CodeIgniter\CodeIgniter->handleRequest()
 5 SYSTEMPATH/Boot.php(417): CodeIgniter\CodeIgniter->run()
 6 SYSTEMPATH/Boot.php(68): CodeIgniter\Boot::runCodeIgniter()
 7 FCPATH/index.php(59): CodeIgniter\Boot::bootWeb()
 8 SYSTEMPATH/rewrite.php(44): require_once('/home/gibekkk/Documents/Project/PHP/CodeIgniter/UCM-Absensi-Magang/public/index.php')
CRITICAL - 2026-04-01 18:19:12 --> ParseError: syntax error, unexpected token ")"
[Method: GET, Route: admin/api/internships]
in APPPATH/Controllers/InternshipController.php on line 124.
 1 VENDORPATH/composer/ClassLoader.php(427): Composer\Autoload\{closure}()
 2 [internal function]: Composer\Autoload\ClassLoader->loadClass()
 3 SYSTEMPATH/Router/Router.php(792): class_exists()
 4 SYSTEMPATH/Router/Router.php(230): CodeIgniter\Router\Router->processRouteAttributes()
 5 SYSTEMPATH/CodeIgniter.php(829): CodeIgniter\Router\Router->handle()
 6 SYSTEMPATH/CodeIgniter.php(441): CodeIgniter\CodeIgniter->tryToRouteIt()
 7 SYSTEMPATH/CodeIgniter.php(340): CodeIgniter\CodeIgniter->handleRequest()
 8 SYSTEMPATH/Boot.php(417): CodeIgniter\CodeIgniter->run()
 9 SYSTEMPATH/Boot.php(68): CodeIgniter\Boot::runCodeIgniter()
10 FCPATH/index.php(59): CodeIgniter\Boot::bootWeb()
11 SYSTEMPATH/rewrite.php(44): require_once('/home/gibekkk/Documents/Project/PHP/CodeIgniter/UCM-Absensi-Magang/public/index.php')
CRITICAL - 2026-04-01 18:19:26 --> ErrorException: Undefined variable $students
[Method: GET, Route: admin/api/students]
in APPPATH/Controllers/StudentController.php on line 77.
 1 APPPATH/Controllers/StudentController.php(77): CodeIgniter\Debug\Exceptions->errorHandler()
 2 SYSTEMPATH/CodeIgniter.php(951): App\Controllers\StudentController->getStudents()
 3 SYSTEMPATH/CodeIgniter.php(497): CodeIgniter\CodeIgniter->runController()
 4 SYSTEMPATH/CodeIgniter.php(340): CodeIgniter\CodeIgniter->handleRequest()
 5 SYSTEMPATH/Boot.php(417): CodeIgniter\CodeIgniter->run()
 6 SYSTEMPATH/Boot.php(68): CodeIgniter\Boot::runCodeIgniter()
 7 FCPATH/index.php(59): CodeIgniter\Boot::bootWeb()
 8 SYSTEMPATH/rewrite.php(44): require_once('/home/gibekkk/Documents/Project/PHP/CodeIgniter/UCM-Absensi-Magang/public/index.php')
CRITICAL - 2026-04-01 18:19:26 --> ParseError: syntax error, unexpected token ")"
[Method: GET, Route: admin/api/internships]
in APPPATH/Controllers/InternshipController.php on line 124.
 1 VENDORPATH/composer/ClassLoader.php(427): Composer\Autoload\{closure}()
 2 [internal function]: Composer\Autoload\ClassLoader->loadClass()
 3 SYSTEMPATH/Router/Router.php(792): class_exists()
 4 SYSTEMPATH/Router/Router.php(230): CodeIgniter\Router\Router->processRouteAttributes()
 5 SYSTEMPATH/CodeIgniter.php(829): CodeIgniter\Router\Router->handle()
 6 SYSTEMPATH/CodeIgniter.php(441): CodeIgniter\CodeIgniter->tryToRouteIt()
 7 SYSTEMPATH/CodeIgniter.php(340): CodeIgniter\CodeIgniter->handleRequest()
 8 SYSTEMPATH/Boot.php(417): CodeIgniter\CodeIgniter->run()
 9 SYSTEMPATH/Boot.php(68): CodeIgniter\Boot::runCodeIgniter()
10 FCPATH/index.php(59): CodeIgniter\Boot::bootWeb()
11 SYSTEMPATH/rewrite.php(44): require_once('/home/gibekkk/Documents/Project/PHP/CodeIgniter/UCM-Absensi-Magang/public/index.php')
CRITICAL - 2026-04-01 18:20:49 --> ParseError: syntax error, unexpected token ")"
[Method: GET, Route: admin/api/internships]
in APPPATH/Controllers/InternshipController.php on line 125.
 1 VENDORPATH/composer/ClassLoader.php(427): Composer\Autoload\{closure}()
 2 [internal function]: Composer\Autoload\ClassLoader->loadClass()
 3 SYSTEMPATH/Router/Router.php(792): class_exists()
 4 SYSTEMPATH/Router/Router.php(230): CodeIgniter\Router\Router->processRouteAttributes()
 5 SYSTEMPATH/CodeIgniter.php(829): CodeIgniter\Router\Router->handle()
 6 SYSTEMPATH/CodeIgniter.php(441): CodeIgniter\CodeIgniter->tryToRouteIt()
 7 SYSTEMPATH/CodeIgniter.php(340): CodeIgniter\CodeIgniter->handleRequest()
 8 SYSTEMPATH/Boot.php(417): CodeIgniter\CodeIgniter->run()
 9 SYSTEMPATH/Boot.php(68): CodeIgniter\Boot::runCodeIgniter()
10 FCPATH/index.php(59): CodeIgniter\Boot::bootWeb()
11 SYSTEMPATH/rewrite.php(44): require_once('/home/gibekkk/Documents/Project/PHP/CodeIgniter/UCM-Absensi-Magang/public/index.php')
CRITICAL - 2026-04-01 18:32:35 --> ParseError: syntax error, unexpected token ")"
[Method: GET, Route: admin/api/internships]
in APPPATH/Controllers/InternshipController.php on line 125.
 1 VENDORPATH/composer/ClassLoader.php(427): Composer\Autoload\{closure}()
 2 [internal function]: Composer\Autoload\ClassLoader->loadClass()
 3 SYSTEMPATH/Router/Router.php(792): class_exists()
 4 SYSTEMPATH/Router/Router.php(230): CodeIgniter\Router\Router->processRouteAttributes()
 5 SYSTEMPATH/CodeIgniter.php(829): CodeIgniter\Router\Router->handle()
 6 SYSTEMPATH/CodeIgniter.php(441): CodeIgniter\CodeIgniter->tryToRouteIt()
 7 SYSTEMPATH/CodeIgniter.php(340): CodeIgniter\CodeIgniter->handleRequest()
 8 SYSTEMPATH/Boot.php(417): CodeIgniter\CodeIgniter->run()
 9 SYSTEMPATH/Boot.php(68): CodeIgniter\Boot::runCodeIgniter()
10 FCPATH/index.php(59): CodeIgniter\Boot::bootWeb()
11 SYSTEMPATH/rewrite.php(44): require_once('/home/gibekkk/Documents/Project/PHP/CodeIgniter/UCM-Absensi-Magang/public/index.php')
CRITICAL - 2026-04-01 18:35:35 --> ParseError: syntax error, unexpected token ")"
[Method: GET, Route: admin/api/internships]
in APPPATH/Controllers/InternshipController.php on line 125.
 1 VENDORPATH/composer/ClassLoader.php(427): Composer\Autoload\{closure}()
 2 [internal function]: Composer\Autoload\ClassLoader->loadClass()
 3 SYSTEMPATH/Router/Router.php(792): class_exists()
 4 SYSTEMPATH/Router/Router.php(230): CodeIgniter\Router\Router->processRouteAttributes()
 5 SYSTEMPATH/CodeIgniter.php(829): CodeIgniter\Router\Router->handle()
 6 SYSTEMPATH/CodeIgniter.php(441): CodeIgniter\CodeIgniter->tryToRouteIt()
 7 SYSTEMPATH/CodeIgniter.php(340): CodeIgniter\CodeIgniter->handleRequest()
 8 SYSTEMPATH/Boot.php(417): CodeIgniter\CodeIgniter->run()
 9 SYSTEMPATH/Boot.php(68): CodeIgniter\Boot::runCodeIgniter()
10 FCPATH/index.php(59): CodeIgniter\Boot::bootWeb()
11 SYSTEMPATH/rewrite.php(44): require_once('/home/gibekkk/Documents/Project/PHP/CodeIgniter/UCM-Absensi-Magang/public/index.php')
CRITICAL - 2026-04-01 18:35:40 --> ParseError: syntax error, unexpected token ")"
[Method: GET, Route: admin/api/internships]
in APPPATH/Controllers/InternshipController.php on line 125.
 1 VENDORPATH/composer/ClassLoader.php(427): Composer\Autoload\{closure}()
 2 [internal function]: Composer\Autoload\ClassLoader->loadClass()
 3 SYSTEMPATH/Router/Router.php(792): class_exists()
 4 SYSTEMPATH/Router/Router.php(230): CodeIgniter\Router\Router->processRouteAttributes()
 5 SYSTEMPATH/CodeIgniter.php(829): CodeIgniter\Router\Router->handle()
 6 SYSTEMPATH/CodeIgniter.php(441): CodeIgniter\CodeIgniter->tryToRouteIt()
 7 SYSTEMPATH/CodeIgniter.php(340): CodeIgniter\CodeIgniter->handleRequest()
 8 SYSTEMPATH/Boot.php(417): CodeIgniter\CodeIgniter->run()
 9 SYSTEMPATH/Boot.php(68): CodeIgniter\Boot::runCodeIgniter()
10 FCPATH/index.php(59): CodeIgniter\Boot::bootWeb()
11 SYSTEMPATH/rewrite.php(44): require_once('/home/gibekkk/Documents/Project/PHP/CodeIgniter/UCM-Absensi-Magang/public/index.php')
CRITICAL - 2026-04-01 18:35:43 --> ParseError: syntax error, unexpected token ")"
[Method: GET, Route: admin/api/internships]
in APPPATH/Controllers/InternshipController.php on line 125.
 1 VENDORPATH/composer/ClassLoader.php(427): Composer\Autoload\{closure}()
 2 [internal function]: Composer\Autoload\ClassLoader->loadClass()
 3 SYSTEMPATH/Router/Router.php(792): class_exists()
 4 SYSTEMPATH/Router/Router.php(230): CodeIgniter\Router\Router->processRouteAttributes()
 5 SYSTEMPATH/CodeIgniter.php(829): CodeIgniter\Router\Router->handle()
 6 SYSTEMPATH/CodeIgniter.php(441): CodeIgniter\CodeIgniter->tryToRouteIt()
 7 SYSTEMPATH/CodeIgniter.php(340): CodeIgniter\CodeIgniter->handleRequest()
 8 SYSTEMPATH/Boot.php(417): CodeIgniter\CodeIgniter->run()
 9 SYSTEMPATH/Boot.php(68): CodeIgniter\Boot::runCodeIgniter()
10 FCPATH/index.php(59): CodeIgniter\Boot::bootWeb()
11 SYSTEMPATH/rewrite.php(44): require_once('/home/gibekkk/Documents/Project/PHP/CodeIgniter/UCM-Absensi-Magang/public/index.php')
CRITICAL - 2026-04-01 18:45:50 --> ParseError: syntax error, unexpected token ")"
[Method: GET, Route: admin/api/internships]
in APPPATH/Controllers/InternshipController.php on line 125.
 1 VENDORPATH/composer/ClassLoader.php(427): Composer\Autoload\{closure}()
 2 [internal function]: Composer\Autoload\ClassLoader->loadClass()
 3 SYSTEMPATH/Router/Router.php(792): class_exists()
 4 SYSTEMPATH/Router/Router.php(230): CodeIgniter\Router\Router->processRouteAttributes()
 5 SYSTEMPATH/CodeIgniter.php(829): CodeIgniter\Router\Router->handle()
 6 SYSTEMPATH/CodeIgniter.php(441): CodeIgniter\CodeIgniter->tryToRouteIt()
 7 SYSTEMPATH/CodeIgniter.php(340): CodeIgniter\CodeIgniter->handleRequest()
 8 SYSTEMPATH/Boot.php(417): CodeIgniter\CodeIgniter->run()
 9 SYSTEMPATH/Boot.php(68): CodeIgniter\Boot::runCodeIgniter()
10 FCPATH/index.php(59): CodeIgniter\Boot::bootWeb()
11 SYSTEMPATH/rewrite.php(44): require_once('/home/gibekkk/Documents/Project/PHP/CodeIgniter/UCM-Absensi-Magang/public/index.php')
CRITICAL - 2026-04-01 18:47:56 --> ParseError: syntax error, unexpected token ")"
[Method: GET, Route: admin/api/internships]
in APPPATH/Controllers/InternshipController.php on line 125.
 1 VENDORPATH/composer/ClassLoader.php(427): Composer\Autoload\{closure}()
 2 [internal function]: Composer\Autoload\ClassLoader->loadClass()
 3 SYSTEMPATH/Router/Router.php(792): class_exists()
 4 SYSTEMPATH/Router/Router.php(230): CodeIgniter\Router\Router->processRouteAttributes()
 5 SYSTEMPATH/CodeIgniter.php(829): CodeIgniter\Router\Router->handle()
 6 SYSTEMPATH/CodeIgniter.php(441): CodeIgniter\CodeIgniter->tryToRouteIt()
 7 SYSTEMPATH/CodeIgniter.php(340): CodeIgniter\CodeIgniter->handleRequest()
 8 SYSTEMPATH/Boot.php(417): CodeIgniter\CodeIgniter->run()
 9 SYSTEMPATH/Boot.php(68): CodeIgniter\Boot::runCodeIgniter()
10 FCPATH/index.php(59): CodeIgniter\Boot::bootWeb()
11 SYSTEMPATH/rewrite.php(44): require_once('/home/gibekkk/Documents/Project/PHP/CodeIgniter/UCM-Absensi-Magang/public/index.php')
CRITICAL - 2026-04-01 18:48:30 --> ParseError: syntax error, unexpected token ")"
[Method: GET, Route: admin/api/internships]
in APPPATH/Controllers/InternshipController.php on line 125.
 1 VENDORPATH/composer/ClassLoader.php(427): Composer\Autoload\{closure}()
 2 [internal function]: Composer\Autoload\ClassLoader->loadClass()
 3 SYSTEMPATH/Router/Router.php(792): class_exists()
 4 SYSTEMPATH/Router/Router.php(230): CodeIgniter\Router\Router->processRouteAttributes()
 5 SYSTEMPATH/CodeIgniter.php(829): CodeIgniter\Router\Router->handle()
 6 SYSTEMPATH/CodeIgniter.php(441): CodeIgniter\CodeIgniter->tryToRouteIt()
 7 SYSTEMPATH/CodeIgniter.php(340): CodeIgniter\CodeIgniter->handleRequest()
 8 SYSTEMPATH/Boot.php(417): CodeIgniter\CodeIgniter->run()
 9 SYSTEMPATH/Boot.php(68): CodeIgniter\Boot::runCodeIgniter()
10 FCPATH/index.php(59): CodeIgniter\Boot::bootWeb()
11 SYSTEMPATH/rewrite.php(44): require_once('/home/gibekkk/Documents/Project/PHP/CodeIgniter/UCM-Absensi-Magang/public/index.php')
CRITICAL - 2026-04-01 18:48:38 --> ParseError: syntax error, unexpected token ")"
[Method: GET, Route: admin/api/internships]
in APPPATH/Controllers/InternshipController.php on line 125.
 1 VENDORPATH/composer/ClassLoader.php(427): Composer\Autoload\{closure}()
 2 [internal function]: Composer\Autoload\ClassLoader->loadClass()
 3 SYSTEMPATH/Router/Router.php(792): class_exists()
 4 SYSTEMPATH/Router/Router.php(230): CodeIgniter\Router\Router->processRouteAttributes()
 5 SYSTEMPATH/CodeIgniter.php(829): CodeIgniter\Router\Router->handle()
 6 SYSTEMPATH/CodeIgniter.php(441): CodeIgniter\CodeIgniter->tryToRouteIt()
 7 SYSTEMPATH/CodeIgniter.php(340): CodeIgniter\CodeIgniter->handleRequest()
 8 SYSTEMPATH/Boot.php(417): CodeIgniter\CodeIgniter->run()
 9 SYSTEMPATH/Boot.php(68): CodeIgniter\Boot::runCodeIgniter()
10 FCPATH/index.php(59): CodeIgniter\Boot::bootWeb()
11 SYSTEMPATH/rewrite.php(44): require_once('/home/gibekkk/Documents/Project/PHP/CodeIgniter/UCM-Absensi-Magang/public/index.php')
