CRITICAL - 2026-04-06 09:59:44 --> ErrorException: Undefined array key "is_active"
[Method: PUT, Route: admin/api/students/019d5cb3-4630-703c-be7b-e85717498ae9]
in APPPATH/Controllers/StudentController.php on line 184.
 1 APPPATH/Controllers/StudentController.php(184): CodeIgniter\Debug\Exceptions->errorHandler()
 2 SYSTEMPATH/CodeIgniter.php(951): App\Controllers\StudentController->editStudent()
 3 SYSTEMPATH/CodeIgniter.php(497): CodeIgniter\CodeIgniter->runController()
 4 SYSTEMPATH/CodeIgniter.php(340): CodeIgniter\CodeIgniter->handleRequest()
 5 SYSTEMPATH/Boot.php(417): CodeIgniter\CodeIgniter->run()
 6 SYSTEMPATH/Boot.php(68): CodeIgniter\Boot::runCodeIgniter()
 7 FCPATH/index.php(59): CodeIgniter\Boot::bootWeb()
 8 SYSTEMPATH/rewrite.php(44): require_once('/home/gibekkk/Documents/Project/PHP/CodeIgniter/UCM-Absensi-Magang/public/index.php')
CRITICAL - 2026-04-06 10:25:57 --> CodeIgniter\Exceptions\InvalidArgumentException: Invalid primary key: 0 is not allowed.
[Method: PATCH, Route: admin/api/internships/setIsActive/019d5cb2-c151-7189-904d-42c46b393949/0]
in SYSTEMPATH/BaseModel.php on line 832.
 1 SYSTEMPATH/BaseModel.php(817): CodeIgniter\BaseModel->validateID()
 2 SYSTEMPATH/BaseModel.php(1039): CodeIgniter\BaseModel->validateID()
 3 SYSTEMPATH/Model.php(706): CodeIgniter\BaseModel->update()
 4 APPPATH/Models/Internship/InternshipModel.php(85): CodeIgniter\Model->update()
 5 SYSTEMPATH/BaseModel.php(1720): App\Models\Internship\InternshipModel->setStatusStudentInternships()
 6 SYSTEMPATH/BaseModel.php(1077): CodeIgniter\BaseModel->trigger()
 7 SYSTEMPATH/Model.php(706): CodeIgniter\BaseModel->update()
 8 APPPATH/Controllers/InternshipController.php(232): CodeIgniter\Model->update()
 9 SYSTEMPATH/CodeIgniter.php(951): App\Controllers\InternshipController->setIsActive()
10 SYSTEMPATH/CodeIgniter.php(497): CodeIgniter\CodeIgniter->runController()
11 SYSTEMPATH/CodeIgniter.php(340): CodeIgniter\CodeIgniter->handleRequest()
12 SYSTEMPATH/Boot.php(417): CodeIgniter\CodeIgniter->run()
13 SYSTEMPATH/Boot.php(68): CodeIgniter\Boot::runCodeIgniter()
14 FCPATH/index.php(59): CodeIgniter\Boot::bootWeb()
15 SYSTEMPATH/rewrite.php(44): require_once('/home/gibekkk/Documents/Project/PHP/CodeIgniter/UCM-Absensi-Magang/public/index.php')
CRITICAL - 2026-04-06 10:30:16 --> CodeIgniter\Exceptions\InvalidArgumentException: Invalid primary key: 0 is not allowed.
[Method: PATCH, Route: admin/api/internships/setIsActive/019d5cb2-c151-7189-904d-42c46b393949/0]
in SYSTEMPATH/BaseModel.php on line 832.
 1 SYSTEMPATH/BaseModel.php(817): CodeIgniter\BaseModel->validateID()
 2 SYSTEMPATH/BaseModel.php(1039): CodeIgniter\BaseModel->validateID()
 3 SYSTEMPATH/Model.php(706): CodeIgniter\BaseModel->update()
 4 APPPATH/Models/Internship/InternshipModel.php(85): CodeIgniter\Model->update()
 5 SYSTEMPATH/BaseModel.php(1720): App\Models\Internship\InternshipModel->setStatusStudentInternships()
 6 SYSTEMPATH/BaseModel.php(1077): CodeIgniter\BaseModel->trigger()
 7 SYSTEMPATH/Model.php(706): CodeIgniter\BaseModel->update()
 8 APPPATH/Controllers/InternshipController.php(232): CodeIgniter\Model->update()
 9 SYSTEMPATH/CodeIgniter.php(951): App\Controllers\InternshipController->setIsActive()
10 SYSTEMPATH/CodeIgniter.php(497): CodeIgniter\CodeIgniter->runController()
11 SYSTEMPATH/CodeIgniter.php(340): CodeIgniter\CodeIgniter->handleRequest()
12 SYSTEMPATH/Boot.php(417): CodeIgniter\CodeIgniter->run()
13 SYSTEMPATH/Boot.php(68): CodeIgniter\Boot::runCodeIgniter()
14 FCPATH/index.php(59): CodeIgniter\Boot::bootWeb()
15 SYSTEMPATH/rewrite.php(44): require_once('/home/gibekkk/Documents/Project/PHP/CodeIgniter/UCM-Absensi-Magang/public/index.php')
CRITICAL - 2026-04-06 11:09:47 --> ErrorException: Undefined array key "student_id"
[Method: PATCH, Route: admin/api/students/setIsActive/019d5cb3-4630-703c-be7b-e85717498ae9/0]
in APPPATH/Models/Internship/InternshipStudentModel.php on line 101.
 1 APPPATH/Models/Internship/InternshipStudentModel.php(101): CodeIgniter\Debug\Exceptions->errorHandler()
 2 SYSTEMPATH/BaseModel.php(1720): App\Models\Internship\InternshipStudentModel->setStatusStudents()
 3 SYSTEMPATH/BaseModel.php(1077): CodeIgniter\BaseModel->trigger()
 4 SYSTEMPATH/Model.php(706): CodeIgniter\BaseModel->update()
 5 APPPATH/Controllers/StudentController.php(248): CodeIgniter\Model->update()
 6 SYSTEMPATH/CodeIgniter.php(951): App\Controllers\StudentController->setIsActive()
 7 SYSTEMPATH/CodeIgniter.php(497): CodeIgniter\CodeIgniter->runController()
 8 SYSTEMPATH/CodeIgniter.php(340): CodeIgniter\CodeIgniter->handleRequest()
 9 SYSTEMPATH/Boot.php(417): CodeIgniter\CodeIgniter->run()
10 SYSTEMPATH/Boot.php(68): CodeIgniter\Boot::runCodeIgniter()
11 FCPATH/index.php(59): CodeIgniter\Boot::bootWeb()
12 SYSTEMPATH/rewrite.php(44): require_once('/home/gibekkk/Documents/Project/PHP/CodeIgniter/UCM-Absensi-Magang/public/index.php')
CRITICAL - 2026-04-06 11:39:42 --> Error: Call to a member function getInternship() on null
[Method: GET, Route: admin/api/students]
in APPPATH/Controllers/StudentController.php on line 71.
 1 SYSTEMPATH/CodeIgniter.php(951): App\Controllers\StudentController->getStudents()
 2 SYSTEMPATH/CodeIgniter.php(497): CodeIgniter\CodeIgniter->runController()
 3 SYSTEMPATH/CodeIgniter.php(340): CodeIgniter\CodeIgniter->handleRequest()
 4 SYSTEMPATH/Boot.php(417): CodeIgniter\CodeIgniter->run()
 5 SYSTEMPATH/Boot.php(68): CodeIgniter\Boot::runCodeIgniter()
 6 FCPATH/index.php(59): CodeIgniter\Boot::bootWeb()
 7 SYSTEMPATH/rewrite.php(44): require_once('/home/gibekkk/Documents/Project/PHP/CodeIgniter/UCM-Absensi-Magang/public/index.php')
CRITICAL - 2026-04-06 11:40:33 --> Error: Call to a member function getInternship() on null
[Method: GET, Route: admin/api/students]
in APPPATH/Controllers/StudentController.php on line 71.
 1 SYSTEMPATH/CodeIgniter.php(951): App\Controllers\StudentController->getStudents()
 2 SYSTEMPATH/CodeIgniter.php(497): CodeIgniter\CodeIgniter->runController()
 3 SYSTEMPATH/CodeIgniter.php(340): CodeIgniter\CodeIgniter->handleRequest()
 4 SYSTEMPATH/Boot.php(417): CodeIgniter\CodeIgniter->run()
 5 SYSTEMPATH/Boot.php(68): CodeIgniter\Boot::runCodeIgniter()
 6 FCPATH/index.php(59): CodeIgniter\Boot::bootWeb()
 7 SYSTEMPATH/rewrite.php(44): require_once('/home/gibekkk/Documents/Project/PHP/CodeIgniter/UCM-Absensi-Magang/public/index.php')
CRITICAL - 2026-04-06 11:41:26 --> Error: Call to a member function getInternship() on null
[Method: GET, Route: admin/api/students]
in APPPATH/Controllers/StudentController.php on line 71.
 1 SYSTEMPATH/CodeIgniter.php(951): App\Controllers\StudentController->getStudents()
 2 SYSTEMPATH/CodeIgniter.php(497): CodeIgniter\CodeIgniter->runController()
 3 SYSTEMPATH/CodeIgniter.php(340): CodeIgniter\CodeIgniter->handleRequest()
 4 SYSTEMPATH/Boot.php(417): CodeIgniter\CodeIgniter->run()
 5 SYSTEMPATH/Boot.php(68): CodeIgniter\Boot::runCodeIgniter()
 6 FCPATH/index.php(59): CodeIgniter\Boot::bootWeb()
 7 SYSTEMPATH/rewrite.php(44): require_once('/home/gibekkk/Documents/Project/PHP/CodeIgniter/UCM-Absensi-Magang/public/index.php')
CRITICAL - 2026-04-06 11:41:43 --> Error: Call to a member function getInternship() on null
[Method: GET, Route: admin/api/students]
in APPPATH/Controllers/StudentController.php on line 71.
 1 SYSTEMPATH/CodeIgniter.php(951): App\Controllers\StudentController->getStudents()
 2 SYSTEMPATH/CodeIgniter.php(497): CodeIgniter\CodeIgniter->runController()
 3 SYSTEMPATH/CodeIgniter.php(340): CodeIgniter\CodeIgniter->handleRequest()
 4 SYSTEMPATH/Boot.php(417): CodeIgniter\CodeIgniter->run()
 5 SYSTEMPATH/Boot.php(68): CodeIgniter\Boot::runCodeIgniter()
 6 FCPATH/index.php(59): CodeIgniter\Boot::bootWeb()
 7 SYSTEMPATH/rewrite.php(44): require_once('/home/gibekkk/Documents/Project/PHP/CodeIgniter/UCM-Absensi-Magang/public/index.php')
CRITICAL - 2026-04-06 11:45:24 --> ErrorException: Undefined array key "nim"
[Method: PATCH, Route: admin/api/students/setIsActive/019d5cb3-4630-703c-be7b-e85717498ae9/1]
in APPPATH/Controllers/StudentController.php on line 243.
 1 APPPATH/Controllers/StudentController.php(243): CodeIgniter\Debug\Exceptions->errorHandler()
 2 SYSTEMPATH/CodeIgniter.php(951): App\Controllers\StudentController->setIsActive()
 3 SYSTEMPATH/CodeIgniter.php(497): CodeIgniter\CodeIgniter->runController()
 4 SYSTEMPATH/CodeIgniter.php(340): CodeIgniter\CodeIgniter->handleRequest()
 5 SYSTEMPATH/Boot.php(417): CodeIgniter\CodeIgniter->run()
 6 SYSTEMPATH/Boot.php(68): CodeIgniter\Boot::runCodeIgniter()
 7 FCPATH/index.php(59): CodeIgniter\Boot::bootWeb()
 8 SYSTEMPATH/rewrite.php(44): require_once('/home/gibekkk/Documents/Project/PHP/CodeIgniter/UCM-Absensi-Magang/public/index.php')
CRITICAL - 2026-04-06 12:34:14 --> Error: Call to a member function getInternship() on null
[Method: GET, Route: admin/api/students]
in APPPATH/Controllers/StudentController.php on line 72.
 1 SYSTEMPATH/CodeIgniter.php(951): App\Controllers\StudentController->getStudents()
 2 SYSTEMPATH/CodeIgniter.php(497): CodeIgniter\CodeIgniter->runController()
 3 SYSTEMPATH/CodeIgniter.php(340): CodeIgniter\CodeIgniter->handleRequest()
 4 SYSTEMPATH/Boot.php(417): CodeIgniter\CodeIgniter->run()
 5 SYSTEMPATH/Boot.php(68): CodeIgniter\Boot::runCodeIgniter()
 6 FCPATH/index.php(59): CodeIgniter\Boot::bootWeb()
 7 SYSTEMPATH/rewrite.php(44): require_once('/home/gibekkk/Documents/Project/PHP/CodeIgniter/UCM-Absensi-Magang/public/index.php')
CRITICAL - 2026-04-06 12:38:23 --> ErrorException: Undefined array key "student_id"
[Method: PATCH, Route: admin/api/students/setIsActive/019d6111-ddec-7040-95b3-00c37faf0916/0]
in APPPATH/Models/Internship/InternshipStudentModel.php on line 101.
 1 APPPATH/Models/Internship/InternshipStudentModel.php(101): CodeIgniter\Debug\Exceptions->errorHandler()
 2 SYSTEMPATH/BaseModel.php(1720): App\Models\Internship\InternshipStudentModel->setStatusStudents()
 3 SYSTEMPATH/BaseModel.php(1077): CodeIgniter\BaseModel->trigger()
 4 SYSTEMPATH/Model.php(706): CodeIgniter\BaseModel->update()
 5 APPPATH/Controllers/StudentController.php(268): CodeIgniter\Model->update()
 6 SYSTEMPATH/CodeIgniter.php(951): App\Controllers\StudentController->setIsActive()
 7 SYSTEMPATH/CodeIgniter.php(497): CodeIgniter\CodeIgniter->runController()
 8 SYSTEMPATH/CodeIgniter.php(340): CodeIgniter\CodeIgniter->handleRequest()
 9 SYSTEMPATH/Boot.php(417): CodeIgniter\CodeIgniter->run()
10 SYSTEMPATH/Boot.php(68): CodeIgniter\Boot::runCodeIgniter()
11 FCPATH/index.php(59): CodeIgniter\Boot::bootWeb()
12 SYSTEMPATH/rewrite.php(44): require_once('/home/gibekkk/Documents/Project/PHP/CodeIgniter/UCM-Absensi-Magang/public/index.php')
CRITICAL - 2026-04-06 14:54:50 --> CodeIgniter\Exceptions\InvalidArgumentException: Invalid primary key: 0 is not allowed.
[Method: PATCH, Route: admin/api/internships/setIsActive/019d609b-8018-70a7-a34d-a6425f179d65/0]
in SYSTEMPATH/BaseModel.php on line 832.
 1 SYSTEMPATH/BaseModel.php(817): CodeIgniter\BaseModel->validateID()
 2 SYSTEMPATH/BaseModel.php(1039): CodeIgniter\BaseModel->validateID()
 3 SYSTEMPATH/Model.php(706): CodeIgniter\BaseModel->update()
 4 APPPATH/Models/Internship/InternshipModel.php(85): CodeIgniter\Model->update()
 5 SYSTEMPATH/BaseModel.php(1720): App\Models\Internship\InternshipModel->setStatusStudentInternships()
 6 SYSTEMPATH/BaseModel.php(1077): CodeIgniter\BaseModel->trigger()
 7 SYSTEMPATH/Model.php(706): CodeIgniter\BaseModel->update()
 8 APPPATH/Controllers/InternshipController.php(242): CodeIgniter\Model->update()
 9 SYSTEMPATH/CodeIgniter.php(951): App\Controllers\InternshipController->setIsActive()
10 SYSTEMPATH/CodeIgniter.php(497): CodeIgniter\CodeIgniter->runController()
11 SYSTEMPATH/CodeIgniter.php(340): CodeIgniter\CodeIgniter->handleRequest()
12 SYSTEMPATH/Boot.php(417): CodeIgniter\CodeIgniter->run()
13 SYSTEMPATH/Boot.php(68): CodeIgniter\Boot::runCodeIgniter()
14 FCPATH/index.php(59): CodeIgniter\Boot::bootWeb()
15 SYSTEMPATH/rewrite.php(44): require_once('/home/gibekkk/Documents/Project/PHP/CodeIgniter/UCM-Absensi-Magang/public/index.php')
CRITICAL - 2026-04-06 15:01:58 --> CodeIgniter\Exceptions\InvalidArgumentException: Invalid primary key: 0 is not allowed.
[Method: PATCH, Route: admin/api/internships/setIsActive/019d609b-8018-70a7-a34d-a6425f179d65/0]
in SYSTEMPATH/BaseModel.php on line 832.
 1 SYSTEMPATH/BaseModel.php(817): CodeIgniter\BaseModel->validateID()
 2 SYSTEMPATH/BaseModel.php(1039): CodeIgniter\BaseModel->validateID()
 3 SYSTEMPATH/Model.php(706): CodeIgniter\BaseModel->update()
 4 APPPATH/Models/Internship/InternshipModel.php(85): CodeIgniter\Model->update()
 5 SYSTEMPATH/BaseModel.php(1720): App\Models\Internship\InternshipModel->setStatusStudentInternships()
 6 SYSTEMPATH/BaseModel.php(1077): CodeIgniter\BaseModel->trigger()
 7 SYSTEMPATH/Model.php(706): CodeIgniter\BaseModel->update()
 8 APPPATH/Controllers/InternshipController.php(242): CodeIgniter\Model->update()
 9 SYSTEMPATH/CodeIgniter.php(951): App\Controllers\InternshipController->setIsActive()
10 SYSTEMPATH/CodeIgniter.php(497): CodeIgniter\CodeIgniter->runController()
11 SYSTEMPATH/CodeIgniter.php(340): CodeIgniter\CodeIgniter->handleRequest()
12 SYSTEMPATH/Boot.php(417): CodeIgniter\CodeIgniter->run()
13 SYSTEMPATH/Boot.php(68): CodeIgniter\Boot::runCodeIgniter()
14 FCPATH/index.php(59): CodeIgniter\Boot::bootWeb()
15 SYSTEMPATH/rewrite.php(44): require_once('/home/gibekkk/Documents/Project/PHP/CodeIgniter/UCM-Absensi-Magang/public/index.php')
ERROR - 2026-04-06 16:59:37 --> Table 'db_mstr.m_user' doesn't exist
in SYSTEMPATH/Database/MySQLi/Connection.php on line 300.
 1 SYSTEMPATH/Database/MySQLi/Connection.php(300): mysqli->query()
 2 SYSTEMPATH/Database/BaseConnection.php(769): CodeIgniter\Database\MySQLi\Connection->execute()
 3 SYSTEMPATH/Database/BaseConnection.php(686): CodeIgniter\Database\BaseConnection->simpleQuery()
 4 SYSTEMPATH/Database/BaseBuilder.php(1841): CodeIgniter\Database\BaseConnection->query()
 5 SYSTEMPATH/Database/BaseBuilder.php(2230): CodeIgniter\Database\BaseBuilder->batchExecute()
 6 APPPATH/Database/Seeds/UserSeeder.php(43): CodeIgniter\Database\BaseBuilder->insertBatch()
 7 SYSTEMPATH/Database/Seeder.php(155): App\Database\Seeds\UserSeeder->run()
 8 SYSTEMPATH/Commands/Database/Seed.php(79): CodeIgniter\Database\Seeder->call()
 9 SYSTEMPATH/CLI/Commands.php(74): CodeIgniter\Commands\Database\Seed->run()
10 SYSTEMPATH/CLI/Console.php(47): CodeIgniter\CLI\Commands->run()
11 SYSTEMPATH/Boot.php(442): CodeIgniter\CLI\Console->run()
12 SYSTEMPATH/Boot.php(166): CodeIgniter\Boot::runCommand()
13 ROOTPATH/spark(87): CodeIgniter\Boot::bootSpark()
CRITICAL - 2026-04-06 18:45:29 --> CodeIgniter\Database\Exceptions\DatabaseException: Deletes are not allowed unless they contain a "where" or "like" clause.
[Method: POST, Route: auth/logout]
in SYSTEMPATH/Database/BaseBuilder.php on line 2819.
 1 SYSTEMPATH/Model.php(442): CodeIgniter\Database\BaseBuilder->delete()
 2 SYSTEMPATH/BaseModel.php(1186): CodeIgniter\Model->doDelete()
 3 APPPATH/Controllers/AuthController.php(61): CodeIgniter\BaseModel->delete()
 4 SYSTEMPATH/CodeIgniter.php(951): App\Controllers\AuthController->processLogout()
 5 SYSTEMPATH/CodeIgniter.php(497): CodeIgniter\CodeIgniter->runController()
 6 SYSTEMPATH/CodeIgniter.php(340): CodeIgniter\CodeIgniter->handleRequest()
 7 SYSTEMPATH/Boot.php(417): CodeIgniter\CodeIgniter->run()
 8 SYSTEMPATH/Boot.php(68): CodeIgniter\Boot::runCodeIgniter()
 9 FCPATH/index.php(59): CodeIgniter\Boot::bootWeb()
10 SYSTEMPATH/rewrite.php(44): require_once('/home/gibekkk/Documents/Project/PHP/CodeIgniter/UCM-Absensi-Magang/public/index.php')
