CRITICAL - 2026-03-17 08:01:50 --> CodeIgniter\Exceptions\InvalidArgumentException: "default" is not a valid database connection group.
[Method: CLI, Route: migrate:rollback]
in SYSTEMPATH/Database/Config.php on line 70.
 1 SYSTEMPATH/Common.php(391): CodeIgniter\Database\Config::connect()
 2 SYSTEMPATH/Database/MigrationRunner.php(156): db_connect()
 3 SYSTEMPATH/Config/Services.php(421): CodeIgniter\Database\MigrationRunner->__construct()
 4 SYSTEMPATH/Config/BaseService.php(325): CodeIgniter\Config\Services::migrations()
 5 SYSTEMPATH/Config/BaseService.php(264): CodeIgniter\Config\BaseService::__callStatic()
 6 SYSTEMPATH/Config/Services.php(416): CodeIgniter\Config\BaseService::getSharedInstance()
 7 SYSTEMPATH/Config/BaseService.php(334): CodeIgniter\Config\Services::migrations()
 8 SYSTEMPATH/Config/BaseService.php(203): CodeIgniter\Config\BaseService::__callStatic()
 9 SYSTEMPATH/Common.php(1078): CodeIgniter\Config\BaseService::get()
10 SYSTEMPATH/Commands/Database/MigrateRollback.php(86): service()
11 SYSTEMPATH/CLI/Commands.php(74): CodeIgniter\Commands\Database\MigrateRollback->run()
12 SYSTEMPATH/CLI/Console.php(47): CodeIgniter\CLI\Commands->run()
13 SYSTEMPATH/Boot.php(442): CodeIgniter\CLI\Console->run()
14 SYSTEMPATH/Boot.php(166): CodeIgniter\Boot::runCommand()
15 ROOTPATH/spark(87): CodeIgniter\Boot::bootSpark()
ERROR - 2026-03-17 08:04:48 --> Unknown table 'db_internship.m_internship'
in SYSTEMPATH/Database/MySQLi/Connection.php on line 300.
 1 SYSTEMPATH/Database/MySQLi/Connection.php(300): mysqli->query()
 2 SYSTEMPATH/Database/BaseConnection.php(769): CodeIgniter\Database\MySQLi\Connection->execute()
 3 SYSTEMPATH/Database/BaseConnection.php(686): CodeIgniter\Database\BaseConnection->simpleQuery()
 4 SYSTEMPATH/Database/Forge.php(663): CodeIgniter\Database\BaseConnection->query()
 5 APPPATH/Database/Migrations/2026-03-16-102445_MigrateMagang.php(182): CodeIgniter\Database\Forge->dropTable()
 6 SYSTEMPATH/Database/MigrationRunner.php(1014): App\Database\Migrations\MigrateMagang->down()
 7 SYSTEMPATH/Database/MigrationRunner.php(323): CodeIgniter\Database\MigrationRunner->migrate()
 8 SYSTEMPATH/Commands/Database/MigrateRollback.php(105): CodeIgniter\Database\MigrationRunner->regress()
 9 SYSTEMPATH/CLI/SignalTrait.php(245): CodeIgniter\Commands\Database\MigrateRollback::CodeIgniter\Commands\Database\{closure}()
10 SYSTEMPATH/Commands/Database/MigrateRollback.php(104): CodeIgniter\Commands\Database\MigrateRollback->withSignalsBlocked()
11 SYSTEMPATH/CLI/Commands.php(74): CodeIgniter\Commands\Database\MigrateRollback->run()
12 SYSTEMPATH/CLI/Console.php(47): CodeIgniter\CLI\Commands->run()
13 SYSTEMPATH/Boot.php(442): CodeIgniter\CLI\Console->run()
14 SYSTEMPATH/Boot.php(166): CodeIgniter\Boot::runCommand()
15 ROOTPATH/spark(87): CodeIgniter\Boot::bootSpark()
