CRITICAL - 2026-03-16 10:33:24 --> Error: Undefined constant "CodeIgniter\Database\MySQLi\MYSQLI_STORE_RESULT"
[Method: CLI, Route: migrate]
in SYSTEMPATH/Database/Database.php on line 147.
 1 SYSTEMPATH/Database/Database.php(61): CodeIgniter\Database\Database->initDriver()
 2 SYSTEMPATH/Database/Config.php(82): CodeIgniter\Database\Database->load()
 3 SYSTEMPATH/Common.php(391): CodeIgniter\Database\Config::connect()
 4 SYSTEMPATH/Database/MigrationRunner.php(156): db_connect()
 5 SYSTEMPATH/Config/Services.php(421): CodeIgniter\Database\MigrationRunner->__construct()
 6 SYSTEMPATH/Config/BaseService.php(325): CodeIgniter\Config\Services::migrations()
 7 SYSTEMPATH/Config/BaseService.php(264): CodeIgniter\Config\BaseService::__callStatic()
 8 SYSTEMPATH/Config/Services.php(416): CodeIgniter\Config\BaseService::getSharedInstance()
 9 SYSTEMPATH/Config/BaseService.php(334): CodeIgniter\Config\Services::migrations()
10 SYSTEMPATH/Config/BaseService.php(203): CodeIgniter\Config\BaseService::__callStatic()
11 SYSTEMPATH/Common.php(1078): CodeIgniter\Config\BaseService::get()
12 SYSTEMPATH/Commands/Database/Migrate.php(73): service()
13 SYSTEMPATH/CLI/Commands.php(74): CodeIgniter\Commands\Database\Migrate->run()
14 SYSTEMPATH/CLI/Console.php(47): CodeIgniter\CLI\Commands->run()
15 SYSTEMPATH/Boot.php(442): CodeIgniter\CLI\Console->run()
16 SYSTEMPATH/Boot.php(166): CodeIgniter\Boot::runCommand()
17 ROOTPATH/spark(87): CodeIgniter\Boot::bootSpark()
CRITICAL - 2026-03-16 10:34:54 --> Error: Undefined constant "CodeIgniter\Database\MySQLi\MYSQLI_STORE_RESULT"
[Method: CLI, Route: migrate]
in SYSTEMPATH/Database/Database.php on line 147.
 1 SYSTEMPATH/Database/Database.php(61): CodeIgniter\Database\Database->initDriver()
 2 SYSTEMPATH/Database/Config.php(82): CodeIgniter\Database\Database->load()
 3 SYSTEMPATH/Common.php(391): CodeIgniter\Database\Config::connect()
 4 SYSTEMPATH/Database/MigrationRunner.php(156): db_connect()
 5 SYSTEMPATH/Config/Services.php(421): CodeIgniter\Database\MigrationRunner->__construct()
 6 SYSTEMPATH/Config/BaseService.php(325): CodeIgniter\Config\Services::migrations()
 7 SYSTEMPATH/Config/BaseService.php(264): CodeIgniter\Config\BaseService::__callStatic()
 8 SYSTEMPATH/Config/Services.php(416): CodeIgniter\Config\BaseService::getSharedInstance()
 9 SYSTEMPATH/Config/BaseService.php(334): CodeIgniter\Config\Services::migrations()
10 SYSTEMPATH/Config/BaseService.php(203): CodeIgniter\Config\BaseService::__callStatic()
11 SYSTEMPATH/Common.php(1078): CodeIgniter\Config\BaseService::get()
12 SYSTEMPATH/Commands/Database/Migrate.php(73): service()
13 SYSTEMPATH/CLI/Commands.php(74): CodeIgniter\Commands\Database\Migrate->run()
14 SYSTEMPATH/CLI/Console.php(47): CodeIgniter\CLI\Commands->run()
15 SYSTEMPATH/Boot.php(442): CodeIgniter\CLI\Console->run()
16 SYSTEMPATH/Boot.php(166): CodeIgniter\Boot::runCommand()
17 ROOTPATH/spark(87): CodeIgniter\Boot::bootSpark()
ERROR - 2026-03-16 10:35:49 --> Error connecting to the database: mysqli_sql_exception: No such file or directory in /home/gibekkk/Documents/Project/PHP/CodeIgniter/UCM-Absensi-Magang/vendor/codeigniter4/framework/system/Database/MySQLi/Connection.php:201
Stack trace:
#0 /home/gibekkk/Documents/Project/PHP/CodeIgniter/UCM-Absensi-Magang/vendor/codeigniter4/framework/system/Database/MySQLi/Connection.php(201): mysqli->real_connect()
#1 /home/gibekkk/Documents/Project/PHP/CodeIgniter/UCM-Absensi-Magang/vendor/codeigniter4/framework/system/Database/BaseConnection.php(419): CodeIgniter\Database\MySQLi\Connection->connect()
#2 /home/gibekkk/Documents/Project/PHP/CodeIgniter/UCM-Absensi-Magang/vendor/codeigniter4/framework/system/Database/BaseConnection.php(654): CodeIgniter\Database\BaseConnection->initialize()
#3 /home/gibekkk/Documents/Project/PHP/CodeIgniter/UCM-Absensi-Magang/vendor/codeigniter4/framework/system/Database/BaseConnection.php(1565): CodeIgniter\Database\BaseConnection->query()
#4 /home/gibekkk/Documents/Project/PHP/CodeIgniter/UCM-Absensi-Magang/vendor/codeigniter4/framework/system/Database/BaseConnection.php(1585): CodeIgniter\Database\BaseConnection->listTables()
#5 /home/gibekkk/Documents/Project/PHP/CodeIgniter/UCM-Absensi-Magang/vendor/codeigniter4/framework/system/Database/MigrationRunner.php(821): CodeIgniter\Database\BaseConnection->tableExists()
#6 /home/gibekkk/Documents/Project/PHP/CodeIgniter/UCM-Absensi-Magang/vendor/codeigniter4/framework/system/Database/MigrationRunner.php(173): CodeIgniter\Database\MigrationRunner->ensureTable()
#7 /home/gibekkk/Documents/Project/PHP/CodeIgniter/UCM-Absensi-Magang/vendor/codeigniter4/framework/system/Commands/Database/Migrate.php(89): CodeIgniter\Database\MigrationRunner->latest()
#8 /home/gibekkk/Documents/Project/PHP/CodeIgniter/UCM-Absensi-Magang/vendor/codeigniter4/framework/system/CLI/SignalTrait.php(245): CodeIgniter\Commands\Database\Migrate::CodeIgniter\Commands\Database\{closure}()
#9 /home/gibekkk/Documents/Project/PHP/CodeIgniter/UCM-Absensi-Magang/vendor/codeigniter4/framework/system/Commands/Database/Migrate.php(88): CodeIgniter\Commands\Database\Migrate->withSignalsBlocked()
#10 /home/gibekkk/Documents/Project/PHP/CodeIgniter/UCM-Absensi-Magang/vendor/codeigniter4/framework/system/CLI/Commands.php(74): CodeIgniter\Commands\Database\Migrate->run()
#11 /home/gibekkk/Documents/Project/PHP/CodeIgniter/UCM-Absensi-Magang/vendor/codeigniter4/framework/system/CLI/Console.php(47): CodeIgniter\CLI\Commands->run()
#12 /home/gibekkk/Documents/Project/PHP/CodeIgniter/UCM-Absensi-Magang/vendor/codeigniter4/framework/system/Boot.php(442): CodeIgniter\CLI\Console->run()
#13 /home/gibekkk/Documents/Project/PHP/CodeIgniter/UCM-Absensi-Magang/vendor/codeigniter4/framework/system/Boot.php(166): CodeIgniter\Boot::runCommand()
#14 /home/gibekkk/Documents/Project/PHP/CodeIgniter/UCM-Absensi-Magang/spark(87): CodeIgniter\Boot::bootSpark()
#15 {main}

Next CodeIgniter\Database\Exceptions\DatabaseException: No such file or directory in /home/gibekkk/Documents/Project/PHP/CodeIgniter/UCM-Absensi-Magang/vendor/codeigniter4/framework/system/Database/MySQLi/Connection.php:231
Stack trace:
#0 /home/gibekkk/Documents/Project/PHP/CodeIgniter/UCM-Absensi-Magang/vendor/codeigniter4/framework/system/Database/BaseConnection.php(419): CodeIgniter\Database\MySQLi\Connection->connect()
#1 /home/gibekkk/Documents/Project/PHP/CodeIgniter/UCM-Absensi-Magang/vendor/codeigniter4/framework/system/Database/BaseConnection.php(654): CodeIgniter\Database\BaseConnection->initialize()
#2 /home/gibekkk/Documents/Project/PHP/CodeIgniter/UCM-Absensi-Magang/vendor/codeigniter4/framework/system/Database/BaseConnection.php(1565): CodeIgniter\Database\BaseConnection->query()
#3 /home/gibekkk/Documents/Project/PHP/CodeIgniter/UCM-Absensi-Magang/vendor/codeigniter4/framework/system/Database/BaseConnection.php(1585): CodeIgniter\Database\BaseConnection->listTables()
#4 /home/gibekkk/Documents/Project/PHP/CodeIgniter/UCM-Absensi-Magang/vendor/codeigniter4/framework/system/Database/MigrationRunner.php(821): CodeIgniter\Database\BaseConnection->tableExists()
#5 /home/gibekkk/Documents/Project/PHP/CodeIgniter/UCM-Absensi-Magang/vendor/codeigniter4/framework/system/Database/MigrationRunner.php(173): CodeIgniter\Database\MigrationRunner->ensureTable()
#6 /home/gibekkk/Documents/Project/PHP/CodeIgniter/UCM-Absensi-Magang/vendor/codeigniter4/framework/system/Commands/Database/Migrate.php(89): CodeIgniter\Database\MigrationRunner->latest()
#7 /home/gibekkk/Documents/Project/PHP/CodeIgniter/UCM-Absensi-Magang/vendor/codeigniter4/framework/system/CLI/SignalTrait.php(245): CodeIgniter\Commands\Database\Migrate::CodeIgniter\Commands\Database\{closure}()
#8 /home/gibekkk/Documents/Project/PHP/CodeIgniter/UCM-Absensi-Magang/vendor/codeigniter4/framework/system/Commands/Database/Migrate.php(88): CodeIgniter\Commands\Database\Migrate->withSignalsBlocked()
#9 /home/gibekkk/Documents/Project/PHP/CodeIgniter/UCM-Absensi-Magang/vendor/codeigniter4/framework/system/CLI/Commands.php(74): CodeIgniter\Commands\Database\Migrate->run()
#10 /home/gibekkk/Documents/Project/PHP/CodeIgniter/UCM-Absensi-Magang/vendor/codeigniter4/framework/system/CLI/Console.php(47): CodeIgniter\CLI\Commands->run()
#11 /home/gibekkk/Documents/Project/PHP/CodeIgniter/UCM-Absensi-Magang/vendor/codeigniter4/framework/system/Boot.php(442): CodeIgniter\CLI\Console->run()
#12 /home/gibekkk/Documents/Project/PHP/CodeIgniter/UCM-Absensi-Magang/vendor/codeigniter4/framework/system/Boot.php(166): CodeIgniter\Boot::runCommand()
#13 /home/gibekkk/Documents/Project/PHP/CodeIgniter/UCM-Absensi-Magang/spark(87): CodeIgniter\Boot::bootSpark()
#14 {main}
ERROR - 2026-03-16 10:38:20 --> Error connecting to the database: mysqli_sql_exception: No such file or directory in /home/gibekkk/Documents/Project/PHP/CodeIgniter/UCM-Absensi-Magang/vendor/codeigniter4/framework/system/Database/MySQLi/Connection.php:201
Stack trace:
#0 /home/gibekkk/Documents/Project/PHP/CodeIgniter/UCM-Absensi-Magang/vendor/codeigniter4/framework/system/Database/MySQLi/Connection.php(201): mysqli->real_connect()
#1 /home/gibekkk/Documents/Project/PHP/CodeIgniter/UCM-Absensi-Magang/vendor/codeigniter4/framework/system/Database/BaseConnection.php(419): CodeIgniter\Database\MySQLi\Connection->connect()
#2 /home/gibekkk/Documents/Project/PHP/CodeIgniter/UCM-Absensi-Magang/vendor/codeigniter4/framework/system/Database/BaseConnection.php(654): CodeIgniter\Database\BaseConnection->initialize()
#3 /home/gibekkk/Documents/Project/PHP/CodeIgniter/UCM-Absensi-Magang/vendor/codeigniter4/framework/system/Database/BaseConnection.php(1565): CodeIgniter\Database\BaseConnection->query()
#4 /home/gibekkk/Documents/Project/PHP/CodeIgniter/UCM-Absensi-Magang/vendor/codeigniter4/framework/system/Database/BaseConnection.php(1585): CodeIgniter\Database\BaseConnection->listTables()
#5 /home/gibekkk/Documents/Project/PHP/CodeIgniter/UCM-Absensi-Magang/vendor/codeigniter4/framework/system/Database/MigrationRunner.php(821): CodeIgniter\Database\BaseConnection->tableExists()
#6 /home/gibekkk/Documents/Project/PHP/CodeIgniter/UCM-Absensi-Magang/vendor/codeigniter4/framework/system/Database/MigrationRunner.php(173): CodeIgniter\Database\MigrationRunner->ensureTable()
#7 /home/gibekkk/Documents/Project/PHP/CodeIgniter/UCM-Absensi-Magang/vendor/codeigniter4/framework/system/Commands/Database/Migrate.php(89): CodeIgniter\Database\MigrationRunner->latest()
#8 /home/gibekkk/Documents/Project/PHP/CodeIgniter/UCM-Absensi-Magang/vendor/codeigniter4/framework/system/CLI/SignalTrait.php(245): CodeIgniter\Commands\Database\Migrate::CodeIgniter\Commands\Database\{closure}()
#9 /home/gibekkk/Documents/Project/PHP/CodeIgniter/UCM-Absensi-Magang/vendor/codeigniter4/framework/system/Commands/Database/Migrate.php(88): CodeIgniter\Commands\Database\Migrate->withSignalsBlocked()
#10 /home/gibekkk/Documents/Project/PHP/CodeIgniter/UCM-Absensi-Magang/vendor/codeigniter4/framework/system/CLI/Commands.php(74): CodeIgniter\Commands\Database\Migrate->run()
#11 /home/gibekkk/Documents/Project/PHP/CodeIgniter/UCM-Absensi-Magang/vendor/codeigniter4/framework/system/CLI/Console.php(47): CodeIgniter\CLI\Commands->run()
#12 /home/gibekkk/Documents/Project/PHP/CodeIgniter/UCM-Absensi-Magang/vendor/codeigniter4/framework/system/Boot.php(442): CodeIgniter\CLI\Console->run()
#13 /home/gibekkk/Documents/Project/PHP/CodeIgniter/UCM-Absensi-Magang/vendor/codeigniter4/framework/system/Boot.php(166): CodeIgniter\Boot::runCommand()
#14 /home/gibekkk/Documents/Project/PHP/CodeIgniter/UCM-Absensi-Magang/spark(87): CodeIgniter\Boot::bootSpark()
#15 {main}

Next CodeIgniter\Database\Exceptions\DatabaseException: No such file or directory in /home/gibekkk/Documents/Project/PHP/CodeIgniter/UCM-Absensi-Magang/vendor/codeigniter4/framework/system/Database/MySQLi/Connection.php:231
Stack trace:
#0 /home/gibekkk/Documents/Project/PHP/CodeIgniter/UCM-Absensi-Magang/vendor/codeigniter4/framework/system/Database/BaseConnection.php(419): CodeIgniter\Database\MySQLi\Connection->connect()
#1 /home/gibekkk/Documents/Project/PHP/CodeIgniter/UCM-Absensi-Magang/vendor/codeigniter4/framework/system/Database/BaseConnection.php(654): CodeIgniter\Database\BaseConnection->initialize()
#2 /home/gibekkk/Documents/Project/PHP/CodeIgniter/UCM-Absensi-Magang/vendor/codeigniter4/framework/system/Database/BaseConnection.php(1565): CodeIgniter\Database\BaseConnection->query()
#3 /home/gibekkk/Documents/Project/PHP/CodeIgniter/UCM-Absensi-Magang/vendor/codeigniter4/framework/system/Database/BaseConnection.php(1585): CodeIgniter\Database\BaseConnection->listTables()
#4 /home/gibekkk/Documents/Project/PHP/CodeIgniter/UCM-Absensi-Magang/vendor/codeigniter4/framework/system/Database/MigrationRunner.php(821): CodeIgniter\Database\BaseConnection->tableExists()
#5 /home/gibekkk/Documents/Project/PHP/CodeIgniter/UCM-Absensi-Magang/vendor/codeigniter4/framework/system/Database/MigrationRunner.php(173): CodeIgniter\Database\MigrationRunner->ensureTable()
#6 /home/gibekkk/Documents/Project/PHP/CodeIgniter/UCM-Absensi-Magang/vendor/codeigniter4/framework/system/Commands/Database/Migrate.php(89): CodeIgniter\Database\MigrationRunner->latest()
#7 /home/gibekkk/Documents/Project/PHP/CodeIgniter/UCM-Absensi-Magang/vendor/codeigniter4/framework/system/CLI/SignalTrait.php(245): CodeIgniter\Commands\Database\Migrate::CodeIgniter\Commands\Database\{closure}()
#8 /home/gibekkk/Documents/Project/PHP/CodeIgniter/UCM-Absensi-Magang/vendor/codeigniter4/framework/system/Commands/Database/Migrate.php(88): CodeIgniter\Commands\Database\Migrate->withSignalsBlocked()
#9 /home/gibekkk/Documents/Project/PHP/CodeIgniter/UCM-Absensi-Magang/vendor/codeigniter4/framework/system/CLI/Commands.php(74): CodeIgniter\Commands\Database\Migrate->run()
#10 /home/gibekkk/Documents/Project/PHP/CodeIgniter/UCM-Absensi-Magang/vendor/codeigniter4/framework/system/CLI/Console.php(47): CodeIgniter\CLI\Commands->run()
#11 /home/gibekkk/Documents/Project/PHP/CodeIgniter/UCM-Absensi-Magang/vendor/codeigniter4/framework/system/Boot.php(442): CodeIgniter\CLI\Console->run()
#12 /home/gibekkk/Documents/Project/PHP/CodeIgniter/UCM-Absensi-Magang/vendor/codeigniter4/framework/system/Boot.php(166): CodeIgniter\Boot::runCommand()
#13 /home/gibekkk/Documents/Project/PHP/CodeIgniter/UCM-Absensi-Magang/spark(87): CodeIgniter\Boot::bootSpark()
#14 {main}
ERROR - 2026-03-16 10:55:46 --> Invalid default value for 'created_date'
in SYSTEMPATH/Database/MySQLi/Connection.php on line 300.
 1 SYSTEMPATH/Database/MySQLi/Connection.php(300): mysqli->query()
 2 SYSTEMPATH/Database/BaseConnection.php(769): CodeIgniter\Database\MySQLi\Connection->execute()
 3 SYSTEMPATH/Database/BaseConnection.php(686): CodeIgniter\Database\BaseConnection->simpleQuery()
 4 SYSTEMPATH/Database/Forge.php(570): CodeIgniter\Database\BaseConnection->query()
 5 APPPATH/Database/Migrations/2026-03-16-102424_MigrateMaster.php(76): CodeIgniter\Database\Forge->createTable()
 6 SYSTEMPATH/Database/MigrationRunner.php(1014): App\Database\Migrations\MigrateMaster->up()
 7 SYSTEMPATH/Database/MigrationRunner.php(202): CodeIgniter\Database\MigrationRunner->migrate()
 8 SYSTEMPATH/Commands/Database/Migrate.php(89): CodeIgniter\Database\MigrationRunner->latest()
 9 SYSTEMPATH/CLI/SignalTrait.php(245): CodeIgniter\Commands\Database\Migrate::CodeIgniter\Commands\Database\{closure}()
10 SYSTEMPATH/Commands/Database/Migrate.php(88): CodeIgniter\Commands\Database\Migrate->withSignalsBlocked()
11 SYSTEMPATH/CLI/Commands.php(74): CodeIgniter\Commands\Database\Migrate->run()
12 SYSTEMPATH/CLI/Console.php(47): CodeIgniter\CLI\Commands->run()
13 SYSTEMPATH/Boot.php(442): CodeIgniter\CLI\Console->run()
14 SYSTEMPATH/Boot.php(166): CodeIgniter\Boot::runCommand()
15 ROOTPATH/spark(87): CodeIgniter\Boot::bootSpark()
ERROR - 2026-03-16 10:58:48 --> Invalid default value for 'created_date'
in SYSTEMPATH/Database/MySQLi/Connection.php on line 300.
 1 SYSTEMPATH/Database/MySQLi/Connection.php(300): mysqli->query()
 2 SYSTEMPATH/Database/BaseConnection.php(769): CodeIgniter\Database\MySQLi\Connection->execute()
 3 SYSTEMPATH/Database/BaseConnection.php(686): CodeIgniter\Database\BaseConnection->simpleQuery()
 4 SYSTEMPATH/Database/Forge.php(570): CodeIgniter\Database\BaseConnection->query()
 5 APPPATH/Database/Migrations/2026-03-16-102424_MigrateMaster.php(76): CodeIgniter\Database\Forge->createTable()
 6 SYSTEMPATH/Database/MigrationRunner.php(1014): App\Database\Migrations\MigrateMaster->up()
 7 SYSTEMPATH/Database/MigrationRunner.php(202): CodeIgniter\Database\MigrationRunner->migrate()
 8 SYSTEMPATH/Commands/Database/Migrate.php(89): CodeIgniter\Database\MigrationRunner->latest()
 9 SYSTEMPATH/CLI/SignalTrait.php(245): CodeIgniter\Commands\Database\Migrate::CodeIgniter\Commands\Database\{closure}()
10 SYSTEMPATH/Commands/Database/Migrate.php(88): CodeIgniter\Commands\Database\Migrate->withSignalsBlocked()
11 SYSTEMPATH/CLI/Commands.php(74): CodeIgniter\Commands\Database\Migrate->run()
12 SYSTEMPATH/CLI/Console.php(47): CodeIgniter\CLI\Commands->run()
13 SYSTEMPATH/Boot.php(442): CodeIgniter\CLI\Console->run()
14 SYSTEMPATH/Boot.php(166): CodeIgniter\Boot::runCommand()
15 ROOTPATH/spark(87): CodeIgniter\Boot::bootSpark()
ERROR - 2026-03-16 11:03:45 --> Error connecting to the database: mysqli_sql_exception: Unknown database 'db_internship' in /home/gibekkk/Documents/Project/PHP/CodeIgniter/UCM-Absensi-Magang/vendor/codeigniter4/framework/system/Database/MySQLi/Connection.php:201
Stack trace:
#0 /home/gibekkk/Documents/Project/PHP/CodeIgniter/UCM-Absensi-Magang/vendor/codeigniter4/framework/system/Database/MySQLi/Connection.php(201): mysqli->real_connect()
#1 /home/gibekkk/Documents/Project/PHP/CodeIgniter/UCM-Absensi-Magang/vendor/codeigniter4/framework/system/Database/BaseConnection.php(419): CodeIgniter\Database\MySQLi\Connection->connect()
#2 /home/gibekkk/Documents/Project/PHP/CodeIgniter/UCM-Absensi-Magang/vendor/codeigniter4/framework/system/Database/BaseConnection.php(654): CodeIgniter\Database\BaseConnection->initialize()
#3 /home/gibekkk/Documents/Project/PHP/CodeIgniter/UCM-Absensi-Magang/vendor/codeigniter4/framework/system/Database/BaseConnection.php(1565): CodeIgniter\Database\BaseConnection->query()
#4 /home/gibekkk/Documents/Project/PHP/CodeIgniter/UCM-Absensi-Magang/vendor/codeigniter4/framework/system/Database/BaseConnection.php(1585): CodeIgniter\Database\BaseConnection->listTables()
#5 /home/gibekkk/Documents/Project/PHP/CodeIgniter/UCM-Absensi-Magang/vendor/codeigniter4/framework/system/Database/MigrationRunner.php(821): CodeIgniter\Database\BaseConnection->tableExists()
#6 /home/gibekkk/Documents/Project/PHP/CodeIgniter/UCM-Absensi-Magang/vendor/codeigniter4/framework/system/Database/MigrationRunner.php(173): CodeIgniter\Database\MigrationRunner->ensureTable()
#7 /home/gibekkk/Documents/Project/PHP/CodeIgniter/UCM-Absensi-Magang/vendor/codeigniter4/framework/system/Commands/Database/Migrate.php(89): CodeIgniter\Database\MigrationRunner->latest()
#8 /home/gibekkk/Documents/Project/PHP/CodeIgniter/UCM-Absensi-Magang/vendor/codeigniter4/framework/system/CLI/SignalTrait.php(245): CodeIgniter\Commands\Database\Migrate::CodeIgniter\Commands\Database\{closure}()
#9 /home/gibekkk/Documents/Project/PHP/CodeIgniter/UCM-Absensi-Magang/vendor/codeigniter4/framework/system/Commands/Database/Migrate.php(88): CodeIgniter\Commands\Database\Migrate->withSignalsBlocked()
#10 /home/gibekkk/Documents/Project/PHP/CodeIgniter/UCM-Absensi-Magang/vendor/codeigniter4/framework/system/CLI/Commands.php(74): CodeIgniter\Commands\Database\Migrate->run()
#11 /home/gibekkk/Documents/Project/PHP/CodeIgniter/UCM-Absensi-Magang/vendor/codeigniter4/framework/system/CLI/Console.php(47): CodeIgniter\CLI\Commands->run()
#12 /home/gibekkk/Documents/Project/PHP/CodeIgniter/UCM-Absensi-Magang/vendor/codeigniter4/framework/system/Boot.php(442): CodeIgniter\CLI\Console->run()
#13 /home/gibekkk/Documents/Project/PHP/CodeIgniter/UCM-Absensi-Magang/vendor/codeigniter4/framework/system/Boot.php(166): CodeIgniter\Boot::runCommand()
#14 /home/gibekkk/Documents/Project/PHP/CodeIgniter/UCM-Absensi-Magang/spark(87): CodeIgniter\Boot::bootSpark()
#15 {main}

Next CodeIgniter\Database\Exceptions\DatabaseException: Unknown database 'db_internship' in /home/gibekkk/Documents/Project/PHP/CodeIgniter/UCM-Absensi-Magang/vendor/codeigniter4/framework/system/Database/MySQLi/Connection.php:231
Stack trace:
#0 /home/gibekkk/Documents/Project/PHP/CodeIgniter/UCM-Absensi-Magang/vendor/codeigniter4/framework/system/Database/BaseConnection.php(419): CodeIgniter\Database\MySQLi\Connection->connect()
#1 /home/gibekkk/Documents/Project/PHP/CodeIgniter/UCM-Absensi-Magang/vendor/codeigniter4/framework/system/Database/BaseConnection.php(654): CodeIgniter\Database\BaseConnection->initialize()
#2 /home/gibekkk/Documents/Project/PHP/CodeIgniter/UCM-Absensi-Magang/vendor/codeigniter4/framework/system/Database/BaseConnection.php(1565): CodeIgniter\Database\BaseConnection->query()
#3 /home/gibekkk/Documents/Project/PHP/CodeIgniter/UCM-Absensi-Magang/vendor/codeigniter4/framework/system/Database/BaseConnection.php(1585): CodeIgniter\Database\BaseConnection->listTables()
#4 /home/gibekkk/Documents/Project/PHP/CodeIgniter/UCM-Absensi-Magang/vendor/codeigniter4/framework/system/Database/MigrationRunner.php(821): CodeIgniter\Database\BaseConnection->tableExists()
#5 /home/gibekkk/Documents/Project/PHP/CodeIgniter/UCM-Absensi-Magang/vendor/codeigniter4/framework/system/Database/MigrationRunner.php(173): CodeIgniter\Database\MigrationRunner->ensureTable()
#6 /home/gibekkk/Documents/Project/PHP/CodeIgniter/UCM-Absensi-Magang/vendor/codeigniter4/framework/system/Commands/Database/Migrate.php(89): CodeIgniter\Database\MigrationRunner->latest()
#7 /home/gibekkk/Documents/Project/PHP/CodeIgniter/UCM-Absensi-Magang/vendor/codeigniter4/framework/system/CLI/SignalTrait.php(245): CodeIgniter\Commands\Database\Migrate::CodeIgniter\Commands\Database\{closure}()
#8 /home/gibekkk/Documents/Project/PHP/CodeIgniter/UCM-Absensi-Magang/vendor/codeigniter4/framework/system/Commands/Database/Migrate.php(88): CodeIgniter\Commands\Database\Migrate->withSignalsBlocked()
#9 /home/gibekkk/Documents/Project/PHP/CodeIgniter/UCM-Absensi-Magang/vendor/codeigniter4/framework/system/CLI/Commands.php(74): CodeIgniter\Commands\Database\Migrate->run()
#10 /home/gibekkk/Documents/Project/PHP/CodeIgniter/UCM-Absensi-Magang/vendor/codeigniter4/framework/system/CLI/Console.php(47): CodeIgniter\CLI\Commands->run()
#11 /home/gibekkk/Documents/Project/PHP/CodeIgniter/UCM-Absensi-Magang/vendor/codeigniter4/framework/system/Boot.php(442): CodeIgniter\CLI\Console->run()
#12 /home/gibekkk/Documents/Project/PHP/CodeIgniter/UCM-Absensi-Magang/vendor/codeigniter4/framework/system/Boot.php(166): CodeIgniter\Boot::runCommand()
#13 /home/gibekkk/Documents/Project/PHP/CodeIgniter/UCM-Absensi-Magang/spark(87): CodeIgniter\Boot::bootSpark()
#14 {main}
