CRITICAL - 2026-04-04 18:03:08 --> CodeIgniter\Database\Exceptions\DatabaseException: Deletes are not allowed unless they contain a "where" or "like" clause.
[Method: POST, Route: auth/logout]
in SYSTEMPATH/Database/BaseBuilder.php on line 2819.
 1 SYSTEMPATH/Model.php(442): CodeIgniter\Database\BaseBuilder->delete()
 2 SYSTEMPATH/BaseModel.php(1186): CodeIgniter\Model->doDelete()
 3 APPPATH/Controllers/AuthController.php(61): CodeIgniter\BaseModel->delete()
 4 SYSTEMPATH/CodeIgniter.php(951): App\Controllers\AuthController->processLogout()
 5 SYSTEMPATH/CodeIgniter.php(497): CodeIgniter\CodeIgniter->runController()
 6 SYSTEMPATH/CodeIgniter.php(340): CodeIgniter\CodeIgniter->handleRequest()
 7 SYSTEMPATH/Boot.php(417): CodeIgniter\CodeIgniter->run()
 8 SYSTEMPATH/Boot.php(68): CodeIgniter\Boot::runCodeIgniter()
 9 FCPATH/index.php(59): CodeIgniter\Boot::bootWeb()
10 SYSTEMPATH/rewrite.php(44): require_once('/home/gibekkk/Documents/Project/PHP/CodeIgniter/UCM-Absensi-Magang/public/index.php')
CRITICAL - 2026-04-04 18:03:13 --> CodeIgniter\Exceptions\InvalidArgumentException: "master" is not a valid database connection group.
[Method: POST, Route: auth/login]
in SYSTEMPATH/Database/Config.php on line 70.
 1 SYSTEMPATH/Model.php(151): CodeIgniter\Database\Config::connect()
 2 APPPATH/Controllers/AuthController.php(18): CodeIgniter\Model->__construct()
 3 SYSTEMPATH/CodeIgniter.php(951): App\Controllers\AuthController->processLogin()
 4 SYSTEMPATH/CodeIgniter.php(497): CodeIgniter\CodeIgniter->runController()
 5 SYSTEMPATH/CodeIgniter.php(340): CodeIgniter\CodeIgniter->handleRequest()
 6 SYSTEMPATH/Boot.php(417): CodeIgniter\CodeIgniter->run()
 7 SYSTEMPATH/Boot.php(68): CodeIgniter\Boot::runCodeIgniter()
 8 FCPATH/index.php(59): CodeIgniter\Boot::bootWeb()
 9 SYSTEMPATH/rewrite.php(44): require_once('/home/gibekkk/Documents/Project/PHP/CodeIgniter/UCM-Absensi-Magang/public/index.php')
CRITICAL - 2026-04-04 18:05:45 --> CodeIgniter\Exceptions\InvalidArgumentException: "master" is not a valid database connection group.
[Method: POST, Route: auth/login]
in SYSTEMPATH/Database/Config.php on line 70.
 1 SYSTEMPATH/Model.php(151): CodeIgniter\Database\Config::connect()
 2 APPPATH/Controllers/AuthController.php(18): CodeIgniter\Model->__construct()
 3 SYSTEMPATH/CodeIgniter.php(951): App\Controllers\AuthController->processLogin()
 4 SYSTEMPATH/CodeIgniter.php(497): CodeIgniter\CodeIgniter->runController()
 5 SYSTEMPATH/CodeIgniter.php(340): CodeIgniter\CodeIgniter->handleRequest()
 6 SYSTEMPATH/Boot.php(417): CodeIgniter\CodeIgniter->run()
 7 SYSTEMPATH/Boot.php(68): CodeIgniter\Boot::runCodeIgniter()
 8 FCPATH/index.php(59): CodeIgniter\Boot::bootWeb()
 9 SYSTEMPATH/rewrite.php(44): require_once('/home/gibekkk/Documents/Project/PHP/CodeIgniter/UCM-Absensi-Magang/public/index.php')
CRITICAL - 2026-04-04 18:08:52 --> Error: Call to a member function where() on null
[Method: GET, Route: admin/api/students]
in APPPATH/Entities/Master/StudentEntity.php on line 23.
 1 APPPATH/Controllers/StudentController.php(71): App\Entities\Master\StudentEntity->getInternshipStudent()
 2 SYSTEMPATH/CodeIgniter.php(951): App\Controllers\StudentController->getStudents()
 3 SYSTEMPATH/CodeIgniter.php(497): CodeIgniter\CodeIgniter->runController()
 4 SYSTEMPATH/CodeIgniter.php(340): CodeIgniter\CodeIgniter->handleRequest()
 5 SYSTEMPATH/Boot.php(417): CodeIgniter\CodeIgniter->run()
 6 SYSTEMPATH/Boot.php(68): CodeIgniter\Boot::runCodeIgniter()
 7 FCPATH/index.php(59): CodeIgniter\Boot::bootWeb()
 8 SYSTEMPATH/rewrite.php(44): require_once('/home/gibekkk/Documents/Project/PHP/CodeIgniter/UCM-Absensi-Magang/public/index.php')
CRITICAL - 2026-04-04 18:08:58 --> Error: Call to a member function where() on null
[Method: GET, Route: admin/api/students]
in APPPATH/Entities/Master/StudentEntity.php on line 23.
 1 APPPATH/Controllers/StudentController.php(71): App\Entities\Master\StudentEntity->getInternshipStudent()
 2 SYSTEMPATH/CodeIgniter.php(951): App\Controllers\StudentController->getStudents()
 3 SYSTEMPATH/CodeIgniter.php(497): CodeIgniter\CodeIgniter->runController()
 4 SYSTEMPATH/CodeIgniter.php(340): CodeIgniter\CodeIgniter->handleRequest()
 5 SYSTEMPATH/Boot.php(417): CodeIgniter\CodeIgniter->run()
 6 SYSTEMPATH/Boot.php(68): CodeIgniter\Boot::runCodeIgniter()
 7 FCPATH/index.php(59): CodeIgniter\Boot::bootWeb()
 8 SYSTEMPATH/rewrite.php(44): require_once('/home/gibekkk/Documents/Project/PHP/CodeIgniter/UCM-Absensi-Magang/public/index.php')
ERROR - 2026-04-04 18:35:34 --> Table 'db_mstr.m_internship_student' doesn't exist
in SYSTEMPATH/Database/MySQLi/Connection.php on line 300.
 1 SYSTEMPATH/Database/MySQLi/Connection.php(300): mysqli->query()
 2 SYSTEMPATH/Database/BaseConnection.php(769): CodeIgniter\Database\MySQLi\Connection->execute()
 3 SYSTEMPATH/Database/BaseConnection.php(686): CodeIgniter\Database\BaseConnection->simpleQuery()
 4 SYSTEMPATH/Database/BaseBuilder.php(1649): CodeIgniter\Database\BaseConnection->query()
 5 APPPATH/Models/Internship/InternshipModel.php(86): CodeIgniter\Database\BaseBuilder->get()
 6 SYSTEMPATH/BaseModel.php(1720): App\Models\Internship\InternshipModel->setStatusStudentInternships()
 7 SYSTEMPATH/BaseModel.php(1077): CodeIgniter\BaseModel->trigger()
 8 SYSTEMPATH/Model.php(706): CodeIgniter\BaseModel->update()
 9 APPPATH/Controllers/InternshipController.php(195): CodeIgniter\Model->update()
10 SYSTEMPATH/CodeIgniter.php(951): App\Controllers\InternshipController->editInternship()
11 SYSTEMPATH/CodeIgniter.php(497): CodeIgniter\CodeIgniter->runController()
12 SYSTEMPATH/CodeIgniter.php(340): CodeIgniter\CodeIgniter->handleRequest()
13 SYSTEMPATH/Boot.php(417): CodeIgniter\CodeIgniter->run()
14 SYSTEMPATH/Boot.php(68): CodeIgniter\Boot::runCodeIgniter()
15 FCPATH/index.php(59): CodeIgniter\Boot::bootWeb()
16 SYSTEMPATH/rewrite.php(44): require_once('/home/gibekkk/Documents/Project/PHP/CodeIgniter/UCM-Absensi-Magang/public/index.php')
CRITICAL - 2026-04-04 18:35:34 --> CodeIgniter\Database\Exceptions\DatabaseException: Table 'db_mstr.m_internship_student' doesn't exist
[Method: PUT, Route: admin/api/internships/019d4d0f-639d-713b-b4d7-270504aee67a]
in SYSTEMPATH/Database/BaseConnection.php on line 724.
 1 SYSTEMPATH/Database/BaseBuilder.php(1649): CodeIgniter\Database\BaseConnection->query()
 2 APPPATH/Models/Internship/InternshipModel.php(86): CodeIgniter\Database\BaseBuilder->get()
 3 SYSTEMPATH/BaseModel.php(1720): App\Models\Internship\InternshipModel->setStatusStudentInternships()
 4 SYSTEMPATH/BaseModel.php(1077): CodeIgniter\BaseModel->trigger()
 5 SYSTEMPATH/Model.php(706): CodeIgniter\BaseModel->update()
 6 APPPATH/Controllers/InternshipController.php(195): CodeIgniter\Model->update()
 7 SYSTEMPATH/CodeIgniter.php(951): App\Controllers\InternshipController->editInternship()
 8 SYSTEMPATH/CodeIgniter.php(497): CodeIgniter\CodeIgniter->runController()
 9 SYSTEMPATH/CodeIgniter.php(340): CodeIgniter\CodeIgniter->handleRequest()
10 SYSTEMPATH/Boot.php(417): CodeIgniter\CodeIgniter->run()
11 SYSTEMPATH/Boot.php(68): CodeIgniter\Boot::runCodeIgniter()
12 FCPATH/index.php(59): CodeIgniter\Boot::bootWeb()
13 SYSTEMPATH/rewrite.php(44): require_once('/home/gibekkk/Documents/Project/PHP/CodeIgniter/UCM-Absensi-Magang/public/index.php')
CRITICAL - 2026-04-04 18:35:34 --> [Caused by] CodeIgniter\Database\Exceptions\DatabaseException: Table 'db_mstr.m_internship_student' doesn't exist
in SYSTEMPATH/Database/MySQLi/Connection.php on line 310.
 1 SYSTEMPATH/Database/BaseConnection.php(769): CodeIgniter\Database\MySQLi\Connection->execute()
 2 SYSTEMPATH/Database/BaseConnection.php(686): CodeIgniter\Database\BaseConnection->simpleQuery()
 3 SYSTEMPATH/Database/BaseBuilder.php(1649): CodeIgniter\Database\BaseConnection->query()
 4 APPPATH/Models/Internship/InternshipModel.php(86): CodeIgniter\Database\BaseBuilder->get()
 5 SYSTEMPATH/BaseModel.php(1720): App\Models\Internship\InternshipModel->setStatusStudentInternships()
 6 SYSTEMPATH/BaseModel.php(1077): CodeIgniter\BaseModel->trigger()
 7 SYSTEMPATH/Model.php(706): CodeIgniter\BaseModel->update()
 8 APPPATH/Controllers/InternshipController.php(195): CodeIgniter\Model->update()
 9 SYSTEMPATH/CodeIgniter.php(951): App\Controllers\InternshipController->editInternship()
10 SYSTEMPATH/CodeIgniter.php(497): CodeIgniter\CodeIgniter->runController()
11 SYSTEMPATH/CodeIgniter.php(340): CodeIgniter\CodeIgniter->handleRequest()
12 SYSTEMPATH/Boot.php(417): CodeIgniter\CodeIgniter->run()
13 SYSTEMPATH/Boot.php(68): CodeIgniter\Boot::runCodeIgniter()
14 FCPATH/index.php(59): CodeIgniter\Boot::bootWeb()
15 SYSTEMPATH/rewrite.php(44): require_once('/home/gibekkk/Documents/Project/PHP/CodeIgniter/UCM-Absensi-Magang/public/index.php')
CRITICAL - 2026-04-04 18:35:34 --> [Caused by] mysqli_sql_exception: Table 'db_mstr.m_internship_student' doesn't exist
in SYSTEMPATH/Database/MySQLi/Connection.php on line 300.
 1 SYSTEMPATH/Database/MySQLi/Connection.php(300): mysqli->query()
 2 SYSTEMPATH/Database/BaseConnection.php(769): CodeIgniter\Database\MySQLi\Connection->execute()
 3 SYSTEMPATH/Database/BaseConnection.php(686): CodeIgniter\Database\BaseConnection->simpleQuery()
 4 SYSTEMPATH/Database/BaseBuilder.php(1649): CodeIgniter\Database\BaseConnection->query()
 5 APPPATH/Models/Internship/InternshipModel.php(86): CodeIgniter\Database\BaseBuilder->get()
 6 SYSTEMPATH/BaseModel.php(1720): App\Models\Internship\InternshipModel->setStatusStudentInternships()
 7 SYSTEMPATH/BaseModel.php(1077): CodeIgniter\BaseModel->trigger()
 8 SYSTEMPATH/Model.php(706): CodeIgniter\BaseModel->update()
 9 APPPATH/Controllers/InternshipController.php(195): CodeIgniter\Model->update()
10 SYSTEMPATH/CodeIgniter.php(951): App\Controllers\InternshipController->editInternship()
11 SYSTEMPATH/CodeIgniter.php(497): CodeIgniter\CodeIgniter->runController()
12 SYSTEMPATH/CodeIgniter.php(340): CodeIgniter\CodeIgniter->handleRequest()
13 SYSTEMPATH/Boot.php(417): CodeIgniter\CodeIgniter->run()
14 SYSTEMPATH/Boot.php(68): CodeIgniter\Boot::runCodeIgniter()
15 FCPATH/index.php(59): CodeIgniter\Boot::bootWeb()
16 SYSTEMPATH/rewrite.php(44): require_once('/home/gibekkk/Documents/Project/PHP/CodeIgniter/UCM-Absensi-Magang/public/index.php')
ERROR - 2026-04-04 18:35:47 --> Table 'db_mstr.m_internship_student' doesn't exist
in SYSTEMPATH/Database/MySQLi/Connection.php on line 300.
 1 SYSTEMPATH/Database/MySQLi/Connection.php(300): mysqli->query()
 2 SYSTEMPATH/Database/BaseConnection.php(769): CodeIgniter\Database\MySQLi\Connection->execute()
 3 SYSTEMPATH/Database/BaseConnection.php(686): CodeIgniter\Database\BaseConnection->simpleQuery()
 4 SYSTEMPATH/Database/BaseBuilder.php(1649): CodeIgniter\Database\BaseConnection->query()
 5 APPPATH/Models/Internship/InternshipModel.php(86): CodeIgniter\Database\BaseBuilder->get()
 6 SYSTEMPATH/BaseModel.php(1720): App\Models\Internship\InternshipModel->setStatusStudentInternships()
 7 SYSTEMPATH/BaseModel.php(1077): CodeIgniter\BaseModel->trigger()
 8 SYSTEMPATH/Model.php(706): CodeIgniter\BaseModel->update()
 9 APPPATH/Controllers/InternshipController.php(195): CodeIgniter\Model->update()
10 SYSTEMPATH/CodeIgniter.php(951): App\Controllers\InternshipController->editInternship()
11 SYSTEMPATH/CodeIgniter.php(497): CodeIgniter\CodeIgniter->runController()
12 SYSTEMPATH/CodeIgniter.php(340): CodeIgniter\CodeIgniter->handleRequest()
13 SYSTEMPATH/Boot.php(417): CodeIgniter\CodeIgniter->run()
14 SYSTEMPATH/Boot.php(68): CodeIgniter\Boot::runCodeIgniter()
15 FCPATH/index.php(59): CodeIgniter\Boot::bootWeb()
16 SYSTEMPATH/rewrite.php(44): require_once('/home/gibekkk/Documents/Project/PHP/CodeIgniter/UCM-Absensi-Magang/public/index.php')
CRITICAL - 2026-04-04 18:35:47 --> CodeIgniter\Database\Exceptions\DatabaseException: Table 'db_mstr.m_internship_student' doesn't exist
[Method: PUT, Route: admin/api/internships/019d4d0f-639d-713b-b4d7-270504aee67a]
in SYSTEMPATH/Database/BaseConnection.php on line 724.
 1 SYSTEMPATH/Database/BaseBuilder.php(1649): CodeIgniter\Database\BaseConnection->query()
 2 APPPATH/Models/Internship/InternshipModel.php(86): CodeIgniter\Database\BaseBuilder->get()
 3 SYSTEMPATH/BaseModel.php(1720): App\Models\Internship\InternshipModel->setStatusStudentInternships()
 4 SYSTEMPATH/BaseModel.php(1077): CodeIgniter\BaseModel->trigger()
 5 SYSTEMPATH/Model.php(706): CodeIgniter\BaseModel->update()
 6 APPPATH/Controllers/InternshipController.php(195): CodeIgniter\Model->update()
 7 SYSTEMPATH/CodeIgniter.php(951): App\Controllers\InternshipController->editInternship()
 8 SYSTEMPATH/CodeIgniter.php(497): CodeIgniter\CodeIgniter->runController()
 9 SYSTEMPATH/CodeIgniter.php(340): CodeIgniter\CodeIgniter->handleRequest()
10 SYSTEMPATH/Boot.php(417): CodeIgniter\CodeIgniter->run()
11 SYSTEMPATH/Boot.php(68): CodeIgniter\Boot::runCodeIgniter()
12 FCPATH/index.php(59): CodeIgniter\Boot::bootWeb()
13 SYSTEMPATH/rewrite.php(44): require_once('/home/gibekkk/Documents/Project/PHP/CodeIgniter/UCM-Absensi-Magang/public/index.php')
CRITICAL - 2026-04-04 18:35:47 --> [Caused by] CodeIgniter\Database\Exceptions\DatabaseException: Table 'db_mstr.m_internship_student' doesn't exist
in SYSTEMPATH/Database/MySQLi/Connection.php on line 310.
 1 SYSTEMPATH/Database/BaseConnection.php(769): CodeIgniter\Database\MySQLi\Connection->execute()
 2 SYSTEMPATH/Database/BaseConnection.php(686): CodeIgniter\Database\BaseConnection->simpleQuery()
 3 SYSTEMPATH/Database/BaseBuilder.php(1649): CodeIgniter\Database\BaseConnection->query()
 4 APPPATH/Models/Internship/InternshipModel.php(86): CodeIgniter\Database\BaseBuilder->get()
 5 SYSTEMPATH/BaseModel.php(1720): App\Models\Internship\InternshipModel->setStatusStudentInternships()
 6 SYSTEMPATH/BaseModel.php(1077): CodeIgniter\BaseModel->trigger()
 7 SYSTEMPATH/Model.php(706): CodeIgniter\BaseModel->update()
 8 APPPATH/Controllers/InternshipController.php(195): CodeIgniter\Model->update()
 9 SYSTEMPATH/CodeIgniter.php(951): App\Controllers\InternshipController->editInternship()
10 SYSTEMPATH/CodeIgniter.php(497): CodeIgniter\CodeIgniter->runController()
11 SYSTEMPATH/CodeIgniter.php(340): CodeIgniter\CodeIgniter->handleRequest()
12 SYSTEMPATH/Boot.php(417): CodeIgniter\CodeIgniter->run()
13 SYSTEMPATH/Boot.php(68): CodeIgniter\Boot::runCodeIgniter()
14 FCPATH/index.php(59): CodeIgniter\Boot::bootWeb()
15 SYSTEMPATH/rewrite.php(44): require_once('/home/gibekkk/Documents/Project/PHP/CodeIgniter/UCM-Absensi-Magang/public/index.php')
CRITICAL - 2026-04-04 18:35:47 --> [Caused by] mysqli_sql_exception: Table 'db_mstr.m_internship_student' doesn't exist
in SYSTEMPATH/Database/MySQLi/Connection.php on line 300.
 1 SYSTEMPATH/Database/MySQLi/Connection.php(300): mysqli->query()
 2 SYSTEMPATH/Database/BaseConnection.php(769): CodeIgniter\Database\MySQLi\Connection->execute()
 3 SYSTEMPATH/Database/BaseConnection.php(686): CodeIgniter\Database\BaseConnection->simpleQuery()
 4 SYSTEMPATH/Database/BaseBuilder.php(1649): CodeIgniter\Database\BaseConnection->query()
 5 APPPATH/Models/Internship/InternshipModel.php(86): CodeIgniter\Database\BaseBuilder->get()
 6 SYSTEMPATH/BaseModel.php(1720): App\Models\Internship\InternshipModel->setStatusStudentInternships()
 7 SYSTEMPATH/BaseModel.php(1077): CodeIgniter\BaseModel->trigger()
 8 SYSTEMPATH/Model.php(706): CodeIgniter\BaseModel->update()
 9 APPPATH/Controllers/InternshipController.php(195): CodeIgniter\Model->update()
10 SYSTEMPATH/CodeIgniter.php(951): App\Controllers\InternshipController->editInternship()
11 SYSTEMPATH/CodeIgniter.php(497): CodeIgniter\CodeIgniter->runController()
12 SYSTEMPATH/CodeIgniter.php(340): CodeIgniter\CodeIgniter->handleRequest()
13 SYSTEMPATH/Boot.php(417): CodeIgniter\CodeIgniter->run()
14 SYSTEMPATH/Boot.php(68): CodeIgniter\Boot::runCodeIgniter()
15 FCPATH/index.php(59): CodeIgniter\Boot::bootWeb()
16 SYSTEMPATH/rewrite.php(44): require_once('/home/gibekkk/Documents/Project/PHP/CodeIgniter/UCM-Absensi-Magang/public/index.php')
CRITICAL - 2026-04-04 19:41:13 --> Error: Call to a member function where() on null
[Method: PUT, Route: admin/api/internships/019d4d0f-639d-713b-b4d7-270504aee67a]
in APPPATH/Models/Internship/InternshipModel.php on line 89.
 1 SYSTEMPATH/BaseModel.php(1720): App\Models\Internship\InternshipModel->setStatusStudentInternships()
 2 SYSTEMPATH/BaseModel.php(1077): CodeIgniter\BaseModel->trigger()
 3 SYSTEMPATH/Model.php(706): CodeIgniter\BaseModel->update()
 4 APPPATH/Controllers/InternshipController.php(195): CodeIgniter\Model->update()
 5 SYSTEMPATH/CodeIgniter.php(951): App\Controllers\InternshipController->editInternship()
 6 SYSTEMPATH/CodeIgniter.php(497): CodeIgniter\CodeIgniter->runController()
 7 SYSTEMPATH/CodeIgniter.php(340): CodeIgniter\CodeIgniter->handleRequest()
 8 SYSTEMPATH/Boot.php(417): CodeIgniter\CodeIgniter->run()
 9 SYSTEMPATH/Boot.php(68): CodeIgniter\Boot::runCodeIgniter()
10 FCPATH/index.php(59): CodeIgniter\Boot::bootWeb()
11 SYSTEMPATH/rewrite.php(44): require_once('/home/gibekkk/Documents/Project/PHP/CodeIgniter/UCM-Absensi-Magang/public/index.php')
CRITICAL - 2026-04-04 19:41:25 --> Error: Call to a member function where() on null
[Method: PUT, Route: admin/api/internships/019d4d0f-639d-713b-b4d7-270504aee67a]
in APPPATH/Models/Internship/InternshipModel.php on line 89.
 1 SYSTEMPATH/BaseModel.php(1720): App\Models\Internship\InternshipModel->setStatusStudentInternships()
 2 SYSTEMPATH/BaseModel.php(1077): CodeIgniter\BaseModel->trigger()
 3 SYSTEMPATH/Model.php(706): CodeIgniter\BaseModel->update()
 4 APPPATH/Controllers/InternshipController.php(195): CodeIgniter\Model->update()
 5 SYSTEMPATH/CodeIgniter.php(951): App\Controllers\InternshipController->editInternship()
 6 SYSTEMPATH/CodeIgniter.php(497): CodeIgniter\CodeIgniter->runController()
 7 SYSTEMPATH/CodeIgniter.php(340): CodeIgniter\CodeIgniter->handleRequest()
 8 SYSTEMPATH/Boot.php(417): CodeIgniter\CodeIgniter->run()
 9 SYSTEMPATH/Boot.php(68): CodeIgniter\Boot::runCodeIgniter()
10 FCPATH/index.php(59): CodeIgniter\Boot::bootWeb()
11 SYSTEMPATH/rewrite.php(44): require_once('/home/gibekkk/Documents/Project/PHP/CodeIgniter/UCM-Absensi-Magang/public/index.php')
CRITICAL - 2026-04-04 19:47:35 --> Error: Cannot use object of type App\Entities\Internship\InternshipEntity as array
[Method: PUT, Route: admin/api/internships/019d4d0f-639d-713b-b4d7-270504aee67a]
in APPPATH/Models/Internship/InternshipModel.php on line 111.
 1 SYSTEMPATH/BaseModel.php(1720): App\Models\Internship\InternshipModel->syncStatusAfterFind()
 2 SYSTEMPATH/BaseModel.php(620): CodeIgniter\BaseModel->trigger()
 3 APPPATH/Controllers/InternshipController.php(191): CodeIgniter\BaseModel->find()
 4 SYSTEMPATH/CodeIgniter.php(951): App\Controllers\InternshipController->editInternship()
 5 SYSTEMPATH/CodeIgniter.php(497): CodeIgniter\CodeIgniter->runController()
 6 SYSTEMPATH/CodeIgniter.php(340): CodeIgniter\CodeIgniter->handleRequest()
 7 SYSTEMPATH/Boot.php(417): CodeIgniter\CodeIgniter->run()
 8 SYSTEMPATH/Boot.php(68): CodeIgniter\Boot::runCodeIgniter()
 9 FCPATH/index.php(59): CodeIgniter\Boot::bootWeb()
10 SYSTEMPATH/rewrite.php(44): require_once('/home/gibekkk/Documents/Project/PHP/CodeIgniter/UCM-Absensi-Magang/public/index.php')
CRITICAL - 2026-04-04 20:28:48 --> CodeIgniter\Exceptions\InvalidArgumentException: Invalid primary key: 0 is not allowed.
[Method: PUT, Route: admin/api/internships/019d4d0f-639d-713b-b4d7-270504aee67a]
in SYSTEMPATH/BaseModel.php on line 832.
 1 SYSTEMPATH/BaseModel.php(817): CodeIgniter\BaseModel->validateID()
 2 SYSTEMPATH/BaseModel.php(1039): CodeIgniter\BaseModel->validateID()
 3 SYSTEMPATH/Model.php(706): CodeIgniter\BaseModel->update()
 4 APPPATH/Models/Internship/InternshipModel.php(85): CodeIgniter\Model->update()
 5 SYSTEMPATH/BaseModel.php(1720): App\Models\Internship\InternshipModel->setStatusStudentInternships()
 6 SYSTEMPATH/BaseModel.php(1077): CodeIgniter\BaseModel->trigger()
 7 SYSTEMPATH/Model.php(706): CodeIgniter\BaseModel->update()
 8 APPPATH/Controllers/InternshipController.php(195): CodeIgniter\Model->update()
 9 SYSTEMPATH/CodeIgniter.php(951): App\Controllers\InternshipController->editInternship()
10 SYSTEMPATH/CodeIgniter.php(497): CodeIgniter\CodeIgniter->runController()
11 SYSTEMPATH/CodeIgniter.php(340): CodeIgniter\CodeIgniter->handleRequest()
12 SYSTEMPATH/Boot.php(417): CodeIgniter\CodeIgniter->run()
13 SYSTEMPATH/Boot.php(68): CodeIgniter\Boot::runCodeIgniter()
14 FCPATH/index.php(59): CodeIgniter\Boot::bootWeb()
15 SYSTEMPATH/rewrite.php(44): require_once('/home/gibekkk/Documents/Project/PHP/CodeIgniter/UCM-Absensi-Magang/public/index.php')
CRITICAL - 2026-04-04 20:30:59 --> ErrorException: Undefined array key "id"
[Method: PUT, Route: admin/api/internships/019d4d0f-639d-713b-b4d7-270504aee67a]
in APPPATH/Models/Internship/InternshipModel.php on line 85.
 1 APPPATH/Models/Internship/InternshipModel.php(85): CodeIgniter\Debug\Exceptions->errorHandler()
 2 SYSTEMPATH/BaseModel.php(1720): App\Models\Internship\InternshipModel->setStatusStudentInternships()
 3 SYSTEMPATH/BaseModel.php(1077): CodeIgniter\BaseModel->trigger()
 4 SYSTEMPATH/Model.php(706): CodeIgniter\BaseModel->update()
 5 APPPATH/Controllers/InternshipController.php(195): CodeIgniter\Model->update()
 6 SYSTEMPATH/CodeIgniter.php(951): App\Controllers\InternshipController->editInternship()
 7 SYSTEMPATH/CodeIgniter.php(497): CodeIgniter\CodeIgniter->runController()
 8 SYSTEMPATH/CodeIgniter.php(340): CodeIgniter\CodeIgniter->handleRequest()
 9 SYSTEMPATH/Boot.php(417): CodeIgniter\CodeIgniter->run()
10 SYSTEMPATH/Boot.php(68): CodeIgniter\Boot::runCodeIgniter()
11 FCPATH/index.php(59): CodeIgniter\Boot::bootWeb()
12 SYSTEMPATH/rewrite.php(44): require_once('/home/gibekkk/Documents/Project/PHP/CodeIgniter/UCM-Absensi-Magang/public/index.php')
CRITICAL - 2026-04-04 20:37:17 --> CodeIgniter\Exceptions\InvalidArgumentException: Invalid primary key: 0 is not allowed.
[Method: PUT, Route: admin/api/internships/019d4d0f-639d-713b-b4d7-270504aee67a]
in SYSTEMPATH/BaseModel.php on line 832.
 1 SYSTEMPATH/BaseModel.php(817): CodeIgniter\BaseModel->validateID()
 2 SYSTEMPATH/BaseModel.php(1039): CodeIgniter\BaseModel->validateID()
 3 SYSTEMPATH/Model.php(706): CodeIgniter\BaseModel->update()
 4 APPPATH/Models/Internship/InternshipModel.php(85): CodeIgniter\Model->update()
 5 SYSTEMPATH/BaseModel.php(1720): App\Models\Internship\InternshipModel->setStatusStudentInternships()
 6 SYSTEMPATH/BaseModel.php(1077): CodeIgniter\BaseModel->trigger()
 7 SYSTEMPATH/Model.php(706): CodeIgniter\BaseModel->update()
 8 APPPATH/Controllers/InternshipController.php(195): CodeIgniter\Model->update()
 9 SYSTEMPATH/CodeIgniter.php(951): App\Controllers\InternshipController->editInternship()
10 SYSTEMPATH/CodeIgniter.php(497): CodeIgniter\CodeIgniter->runController()
11 SYSTEMPATH/CodeIgniter.php(340): CodeIgniter\CodeIgniter->handleRequest()
12 SYSTEMPATH/Boot.php(417): CodeIgniter\CodeIgniter->run()
13 SYSTEMPATH/Boot.php(68): CodeIgniter\Boot::runCodeIgniter()
14 FCPATH/index.php(59): CodeIgniter\Boot::bootWeb()
15 SYSTEMPATH/rewrite.php(44): require_once('/home/gibekkk/Documents/Project/PHP/CodeIgniter/UCM-Absensi-Magang/public/index.php')
CRITICAL - 2026-04-04 20:39:16 --> CodeIgniter\Exceptions\InvalidArgumentException: Invalid primary key: 0 is not allowed.
[Method: PUT, Route: admin/api/internships/019d4d0f-639d-713b-b4d7-270504aee67a]
in SYSTEMPATH/BaseModel.php on line 832.
 1 SYSTEMPATH/BaseModel.php(817): CodeIgniter\BaseModel->validateID()
 2 SYSTEMPATH/BaseModel.php(1039): CodeIgniter\BaseModel->validateID()
 3 SYSTEMPATH/Model.php(706): CodeIgniter\BaseModel->update()
 4 APPPATH/Models/Internship/InternshipModel.php(85): CodeIgniter\Model->update()
 5 SYSTEMPATH/BaseModel.php(1720): App\Models\Internship\InternshipModel->setStatusStudentInternships()
 6 SYSTEMPATH/BaseModel.php(1077): CodeIgniter\BaseModel->trigger()
 7 SYSTEMPATH/Model.php(706): CodeIgniter\BaseModel->update()
 8 APPPATH/Controllers/InternshipController.php(195): CodeIgniter\Model->update()
 9 SYSTEMPATH/CodeIgniter.php(951): App\Controllers\InternshipController->editInternship()
10 SYSTEMPATH/CodeIgniter.php(497): CodeIgniter\CodeIgniter->runController()
11 SYSTEMPATH/CodeIgniter.php(340): CodeIgniter\CodeIgniter->handleRequest()
12 SYSTEMPATH/Boot.php(417): CodeIgniter\CodeIgniter->run()
13 SYSTEMPATH/Boot.php(68): CodeIgniter\Boot::runCodeIgniter()
14 FCPATH/index.php(59): CodeIgniter\Boot::bootWeb()
15 SYSTEMPATH/rewrite.php(44): require_once('/home/gibekkk/Documents/Project/PHP/CodeIgniter/UCM-Absensi-Magang/public/index.php')
CRITICAL - 2026-04-04 20:39:49 --> CodeIgniter\Exceptions\InvalidArgumentException: Invalid primary key: 0 is not allowed.
[Method: PUT, Route: admin/api/internships/019d4d0f-639d-713b-b4d7-270504aee67a]
in SYSTEMPATH/BaseModel.php on line 832.
 1 SYSTEMPATH/BaseModel.php(817): CodeIgniter\BaseModel->validateID()
 2 SYSTEMPATH/BaseModel.php(1039): CodeIgniter\BaseModel->validateID()
 3 SYSTEMPATH/Model.php(706): CodeIgniter\BaseModel->update()
 4 APPPATH/Models/Internship/InternshipModel.php(85): CodeIgniter\Model->update()
 5 SYSTEMPATH/BaseModel.php(1720): App\Models\Internship\InternshipModel->setStatusStudentInternships()
 6 SYSTEMPATH/BaseModel.php(1077): CodeIgniter\BaseModel->trigger()
 7 SYSTEMPATH/Model.php(706): CodeIgniter\BaseModel->update()
 8 APPPATH/Controllers/InternshipController.php(195): CodeIgniter\Model->update()
 9 SYSTEMPATH/CodeIgniter.php(951): App\Controllers\InternshipController->editInternship()
10 SYSTEMPATH/CodeIgniter.php(497): CodeIgniter\CodeIgniter->runController()
11 SYSTEMPATH/CodeIgniter.php(340): CodeIgniter\CodeIgniter->handleRequest()
12 SYSTEMPATH/Boot.php(417): CodeIgniter\CodeIgniter->run()
13 SYSTEMPATH/Boot.php(68): CodeIgniter\Boot::runCodeIgniter()
14 FCPATH/index.php(59): CodeIgniter\Boot::bootWeb()
15 SYSTEMPATH/rewrite.php(44): require_once('/home/gibekkk/Documents/Project/PHP/CodeIgniter/UCM-Absensi-Magang/public/index.php')
ERROR - 2026-04-04 20:41:05 --> Table 'db_mstr.m_user' doesn't exist
in SYSTEMPATH/Database/MySQLi/Connection.php on line 300.
 1 SYSTEMPATH/Database/MySQLi/Connection.php(300): mysqli->query()
 2 SYSTEMPATH/Database/BaseConnection.php(769): CodeIgniter\Database\MySQLi\Connection->execute()
 3 SYSTEMPATH/Database/BaseConnection.php(686): CodeIgniter\Database\BaseConnection->simpleQuery()
 4 SYSTEMPATH/Database/BaseBuilder.php(1841): CodeIgniter\Database\BaseConnection->query()
 5 SYSTEMPATH/Database/BaseBuilder.php(2230): CodeIgniter\Database\BaseBuilder->batchExecute()
 6 APPPATH/Database/Seeds/UserSeeder.php(43): CodeIgniter\Database\BaseBuilder->insertBatch()
 7 SYSTEMPATH/Database/Seeder.php(155): App\Database\Seeds\UserSeeder->run()
 8 SYSTEMPATH/Commands/Database/Seed.php(79): CodeIgniter\Database\Seeder->call()
 9 SYSTEMPATH/CLI/Commands.php(74): CodeIgniter\Commands\Database\Seed->run()
10 SYSTEMPATH/CLI/Console.php(47): CodeIgniter\CLI\Commands->run()
11 SYSTEMPATH/Boot.php(442): CodeIgniter\CLI\Console->run()
12 SYSTEMPATH/Boot.php(166): CodeIgniter\Boot::runCommand()
13 ROOTPATH/spark(87): CodeIgniter\Boot::bootSpark()
ERROR - 2026-04-04 20:41:13 --> Table 'db_mstr.m_user' doesn't exist
in SYSTEMPATH/Database/MySQLi/Connection.php on line 300.
 1 SYSTEMPATH/Database/MySQLi/Connection.php(300): mysqli->query()
 2 SYSTEMPATH/Database/BaseConnection.php(769): CodeIgniter\Database\MySQLi\Connection->execute()
 3 SYSTEMPATH/Database/BaseConnection.php(686): CodeIgniter\Database\BaseConnection->simpleQuery()
 4 SYSTEMPATH/Database/BaseBuilder.php(1841): CodeIgniter\Database\BaseConnection->query()
 5 SYSTEMPATH/Database/BaseBuilder.php(2230): CodeIgniter\Database\BaseBuilder->batchExecute()
 6 APPPATH/Database/Seeds/UserSeeder.php(43): CodeIgniter\Database\BaseBuilder->insertBatch()
 7 SYSTEMPATH/Database/Seeder.php(155): App\Database\Seeds\UserSeeder->run()
 8 SYSTEMPATH/Commands/Database/Seed.php(79): CodeIgniter\Database\Seeder->call()
 9 SYSTEMPATH/CLI/Commands.php(74): CodeIgniter\Commands\Database\Seed->run()
10 SYSTEMPATH/CLI/Console.php(47): CodeIgniter\CLI\Commands->run()
11 SYSTEMPATH/Boot.php(442): CodeIgniter\CLI\Console->run()
12 SYSTEMPATH/Boot.php(166): CodeIgniter\Boot::runCommand()
13 ROOTPATH/spark(87): CodeIgniter\Boot::bootSpark()
ERROR - 2026-04-04 20:41:26 --> Incorrect table name 'pk_db_mstr'
in SYSTEMPATH/Database/MySQLi/Connection.php on line 300.
 1 SYSTEMPATH/Database/MySQLi/Connection.php(300): mysqli->query()
 2 SYSTEMPATH/Database/BaseConnection.php(769): CodeIgniter\Database\MySQLi\Connection->execute()
 3 SYSTEMPATH/Database/BaseConnection.php(686): CodeIgniter\Database\BaseConnection->simpleQuery()
 4 SYSTEMPATH/Database/Forge.php(570): CodeIgniter\Database\BaseConnection->query()
 5 APPPATH/Database/Migrations/2026-03-16-102424_MigrateMaster.php(79): CodeIgniter\Database\Forge->createTable()
 6 SYSTEMPATH/Database/MigrationRunner.php(1014): App\Database\Migrations\MigrateMaster->up()
 7 SYSTEMPATH/Database/MigrationRunner.php(202): CodeIgniter\Database\MigrationRunner->migrate()
 8 SYSTEMPATH/Commands/Database/Migrate.php(89): CodeIgniter\Database\MigrationRunner->latest()
 9 SYSTEMPATH/CLI/SignalTrait.php(245): CodeIgniter\Commands\Database\Migrate::CodeIgniter\Commands\Database\{closure}()
10 SYSTEMPATH/Commands/Database/Migrate.php(88): CodeIgniter\Commands\Database\Migrate->withSignalsBlocked()
11 SYSTEMPATH/CLI/Commands.php(74): CodeIgniter\Commands\Database\Migrate->run()
12 SYSTEMPATH/CLI/Console.php(47): CodeIgniter\CLI\Commands->run()
13 SYSTEMPATH/Boot.php(442): CodeIgniter\CLI\Console->run()
14 SYSTEMPATH/Boot.php(166): CodeIgniter\Boot::runCommand()
15 ROOTPATH/spark(87): CodeIgniter\Boot::bootSpark()
ERROR - 2026-04-04 20:42:50 --> Incorrect table name 'pk_db_mstr'
in SYSTEMPATH/Database/MySQLi/Connection.php on line 300.
 1 SYSTEMPATH/Database/MySQLi/Connection.php(300): mysqli->query()
 2 SYSTEMPATH/Database/BaseConnection.php(769): CodeIgniter\Database\MySQLi\Connection->execute()
 3 SYSTEMPATH/Database/BaseConnection.php(686): CodeIgniter\Database\BaseConnection->simpleQuery()
 4 SYSTEMPATH/Database/Forge.php(570): CodeIgniter\Database\BaseConnection->query()
 5 APPPATH/Database/Migrations/2026-03-16-102424_MigrateMaster.php(144): CodeIgniter\Database\Forge->createTable()
 6 SYSTEMPATH/Database/MigrationRunner.php(1014): App\Database\Migrations\MigrateMaster->up()
 7 SYSTEMPATH/Database/MigrationRunner.php(202): CodeIgniter\Database\MigrationRunner->migrate()
 8 SYSTEMPATH/Commands/Database/Migrate.php(89): CodeIgniter\Database\MigrationRunner->latest()
 9 SYSTEMPATH/CLI/SignalTrait.php(245): CodeIgniter\Commands\Database\Migrate::CodeIgniter\Commands\Database\{closure}()
10 SYSTEMPATH/Commands/Database/Migrate.php(88): CodeIgniter\Commands\Database\Migrate->withSignalsBlocked()
11 SYSTEMPATH/CLI/Commands.php(74): CodeIgniter\Commands\Database\Migrate->run()
12 SYSTEMPATH/CLI/Console.php(47): CodeIgniter\CLI\Commands->run()
13 SYSTEMPATH/Boot.php(442): CodeIgniter\CLI\Console->run()
14 SYSTEMPATH/Boot.php(166): CodeIgniter\Boot::runCommand()
15 ROOTPATH/spark(87): CodeIgniter\Boot::bootSpark()
ERROR - 2026-04-04 20:43:17 --> You have an error in your SQL syntax; check the manual that corresponds to your MariaDB server version for the right syntax to use near '' at line 1
in SYSTEMPATH/Database/MySQLi/Connection.php on line 300.
 1 SYSTEMPATH/Database/MySQLi/Connection.php(300): mysqli->query()
 2 SYSTEMPATH/Database/BaseConnection.php(769): CodeIgniter\Database\MySQLi\Connection->execute()
 3 SYSTEMPATH/Database/BaseConnection.php(686): CodeIgniter\Database\BaseConnection->simpleQuery()
 4 SYSTEMPATH/Database/BaseConnection.php(1565): CodeIgniter\Database\BaseConnection->query()
 5 SYSTEMPATH/Database/BaseConnection.php(1585): CodeIgniter\Database\BaseConnection->listTables()
 6 SYSTEMPATH/Database/MigrationRunner.php(821): CodeIgniter\Database\BaseConnection->tableExists()
 7 SYSTEMPATH/Database/MigrationRunner.php(173): CodeIgniter\Database\MigrationRunner->ensureTable()
 8 SYSTEMPATH/Commands/Database/Migrate.php(89): CodeIgniter\Database\MigrationRunner->latest()
 9 SYSTEMPATH/CLI/SignalTrait.php(245): CodeIgniter\Commands\Database\Migrate::CodeIgniter\Commands\Database\{closure}()
10 SYSTEMPATH/Commands/Database/Migrate.php(88): CodeIgniter\Commands\Database\Migrate->withSignalsBlocked()
11 SYSTEMPATH/CLI/Commands.php(74): CodeIgniter\Commands\Database\Migrate->run()
12 SYSTEMPATH/CLI/Console.php(47): CodeIgniter\CLI\Commands->run()
13 SYSTEMPATH/Boot.php(442): CodeIgniter\CLI\Console->run()
14 SYSTEMPATH/Boot.php(166): CodeIgniter\Boot::runCommand()
15 ROOTPATH/spark(87): CodeIgniter\Boot::bootSpark()
ERROR - 2026-04-04 20:44:48 --> Table 'm_user' already exists
in SYSTEMPATH/Database/MySQLi/Connection.php on line 300.
 1 SYSTEMPATH/Database/MySQLi/Connection.php(300): mysqli->query()
 2 SYSTEMPATH/Database/BaseConnection.php(769): CodeIgniter\Database\MySQLi\Connection->execute()
 3 SYSTEMPATH/Database/BaseConnection.php(686): CodeIgniter\Database\BaseConnection->simpleQuery()
 4 SYSTEMPATH/Database/Forge.php(570): CodeIgniter\Database\BaseConnection->query()
 5 APPPATH/Database/Migrations/2026-03-16-102424_MigrateMaster.php(79): CodeIgniter\Database\Forge->createTable()
 6 SYSTEMPATH/Database/MigrationRunner.php(1014): App\Database\Migrations\MigrateMaster->up()
 7 SYSTEMPATH/Database/MigrationRunner.php(202): CodeIgniter\Database\MigrationRunner->migrate()
 8 SYSTEMPATH/Commands/Database/Migrate.php(89): CodeIgniter\Database\MigrationRunner->latest()
 9 SYSTEMPATH/CLI/SignalTrait.php(245): CodeIgniter\Commands\Database\Migrate::CodeIgniter\Commands\Database\{closure}()
10 SYSTEMPATH/Commands/Database/Migrate.php(88): CodeIgniter\Commands\Database\Migrate->withSignalsBlocked()
11 SYSTEMPATH/CLI/Commands.php(74): CodeIgniter\Commands\Database\Migrate->run()
12 SYSTEMPATH/CLI/Console.php(47): CodeIgniter\CLI\Commands->run()
13 SYSTEMPATH/Boot.php(442): CodeIgniter\CLI\Console->run()
14 SYSTEMPATH/Boot.php(166): CodeIgniter\Boot::runCommand()
15 ROOTPATH/spark(87): CodeIgniter\Boot::bootSpark()
ERROR - 2026-04-04 20:45:11 --> Incorrect table name 'pk_db_internship'
in SYSTEMPATH/Database/MySQLi/Connection.php on line 300.
 1 SYSTEMPATH/Database/MySQLi/Connection.php(300): mysqli->query()
 2 SYSTEMPATH/Database/BaseConnection.php(769): CodeIgniter\Database\MySQLi\Connection->execute()
 3 SYSTEMPATH/Database/BaseConnection.php(686): CodeIgniter\Database\BaseConnection->simpleQuery()
 4 SYSTEMPATH/Database/Forge.php(570): CodeIgniter\Database\BaseConnection->query()
 5 APPPATH/Database/Migrations/2026-03-16-102445_MigrateMagang.php(72): CodeIgniter\Database\Forge->createTable()
 6 SYSTEMPATH/Database/MigrationRunner.php(1014): App\Database\Migrations\MigrateMagang->up()
 7 SYSTEMPATH/Database/MigrationRunner.php(202): CodeIgniter\Database\MigrationRunner->migrate()
 8 SYSTEMPATH/Commands/Database/Migrate.php(89): CodeIgniter\Database\MigrationRunner->latest()
 9 SYSTEMPATH/CLI/SignalTrait.php(245): CodeIgniter\Commands\Database\Migrate::CodeIgniter\Commands\Database\{closure}()
10 SYSTEMPATH/Commands/Database/Migrate.php(88): CodeIgniter\Commands\Database\Migrate->withSignalsBlocked()
11 SYSTEMPATH/CLI/Commands.php(74): CodeIgniter\Commands\Database\Migrate->run()
12 SYSTEMPATH/CLI/Console.php(47): CodeIgniter\CLI\Commands->run()
13 SYSTEMPATH/Boot.php(442): CodeIgniter\CLI\Console->run()
14 SYSTEMPATH/Boot.php(166): CodeIgniter\Boot::runCommand()
15 ROOTPATH/spark(87): CodeIgniter\Boot::bootSpark()
CRITICAL - 2026-04-04 20:52:40 --> CodeIgniter\Database\Exceptions\DatabaseException: Deletes are not allowed unless they contain a "where" or "like" clause.
[Method: POST, Route: auth/logout]
in SYSTEMPATH/Database/BaseBuilder.php on line 2819.
 1 SYSTEMPATH/Model.php(442): CodeIgniter\Database\BaseBuilder->delete()
 2 SYSTEMPATH/BaseModel.php(1186): CodeIgniter\Model->doDelete()
 3 APPPATH/Controllers/AuthController.php(61): CodeIgniter\BaseModel->delete()
 4 SYSTEMPATH/CodeIgniter.php(951): App\Controllers\AuthController->processLogout()
 5 SYSTEMPATH/CodeIgniter.php(497): CodeIgniter\CodeIgniter->runController()
 6 SYSTEMPATH/CodeIgniter.php(340): CodeIgniter\CodeIgniter->handleRequest()
 7 SYSTEMPATH/Boot.php(417): CodeIgniter\CodeIgniter->run()
 8 SYSTEMPATH/Boot.php(68): CodeIgniter\Boot::runCodeIgniter()
 9 FCPATH/index.php(59): CodeIgniter\Boot::bootWeb()
10 SYSTEMPATH/rewrite.php(44): require_once('/home/gibekkk/Documents/Project/PHP/CodeIgniter/UCM-Absensi-Magang/public/index.php')
CRITICAL - 2026-04-04 21:11:08 --> ErrorException: Trying to access array offset on null
[Method: PATCH, Route: admin/api/students/setIsActive/019d588e-37e7-7167-a313-acdc2ac15a7a/0]
in APPPATH/Controllers/StudentController.php on line 211.
 1 APPPATH/Controllers/StudentController.php(211): CodeIgniter\Debug\Exceptions->errorHandler()
 2 SYSTEMPATH/CodeIgniter.php(951): App\Controllers\StudentController->setIsActive()
 3 SYSTEMPATH/CodeIgniter.php(497): CodeIgniter\CodeIgniter->runController()
 4 SYSTEMPATH/CodeIgniter.php(340): CodeIgniter\CodeIgniter->handleRequest()
 5 SYSTEMPATH/Boot.php(417): CodeIgniter\CodeIgniter->run()
 6 SYSTEMPATH/Boot.php(68): CodeIgniter\Boot::runCodeIgniter()
 7 FCPATH/index.php(59): CodeIgniter\Boot::bootWeb()
 8 SYSTEMPATH/rewrite.php(44): require_once('/home/gibekkk/Documents/Project/PHP/CodeIgniter/UCM-Absensi-Magang/public/index.php')
CRITICAL - 2026-04-04 21:13:07 --> ErrorException: Undefined variable $is_active
[Method: PATCH, Route: admin/api/students/setIsActive/019d588e-37e7-7167-a313-acdc2ac15a7a/0]
in APPPATH/Controllers/StudentController.php on line 211.
 1 APPPATH/Controllers/StudentController.php(211): CodeIgniter\Debug\Exceptions->errorHandler()
 2 SYSTEMPATH/CodeIgniter.php(951): App\Controllers\StudentController->setIsActive()
 3 SYSTEMPATH/CodeIgniter.php(497): CodeIgniter\CodeIgniter->runController()
 4 SYSTEMPATH/CodeIgniter.php(340): CodeIgniter\CodeIgniter->handleRequest()
 5 SYSTEMPATH/Boot.php(417): CodeIgniter\CodeIgniter->run()
 6 SYSTEMPATH/Boot.php(68): CodeIgniter\Boot::runCodeIgniter()
 7 FCPATH/index.php(59): CodeIgniter\Boot::bootWeb()
 8 SYSTEMPATH/rewrite.php(44): require_once('/home/gibekkk/Documents/Project/PHP/CodeIgniter/UCM-Absensi-Magang/public/index.php')
CRITICAL - 2026-04-04 21:13:23 --> ErrorException: Undefined array key "student_id"
[Method: PATCH, Route: admin/api/students/setIsActive/019d588e-37e7-7167-a313-acdc2ac15a7a/0]
in APPPATH/Models/Internship/InternshipStudentModel.php on line 101.
 1 APPPATH/Models/Internship/InternshipStudentModel.php(101): CodeIgniter\Debug\Exceptions->errorHandler()
 2 SYSTEMPATH/BaseModel.php(1720): App\Models\Internship\InternshipStudentModel->setStatusStudents()
 3 SYSTEMPATH/BaseModel.php(1077): CodeIgniter\BaseModel->trigger()
 4 SYSTEMPATH/Model.php(706): CodeIgniter\BaseModel->update()
 5 APPPATH/Controllers/StudentController.php(212): CodeIgniter\Model->update()
 6 SYSTEMPATH/CodeIgniter.php(951): App\Controllers\StudentController->setIsActive()
 7 SYSTEMPATH/CodeIgniter.php(497): CodeIgniter\CodeIgniter->runController()
 8 SYSTEMPATH/CodeIgniter.php(340): CodeIgniter\CodeIgniter->handleRequest()
 9 SYSTEMPATH/Boot.php(417): CodeIgniter\CodeIgniter->run()
10 SYSTEMPATH/Boot.php(68): CodeIgniter\Boot::runCodeIgniter()
11 FCPATH/index.php(59): CodeIgniter\Boot::bootWeb()
12 SYSTEMPATH/rewrite.php(44): require_once('/home/gibekkk/Documents/Project/PHP/CodeIgniter/UCM-Absensi-Magang/public/index.php')
CRITICAL - 2026-04-04 21:14:36 --> ErrorException: Undefined array key "student_id"
[Method: PATCH, Route: admin/api/students/setIsActive/019d588e-37e7-7167-a313-acdc2ac15a7a/0]
in APPPATH/Models/Internship/InternshipStudentModel.php on line 101.
 1 APPPATH/Models/Internship/InternshipStudentModel.php(101): CodeIgniter\Debug\Exceptions->errorHandler()
 2 SYSTEMPATH/BaseModel.php(1720): App\Models\Internship\InternshipStudentModel->setStatusStudents()
 3 SYSTEMPATH/BaseModel.php(1077): CodeIgniter\BaseModel->trigger()
 4 SYSTEMPATH/Model.php(706): CodeIgniter\BaseModel->update()
 5 APPPATH/Controllers/StudentController.php(212): CodeIgniter\Model->update()
 6 SYSTEMPATH/CodeIgniter.php(951): App\Controllers\StudentController->setIsActive()
 7 SYSTEMPATH/CodeIgniter.php(497): CodeIgniter\CodeIgniter->runController()
 8 SYSTEMPATH/CodeIgniter.php(340): CodeIgniter\CodeIgniter->handleRequest()
 9 SYSTEMPATH/Boot.php(417): CodeIgniter\CodeIgniter->run()
10 SYSTEMPATH/Boot.php(68): CodeIgniter\Boot::runCodeIgniter()
11 FCPATH/index.php(59): CodeIgniter\Boot::bootWeb()
12 SYSTEMPATH/rewrite.php(44): require_once('/home/gibekkk/Documents/Project/PHP/CodeIgniter/UCM-Absensi-Magang/public/index.php')
