ERROR - 2026-04-10 19:43:33 --> Error connecting to the database: mysqli_sql_exception: Access denied for user 'ict_admin'@'localhost' (using password: YES) in /var/www/html/UCM-Absensi-Magang/ucm_internship_core/vendor/codeigniter4/framework/system/Database/MySQLi/Connection.php:201
Stack trace:
#0 /var/www/html/UCM-Absensi-Magang/ucm_internship_core/vendor/codeigniter4/framework/system/Database/MySQLi/Connection.php(201): mysqli->real_connect()
#1 /var/www/html/UCM-Absensi-Magang/ucm_internship_core/vendor/codeigniter4/framework/system/Database/BaseConnection.php(555): CodeIgniter\Database\MySQLi\Connection->connect()
#2 /var/www/html/UCM-Absensi-Magang/ucm_internship_core/vendor/codeigniter4/framework/system/Database/BaseConnection.php(795): CodeIgniter\Database\BaseConnection->initialize()
#3 /var/www/html/UCM-Absensi-Magang/ucm_internship_core/vendor/codeigniter4/framework/system/Database/BaseBuilder.php(1649): CodeIgniter\Database\BaseConnection->query()
#4 /var/www/html/UCM-Absensi-Magang/ucm_internship_core/vendor/codeigniter4/framework/system/Model.php(253): CodeIgniter\Database\BaseBuilder->get()
#5 /var/www/html/UCM-Absensi-Magang/ucm_internship_core/vendor/codeigniter4/framework/system/BaseModel.php(676): CodeIgniter\Model->doFindAll()
#6 /var/www/html/UCM-Absensi-Magang/ucm_internship_core/app/Controllers/AttendanceController.php(165): CodeIgniter\BaseModel->findAll()
#7 /var/www/html/UCM-Absensi-Magang/ucm_internship_core/vendor/codeigniter4/framework/system/CodeIgniter.php(951): App\Controllers\AttendanceController->viewTodayAttendances()
#8 /var/www/html/UCM-Absensi-Magang/ucm_internship_core/vendor/codeigniter4/framework/system/CodeIgniter.php(497): CodeIgniter\CodeIgniter->runController()
#9 /var/www/html/UCM-Absensi-Magang/ucm_internship_core/vendor/codeigniter4/framework/system/CodeIgniter.php(340): CodeIgniter\CodeIgniter->handleRequest()
#10 /var/www/html/UCM-Absensi-Magang/ucm_internship_core/vendor/codeigniter4/framework/system/Boot.php(417): CodeIgniter\CodeIgniter->run()
#11 /var/www/html/UCM-Absensi-Magang/ucm_internship_core/vendor/codeigniter4/framework/system/Boot.php(68): CodeIgniter\Boot::runCodeIgniter()
#12 /var/www/html/UCM-Absensi-Magang/ucm_internship/index.php(59): CodeIgniter\Boot::bootWeb()
#13 {main}

Next CodeIgniter\Database\Exceptions\DatabaseException: Access denied for user '****'@'localhost' (using password: YES) in /var/www/html/UCM-Absensi-Magang/ucm_internship_core/vendor/codeigniter4/framework/system/Database/MySQLi/Connection.php:231
Stack trace:
#0 /var/www/html/UCM-Absensi-Magang/ucm_internship_core/vendor/codeigniter4/framework/system/Database/BaseConnection.php(555): CodeIgniter\Database\MySQLi\Connection->connect()
#1 /var/www/html/UCM-Absensi-Magang/ucm_internship_core/vendor/codeigniter4/framework/system/Database/BaseConnection.php(795): CodeIgniter\Database\BaseConnection->initialize()
#2 /var/www/html/UCM-Absensi-Magang/ucm_internship_core/vendor/codeigniter4/framework/system/Database/BaseBuilder.php(1649): CodeIgniter\Database\BaseConnection->query()
#3 /var/www/html/UCM-Absensi-Magang/ucm_internship_core/vendor/codeigniter4/framework/system/Model.php(253): CodeIgniter\Database\BaseBuilder->get()
#4 /var/www/html/UCM-Absensi-Magang/ucm_internship_core/vendor/codeigniter4/framework/system/BaseModel.php(676): CodeIgniter\Model->doFindAll()
#5 /var/www/html/UCM-Absensi-Magang/ucm_internship_core/app/Controllers/AttendanceController.php(165): CodeIgniter\BaseModel->findAll()
#6 /var/www/html/UCM-Absensi-Magang/ucm_internship_core/vendor/codeigniter4/framework/system/CodeIgniter.php(951): App\Controllers\AttendanceController->viewTodayAttendances()
#7 /var/www/html/UCM-Absensi-Magang/ucm_internship_core/vendor/codeigniter4/framework/system/CodeIgniter.php(497): CodeIgniter\CodeIgniter->runController()
#8 /var/www/html/UCM-Absensi-Magang/ucm_internship_core/vendor/codeigniter4/framework/system/CodeIgniter.php(340): CodeIgniter\CodeIgniter->handleRequest()
#9 /var/www/html/UCM-Absensi-Magang/ucm_internship_core/vendor/codeigniter4/framework/system/Boot.php(417): CodeIgniter\CodeIgniter->run()
#10 /var/www/html/UCM-Absensi-Magang/ucm_internship_core/vendor/codeigniter4/framework/system/Boot.php(68): CodeIgniter\Boot::runCodeIgniter()
#11 /var/www/html/UCM-Absensi-Magang/ucm_internship/index.php(59): CodeIgniter\Boot::bootWeb()
#12 {main}
CRITICAL - 2026-04-10 19:43:33 --> CodeIgniter\Database\Exceptions\DatabaseException: Unable to connect to the database.
Main connection [MySQLi]: Access denied for user '****'@'localhost' (using password: YES)
[Method: GET, Route: api/attendance/viewToday]
in SYSTEMPATH/Database/BaseConnection.php on line 606.
 1 SYSTEMPATH/Database/BaseConnection.php(795): CodeIgniter\Database\BaseConnection->initialize()
 2 SYSTEMPATH/Database/BaseBuilder.php(1649): CodeIgniter\Database\BaseConnection->query()
 3 SYSTEMPATH/Model.php(253): CodeIgniter\Database\BaseBuilder->get()
 4 SYSTEMPATH/BaseModel.php(676): CodeIgniter\Model->doFindAll()
 5 APPPATH/Controllers/AttendanceController.php(165): CodeIgniter\BaseModel->findAll()
 6 SYSTEMPATH/CodeIgniter.php(951): App\Controllers\AttendanceController->viewTodayAttendances()
 7 SYSTEMPATH/CodeIgniter.php(497): CodeIgniter\CodeIgniter->runController()
 8 SYSTEMPATH/CodeIgniter.php(340): CodeIgniter\CodeIgniter->handleRequest()
 9 SYSTEMPATH/Boot.php(417): CodeIgniter\CodeIgniter->run()
10 SYSTEMPATH/Boot.php(68): CodeIgniter\Boot::runCodeIgniter()
11 FCPATH/index.php(59): CodeIgniter\Boot::bootWeb()
ERROR - 2026-04-10 19:44:34 --> Error connecting to the database: mysqli_sql_exception: Access denied for user 'ict_admin'@'localhost' (using password: YES) in /var/www/html/UCM-Absensi-Magang/ucm_internship_core/vendor/codeigniter4/framework/system/Database/MySQLi/Connection.php:201
Stack trace:
#0 /var/www/html/UCM-Absensi-Magang/ucm_internship_core/vendor/codeigniter4/framework/system/Database/MySQLi/Connection.php(201): mysqli->real_connect()
#1 /var/www/html/UCM-Absensi-Magang/ucm_internship_core/vendor/codeigniter4/framework/system/Database/BaseConnection.php(555): CodeIgniter\Database\MySQLi\Connection->connect()
#2 /var/www/html/UCM-Absensi-Magang/ucm_internship_core/vendor/codeigniter4/framework/system/Database/BaseConnection.php(795): CodeIgniter\Database\BaseConnection->initialize()
#3 /var/www/html/UCM-Absensi-Magang/ucm_internship_core/vendor/codeigniter4/framework/system/Database/BaseBuilder.php(1649): CodeIgniter\Database\BaseConnection->query()
#4 /var/www/html/UCM-Absensi-Magang/ucm_internship_core/vendor/codeigniter4/framework/system/Model.php(253): CodeIgniter\Database\BaseBuilder->get()
#5 /var/www/html/UCM-Absensi-Magang/ucm_internship_core/vendor/codeigniter4/framework/system/BaseModel.php(676): CodeIgniter\Model->doFindAll()
#6 /var/www/html/UCM-Absensi-Magang/ucm_internship_core/app/Controllers/AttendanceController.php(165): CodeIgniter\BaseModel->findAll()
#7 /var/www/html/UCM-Absensi-Magang/ucm_internship_core/vendor/codeigniter4/framework/system/CodeIgniter.php(951): App\Controllers\AttendanceController->viewTodayAttendances()
#8 /var/www/html/UCM-Absensi-Magang/ucm_internship_core/vendor/codeigniter4/framework/system/CodeIgniter.php(497): CodeIgniter\CodeIgniter->runController()
#9 /var/www/html/UCM-Absensi-Magang/ucm_internship_core/vendor/codeigniter4/framework/system/CodeIgniter.php(340): CodeIgniter\CodeIgniter->handleRequest()
#10 /var/www/html/UCM-Absensi-Magang/ucm_internship_core/vendor/codeigniter4/framework/system/Boot.php(417): CodeIgniter\CodeIgniter->run()
#11 /var/www/html/UCM-Absensi-Magang/ucm_internship_core/vendor/codeigniter4/framework/system/Boot.php(68): CodeIgniter\Boot::runCodeIgniter()
#12 /var/www/html/UCM-Absensi-Magang/ucm_internship/index.php(59): CodeIgniter\Boot::bootWeb()
#13 {main}

Next CodeIgniter\Database\Exceptions\DatabaseException: Access denied for user '****'@'localhost' (using password: YES) in /var/www/html/UCM-Absensi-Magang/ucm_internship_core/vendor/codeigniter4/framework/system/Database/MySQLi/Connection.php:231
Stack trace:
#0 /var/www/html/UCM-Absensi-Magang/ucm_internship_core/vendor/codeigniter4/framework/system/Database/BaseConnection.php(555): CodeIgniter\Database\MySQLi\Connection->connect()
#1 /var/www/html/UCM-Absensi-Magang/ucm_internship_core/vendor/codeigniter4/framework/system/Database/BaseConnection.php(795): CodeIgniter\Database\BaseConnection->initialize()
#2 /var/www/html/UCM-Absensi-Magang/ucm_internship_core/vendor/codeigniter4/framework/system/Database/BaseBuilder.php(1649): CodeIgniter\Database\BaseConnection->query()
#3 /var/www/html/UCM-Absensi-Magang/ucm_internship_core/vendor/codeigniter4/framework/system/Model.php(253): CodeIgniter\Database\BaseBuilder->get()
#4 /var/www/html/UCM-Absensi-Magang/ucm_internship_core/vendor/codeigniter4/framework/system/BaseModel.php(676): CodeIgniter\Model->doFindAll()
#5 /var/www/html/UCM-Absensi-Magang/ucm_internship_core/app/Controllers/AttendanceController.php(165): CodeIgniter\BaseModel->findAll()
#6 /var/www/html/UCM-Absensi-Magang/ucm_internship_core/vendor/codeigniter4/framework/system/CodeIgniter.php(951): App\Controllers\AttendanceController->viewTodayAttendances()
#7 /var/www/html/UCM-Absensi-Magang/ucm_internship_core/vendor/codeigniter4/framework/system/CodeIgniter.php(497): CodeIgniter\CodeIgniter->runController()
#8 /var/www/html/UCM-Absensi-Magang/ucm_internship_core/vendor/codeigniter4/framework/system/CodeIgniter.php(340): CodeIgniter\CodeIgniter->handleRequest()
#9 /var/www/html/UCM-Absensi-Magang/ucm_internship_core/vendor/codeigniter4/framework/system/Boot.php(417): CodeIgniter\CodeIgniter->run()
#10 /var/www/html/UCM-Absensi-Magang/ucm_internship_core/vendor/codeigniter4/framework/system/Boot.php(68): CodeIgniter\Boot::runCodeIgniter()
#11 /var/www/html/UCM-Absensi-Magang/ucm_internship/index.php(59): CodeIgniter\Boot::bootWeb()
#12 {main}
CRITICAL - 2026-04-10 19:44:34 --> CodeIgniter\Database\Exceptions\DatabaseException: Unable to connect to the database.
Main connection [MySQLi]: Access denied for user '****'@'localhost' (using password: YES)
[Method: GET, Route: api/attendance/viewToday]
in SYSTEMPATH/Database/BaseConnection.php on line 606.
 1 SYSTEMPATH/Database/BaseConnection.php(795): CodeIgniter\Database\BaseConnection->initialize()
 2 SYSTEMPATH/Database/BaseBuilder.php(1649): CodeIgniter\Database\BaseConnection->query()
 3 SYSTEMPATH/Model.php(253): CodeIgniter\Database\BaseBuilder->get()
 4 SYSTEMPATH/BaseModel.php(676): CodeIgniter\Model->doFindAll()
 5 APPPATH/Controllers/AttendanceController.php(165): CodeIgniter\BaseModel->findAll()
 6 SYSTEMPATH/CodeIgniter.php(951): App\Controllers\AttendanceController->viewTodayAttendances()
 7 SYSTEMPATH/CodeIgniter.php(497): CodeIgniter\CodeIgniter->runController()
 8 SYSTEMPATH/CodeIgniter.php(340): CodeIgniter\CodeIgniter->handleRequest()
 9 SYSTEMPATH/Boot.php(417): CodeIgniter\CodeIgniter->run()
10 SYSTEMPATH/Boot.php(68): CodeIgniter\Boot::runCodeIgniter()
11 FCPATH/index.php(59): CodeIgniter\Boot::bootWeb()
ERROR - 2026-04-10 19:45:34 --> Error connecting to the database: mysqli_sql_exception: Access denied for user 'ict_admin'@'localhost' (using password: YES) in /var/www/html/UCM-Absensi-Magang/ucm_internship_core/vendor/codeigniter4/framework/system/Database/MySQLi/Connection.php:201
Stack trace:
#0 /var/www/html/UCM-Absensi-Magang/ucm_internship_core/vendor/codeigniter4/framework/system/Database/MySQLi/Connection.php(201): mysqli->real_connect()
#1 /var/www/html/UCM-Absensi-Magang/ucm_internship_core/vendor/codeigniter4/framework/system/Database/BaseConnection.php(555): CodeIgniter\Database\MySQLi\Connection->connect()
#2 /var/www/html/UCM-Absensi-Magang/ucm_internship_core/vendor/codeigniter4/framework/system/Database/BaseConnection.php(795): CodeIgniter\Database\BaseConnection->initialize()
#3 /var/www/html/UCM-Absensi-Magang/ucm_internship_core/vendor/codeigniter4/framework/system/Database/BaseBuilder.php(1649): CodeIgniter\Database\BaseConnection->query()
#4 /var/www/html/UCM-Absensi-Magang/ucm_internship_core/vendor/codeigniter4/framework/system/Model.php(253): CodeIgniter\Database\BaseBuilder->get()
#5 /var/www/html/UCM-Absensi-Magang/ucm_internship_core/vendor/codeigniter4/framework/system/BaseModel.php(676): CodeIgniter\Model->doFindAll()
#6 /var/www/html/UCM-Absensi-Magang/ucm_internship_core/app/Controllers/AttendanceController.php(165): CodeIgniter\BaseModel->findAll()
#7 /var/www/html/UCM-Absensi-Magang/ucm_internship_core/vendor/codeigniter4/framework/system/CodeIgniter.php(951): App\Controllers\AttendanceController->viewTodayAttendances()
#8 /var/www/html/UCM-Absensi-Magang/ucm_internship_core/vendor/codeigniter4/framework/system/CodeIgniter.php(497): CodeIgniter\CodeIgniter->runController()
#9 /var/www/html/UCM-Absensi-Magang/ucm_internship_core/vendor/codeigniter4/framework/system/CodeIgniter.php(340): CodeIgniter\CodeIgniter->handleRequest()
#10 /var/www/html/UCM-Absensi-Magang/ucm_internship_core/vendor/codeigniter4/framework/system/Boot.php(417): CodeIgniter\CodeIgniter->run()
#11 /var/www/html/UCM-Absensi-Magang/ucm_internship_core/vendor/codeigniter4/framework/system/Boot.php(68): CodeIgniter\Boot::runCodeIgniter()
#12 /var/www/html/UCM-Absensi-Magang/ucm_internship/index.php(59): CodeIgniter\Boot::bootWeb()
#13 {main}

Next CodeIgniter\Database\Exceptions\DatabaseException: Access denied for user '****'@'localhost' (using password: YES) in /var/www/html/UCM-Absensi-Magang/ucm_internship_core/vendor/codeigniter4/framework/system/Database/MySQLi/Connection.php:231
Stack trace:
#0 /var/www/html/UCM-Absensi-Magang/ucm_internship_core/vendor/codeigniter4/framework/system/Database/BaseConnection.php(555): CodeIgniter\Database\MySQLi\Connection->connect()
#1 /var/www/html/UCM-Absensi-Magang/ucm_internship_core/vendor/codeigniter4/framework/system/Database/BaseConnection.php(795): CodeIgniter\Database\BaseConnection->initialize()
#2 /var/www/html/UCM-Absensi-Magang/ucm_internship_core/vendor/codeigniter4/framework/system/Database/BaseBuilder.php(1649): CodeIgniter\Database\BaseConnection->query()
#3 /var/www/html/UCM-Absensi-Magang/ucm_internship_core/vendor/codeigniter4/framework/system/Model.php(253): CodeIgniter\Database\BaseBuilder->get()
#4 /var/www/html/UCM-Absensi-Magang/ucm_internship_core/vendor/codeigniter4/framework/system/BaseModel.php(676): CodeIgniter\Model->doFindAll()
#5 /var/www/html/UCM-Absensi-Magang/ucm_internship_core/app/Controllers/AttendanceController.php(165): CodeIgniter\BaseModel->findAll()
#6 /var/www/html/UCM-Absensi-Magang/ucm_internship_core/vendor/codeigniter4/framework/system/CodeIgniter.php(951): App\Controllers\AttendanceController->viewTodayAttendances()
#7 /var/www/html/UCM-Absensi-Magang/ucm_internship_core/vendor/codeigniter4/framework/system/CodeIgniter.php(497): CodeIgniter\CodeIgniter->runController()
#8 /var/www/html/UCM-Absensi-Magang/ucm_internship_core/vendor/codeigniter4/framework/system/CodeIgniter.php(340): CodeIgniter\CodeIgniter->handleRequest()
#9 /var/www/html/UCM-Absensi-Magang/ucm_internship_core/vendor/codeigniter4/framework/system/Boot.php(417): CodeIgniter\CodeIgniter->run()
#10 /var/www/html/UCM-Absensi-Magang/ucm_internship_core/vendor/codeigniter4/framework/system/Boot.php(68): CodeIgniter\Boot::runCodeIgniter()
#11 /var/www/html/UCM-Absensi-Magang/ucm_internship/index.php(59): CodeIgniter\Boot::bootWeb()
#12 {main}
CRITICAL - 2026-04-10 19:45:34 --> CodeIgniter\Database\Exceptions\DatabaseException: Unable to connect to the database.
Main connection [MySQLi]: Access denied for user '****'@'localhost' (using password: YES)
[Method: GET, Route: api/attendance/viewToday]
in SYSTEMPATH/Database/BaseConnection.php on line 606.
 1 SYSTEMPATH/Database/BaseConnection.php(795): CodeIgniter\Database\BaseConnection->initialize()
 2 SYSTEMPATH/Database/BaseBuilder.php(1649): CodeIgniter\Database\BaseConnection->query()
 3 SYSTEMPATH/Model.php(253): CodeIgniter\Database\BaseBuilder->get()
 4 SYSTEMPATH/BaseModel.php(676): CodeIgniter\Model->doFindAll()
 5 APPPATH/Controllers/AttendanceController.php(165): CodeIgniter\BaseModel->findAll()
 6 SYSTEMPATH/CodeIgniter.php(951): App\Controllers\AttendanceController->viewTodayAttendances()
 7 SYSTEMPATH/CodeIgniter.php(497): CodeIgniter\CodeIgniter->runController()
 8 SYSTEMPATH/CodeIgniter.php(340): CodeIgniter\CodeIgniter->handleRequest()
 9 SYSTEMPATH/Boot.php(417): CodeIgniter\CodeIgniter->run()
10 SYSTEMPATH/Boot.php(68): CodeIgniter\Boot::runCodeIgniter()
11 FCPATH/index.php(59): CodeIgniter\Boot::bootWeb()
