CRITICAL - 2026-03-20 04:15:20 --> CodeIgniter\Database\Exceptions\DatabaseException: Deletes are not allowed unless they contain a "where" or "like" clause.
[Method: POST, Route: auth/logout]
in SYSTEMPATH/Database/BaseBuilder.php on line 2819.
 1 SYSTEMPATH/Model.php(442): CodeIgniter\Database\BaseBuilder->delete()
 2 SYSTEMPATH/BaseModel.php(1186): CodeIgniter\Model->doDelete()
 3 APPPATH/Controllers/AuthController.php(61): CodeIgniter\BaseModel->delete()
 4 SYSTEMPATH/CodeIgniter.php(951): App\Controllers\AuthController->processLogout()
 5 SYSTEMPATH/CodeIgniter.php(497): CodeIgniter\CodeIgniter->runController()
 6 SYSTEMPATH/CodeIgniter.php(340): CodeIgniter\CodeIgniter->handleRequest()
 7 SYSTEMPATH/Boot.php(417): CodeIgniter\CodeIgniter->run()
 8 SYSTEMPATH/Boot.php(68): CodeIgniter\Boot::runCodeIgniter()
 9 FCPATH/index.php(59): CodeIgniter\Boot::bootWeb()
10 SYSTEMPATH/rewrite.php(44): require_once('/home/gibekkk/Documents/Project/PHP/CodeIgniter/UCM-Absensi-Magang/public/index.php')
CRITICAL - 2026-03-20 04:32:52 --> CodeIgniter\Exceptions\InvalidArgumentException: "internship" is not a valid database connection group.
[Method: GET, Route: admin/api/students]
in SYSTEMPATH/Database/Config.php on line 70.
 1 APPPATH/Entities/Master/StudentEntity.php(16): CodeIgniter\Database\Config::connect()
 2 APPPATH/Controllers/StudentController.php(26): App\Entities\Master\StudentEntity->getInternshipStudent()
 3 SYSTEMPATH/CodeIgniter.php(951): App\Controllers\StudentController->getStudents()
 4 SYSTEMPATH/CodeIgniter.php(497): CodeIgniter\CodeIgniter->runController()
 5 SYSTEMPATH/CodeIgniter.php(340): CodeIgniter\CodeIgniter->handleRequest()
 6 SYSTEMPATH/Boot.php(417): CodeIgniter\CodeIgniter->run()
 7 SYSTEMPATH/Boot.php(68): CodeIgniter\Boot::runCodeIgniter()
 8 FCPATH/index.php(59): CodeIgniter\Boot::bootWeb()
 9 SYSTEMPATH/rewrite.php(44): require_once('/home/gibekkk/Documents/Project/PHP/CodeIgniter/UCM-Absensi-Magang/public/index.php')
CRITICAL - 2026-03-20 04:33:37 --> Error: Call to a member function getInternship() on null
[Method: GET, Route: admin/api/students]
in APPPATH/Controllers/StudentController.php on line 26.
 1 SYSTEMPATH/CodeIgniter.php(951): App\Controllers\StudentController->getStudents()
 2 SYSTEMPATH/CodeIgniter.php(497): CodeIgniter\CodeIgniter->runController()
 3 SYSTEMPATH/CodeIgniter.php(340): CodeIgniter\CodeIgniter->handleRequest()
 4 SYSTEMPATH/Boot.php(417): CodeIgniter\CodeIgniter->run()
 5 SYSTEMPATH/Boot.php(68): CodeIgniter\Boot::runCodeIgniter()
 6 FCPATH/index.php(59): CodeIgniter\Boot::bootWeb()
 7 SYSTEMPATH/rewrite.php(44): require_once('/home/gibekkk/Documents/Project/PHP/CodeIgniter/UCM-Absensi-Magang/public/index.php')
CRITICAL - 2026-03-20 04:35:10 --> Error: Call to a member function getInternship() on null
[Method: GET, Route: admin/api/students]
in APPPATH/Controllers/StudentController.php on line 26.
 1 SYSTEMPATH/CodeIgniter.php(951): App\Controllers\StudentController->getStudents()
 2 SYSTEMPATH/CodeIgniter.php(497): CodeIgniter\CodeIgniter->runController()
 3 SYSTEMPATH/CodeIgniter.php(340): CodeIgniter\CodeIgniter->handleRequest()
 4 SYSTEMPATH/Boot.php(417): CodeIgniter\CodeIgniter->run()
 5 SYSTEMPATH/Boot.php(68): CodeIgniter\Boot::runCodeIgniter()
 6 FCPATH/index.php(59): CodeIgniter\Boot::bootWeb()
 7 SYSTEMPATH/rewrite.php(44): require_once('/home/gibekkk/Documents/Project/PHP/CodeIgniter/UCM-Absensi-Magang/public/index.php')
CRITICAL - 2026-03-20 04:37:07 --> Error: Call to undefined method stdClass::getInternship()
[Method: GET, Route: admin/api/students]
in APPPATH/Controllers/StudentController.php on line 26.
 1 SYSTEMPATH/CodeIgniter.php(951): App\Controllers\StudentController->getStudents()
 2 SYSTEMPATH/CodeIgniter.php(497): CodeIgniter\CodeIgniter->runController()
 3 SYSTEMPATH/CodeIgniter.php(340): CodeIgniter\CodeIgniter->handleRequest()
 4 SYSTEMPATH/Boot.php(417): CodeIgniter\CodeIgniter->run()
 5 SYSTEMPATH/Boot.php(68): CodeIgniter\Boot::runCodeIgniter()
 6 FCPATH/index.php(59): CodeIgniter\Boot::bootWeb()
 7 SYSTEMPATH/rewrite.php(44): require_once('/home/gibekkk/Documents/Project/PHP/CodeIgniter/UCM-Absensi-Magang/public/index.php')
CRITICAL - 2026-03-20 04:39:19 --> Error: Call to undefined method stdClass::getInternship()
[Method: GET, Route: admin/api/students]
in APPPATH/Controllers/StudentController.php on line 26.
 1 SYSTEMPATH/CodeIgniter.php(951): App\Controllers\StudentController->getStudents()
 2 SYSTEMPATH/CodeIgniter.php(497): CodeIgniter\CodeIgniter->runController()
 3 SYSTEMPATH/CodeIgniter.php(340): CodeIgniter\CodeIgniter->handleRequest()
 4 SYSTEMPATH/Boot.php(417): CodeIgniter\CodeIgniter->run()
 5 SYSTEMPATH/Boot.php(68): CodeIgniter\Boot::runCodeIgniter()
 6 FCPATH/index.php(59): CodeIgniter\Boot::bootWeb()
 7 SYSTEMPATH/rewrite.php(44): require_once('/home/gibekkk/Documents/Project/PHP/CodeIgniter/UCM-Absensi-Magang/public/index.php')
CRITICAL - 2026-03-20 04:46:51 --> ErrorException: Undefined variable $students
[Method: GET, Route: admin/api/students/019d062a-76d4-7231-9647-6604ea207f49]
in APPPATH/Controllers/StudentController.php on line 49.
 1 APPPATH/Controllers/StudentController.php(49): CodeIgniter\Debug\Exceptions->errorHandler()
 2 SYSTEMPATH/CodeIgniter.php(951): App\Controllers\StudentController->getStudents()
 3 SYSTEMPATH/CodeIgniter.php(497): CodeIgniter\CodeIgniter->runController()
 4 SYSTEMPATH/CodeIgniter.php(340): CodeIgniter\CodeIgniter->handleRequest()
 5 SYSTEMPATH/Boot.php(417): CodeIgniter\CodeIgniter->run()
 6 SYSTEMPATH/Boot.php(68): CodeIgniter\Boot::runCodeIgniter()
 7 FCPATH/index.php(59): CodeIgniter\Boot::bootWeb()
 8 SYSTEMPATH/rewrite.php(44): require_once('/home/gibekkk/Documents/Project/PHP/CodeIgniter/UCM-Absensi-Magang/public/index.php')
CRITICAL - 2026-03-20 05:51:56 --> ErrorException: Undefined array key "internship_id"
[Method: PUT, Route: admin/api/students/019d062a-76d4-7231-9647-6604ea207f49]
in APPPATH/Models/Master/StudentModel.php on line 88.
 1 APPPATH/Models/Master/StudentModel.php(88): CodeIgniter\Debug\Exceptions->errorHandler()
 2 SYSTEMPATH/BaseModel.php(1720): App\Models\Master\StudentModel->editInternship()
 3 SYSTEMPATH/BaseModel.php(1077): CodeIgniter\BaseModel->trigger()
 4 SYSTEMPATH/Model.php(706): CodeIgniter\BaseModel->update()
 5 APPPATH/Controllers/StudentController.php(119): CodeIgniter\Model->update()
 6 SYSTEMPATH/CodeIgniter.php(951): App\Controllers\StudentController->editStudent()
 7 SYSTEMPATH/CodeIgniter.php(497): CodeIgniter\CodeIgniter->runController()
 8 SYSTEMPATH/CodeIgniter.php(340): CodeIgniter\CodeIgniter->handleRequest()
 9 SYSTEMPATH/Boot.php(417): CodeIgniter\CodeIgniter->run()
10 SYSTEMPATH/Boot.php(68): CodeIgniter\Boot::runCodeIgniter()
11 FCPATH/index.php(59): CodeIgniter\Boot::bootWeb()
12 SYSTEMPATH/rewrite.php(44): require_once('/home/gibekkk/Documents/Project/PHP/CodeIgniter/UCM-Absensi-Magang/public/index.php')
CRITICAL - 2026-03-20 05:59:12 --> TypeError: count(): Argument #1 ($value) must be of type Countable|array, App\Entities\Master\StudentEntity given
[Method: PUT, Route: admin/api/students/019d062a-76d4-7231-9647-6604ea207f49]
in APPPATH/Controllers/StudentController.php on line 130.
 1 APPPATH/Controllers/StudentController.php(130): count()
 2 SYSTEMPATH/CodeIgniter.php(951): App\Controllers\StudentController->editStudent()
 3 SYSTEMPATH/CodeIgniter.php(497): CodeIgniter\CodeIgniter->runController()
 4 SYSTEMPATH/CodeIgniter.php(340): CodeIgniter\CodeIgniter->handleRequest()
 5 SYSTEMPATH/Boot.php(417): CodeIgniter\CodeIgniter->run()
 6 SYSTEMPATH/Boot.php(68): CodeIgniter\Boot::runCodeIgniter()
 7 FCPATH/index.php(59): CodeIgniter\Boot::bootWeb()
 8 SYSTEMPATH/rewrite.php(44): require_once('/home/gibekkk/Documents/Project/PHP/CodeIgniter/UCM-Absensi-Magang/public/index.php')
CRITICAL - 2026-03-20 05:59:50 --> CodeIgniter\Database\Exceptions\DataException: There is no data to update.
[Method: PUT, Route: admin/api/students/019d062a-76d4-7231-9647-6604ea207f49]
in SYSTEMPATH/BaseModel.php on line 1893.
 1 SYSTEMPATH/BaseModel.php(1893): CodeIgniter\Database\Exceptions\DataException::forEmptyDataset()
 2 SYSTEMPATH/BaseModel.php(1042): CodeIgniter\BaseModel->transformDataToArray()
 3 SYSTEMPATH/Model.php(706): CodeIgniter\BaseModel->update()
 4 APPPATH/Controllers/StudentController.php(131): CodeIgniter\Model->update()
 5 SYSTEMPATH/CodeIgniter.php(951): App\Controllers\StudentController->editStudent()
 6 SYSTEMPATH/CodeIgniter.php(497): CodeIgniter\CodeIgniter->runController()
 7 SYSTEMPATH/CodeIgniter.php(340): CodeIgniter\CodeIgniter->handleRequest()
 8 SYSTEMPATH/Boot.php(417): CodeIgniter\CodeIgniter->run()
 9 SYSTEMPATH/Boot.php(68): CodeIgniter\Boot::runCodeIgniter()
10 FCPATH/index.php(59): CodeIgniter\Boot::bootWeb()
11 SYSTEMPATH/rewrite.php(44): require_once('/home/gibekkk/Documents/Project/PHP/CodeIgniter/UCM-Absensi-Magang/public/index.php')
CRITICAL - 2026-03-20 06:00:32 --> CodeIgniter\Database\Exceptions\DataException: There is no data to update.
[Method: PUT, Route: admin/api/students/019d062a-76d4-7231-9647-6604ea207f49]
in SYSTEMPATH/BaseModel.php on line 1893.
 1 SYSTEMPATH/BaseModel.php(1893): CodeIgniter\Database\Exceptions\DataException::forEmptyDataset()
 2 SYSTEMPATH/BaseModel.php(1042): CodeIgniter\BaseModel->transformDataToArray()
 3 SYSTEMPATH/Model.php(706): CodeIgniter\BaseModel->update()
 4 APPPATH/Controllers/StudentController.php(131): CodeIgniter\Model->update()
 5 SYSTEMPATH/CodeIgniter.php(951): App\Controllers\StudentController->editStudent()
 6 SYSTEMPATH/CodeIgniter.php(497): CodeIgniter\CodeIgniter->runController()
 7 SYSTEMPATH/CodeIgniter.php(340): CodeIgniter\CodeIgniter->handleRequest()
 8 SYSTEMPATH/Boot.php(417): CodeIgniter\CodeIgniter->run()
 9 SYSTEMPATH/Boot.php(68): CodeIgniter\Boot::runCodeIgniter()
10 FCPATH/index.php(59): CodeIgniter\Boot::bootWeb()
11 SYSTEMPATH/rewrite.php(44): require_once('/home/gibekkk/Documents/Project/PHP/CodeIgniter/UCM-Absensi-Magang/public/index.php')
CRITICAL - 2026-03-20 06:01:46 --> CodeIgniter\Database\Exceptions\DataException: There is no data to update.
[Method: PUT, Route: admin/api/students/019d062a-76d4-7231-9647-6604ea207f49]
in SYSTEMPATH/BaseModel.php on line 1893.
 1 SYSTEMPATH/BaseModel.php(1893): CodeIgniter\Database\Exceptions\DataException::forEmptyDataset()
 2 SYSTEMPATH/BaseModel.php(1042): CodeIgniter\BaseModel->transformDataToArray()
 3 SYSTEMPATH/Model.php(706): CodeIgniter\BaseModel->update()
 4 APPPATH/Controllers/StudentController.php(131): CodeIgniter\Model->update()
 5 SYSTEMPATH/CodeIgniter.php(951): App\Controllers\StudentController->editStudent()
 6 SYSTEMPATH/CodeIgniter.php(497): CodeIgniter\CodeIgniter->runController()
 7 SYSTEMPATH/CodeIgniter.php(340): CodeIgniter\CodeIgniter->handleRequest()
 8 SYSTEMPATH/Boot.php(417): CodeIgniter\CodeIgniter->run()
 9 SYSTEMPATH/Boot.php(68): CodeIgniter\Boot::runCodeIgniter()
10 FCPATH/index.php(59): CodeIgniter\Boot::bootWeb()
11 SYSTEMPATH/rewrite.php(44): require_once('/home/gibekkk/Documents/Project/PHP/CodeIgniter/UCM-Absensi-Magang/public/index.php')
CRITICAL - 2026-03-20 06:02:58 --> Error: Cannot use object of type App\Entities\Master\StudentEntity as array
[Method: PUT, Route: admin/api/students/019d062a-76d4-7231-9647-6604ea207f49]
in APPPATH/Controllers/StudentController.php on line 132.
 1 SYSTEMPATH/CodeIgniter.php(951): App\Controllers\StudentController->editStudent()
 2 SYSTEMPATH/CodeIgniter.php(497): CodeIgniter\CodeIgniter->runController()
 3 SYSTEMPATH/CodeIgniter.php(340): CodeIgniter\CodeIgniter->handleRequest()
 4 SYSTEMPATH/Boot.php(417): CodeIgniter\CodeIgniter->run()
 5 SYSTEMPATH/Boot.php(68): CodeIgniter\Boot::runCodeIgniter()
 6 FCPATH/index.php(59): CodeIgniter\Boot::bootWeb()
 7 SYSTEMPATH/rewrite.php(44): require_once('/home/gibekkk/Documents/Project/PHP/CodeIgniter/UCM-Absensi-Magang/public/index.php')
CRITICAL - 2026-03-20 06:03:23 --> Error: Call to undefined method App\Entities\Master\StudentEntity::first()
[Method: PUT, Route: admin/api/students/019d062a-76d4-7231-9647-6604ea207f49]
in APPPATH/Controllers/StudentController.php on line 132.
 1 SYSTEMPATH/CodeIgniter.php(951): App\Controllers\StudentController->editStudent()
 2 SYSTEMPATH/CodeIgniter.php(497): CodeIgniter\CodeIgniter->runController()
 3 SYSTEMPATH/CodeIgniter.php(340): CodeIgniter\CodeIgniter->handleRequest()
 4 SYSTEMPATH/Boot.php(417): CodeIgniter\CodeIgniter->run()
 5 SYSTEMPATH/Boot.php(68): CodeIgniter\Boot::runCodeIgniter()
 6 FCPATH/index.php(59): CodeIgniter\Boot::bootWeb()
 7 SYSTEMPATH/rewrite.php(44): require_once('/home/gibekkk/Documents/Project/PHP/CodeIgniter/UCM-Absensi-Magang/public/index.php')
CRITICAL - 2026-03-20 06:05:13 --> ErrorException: Undefined array key "id"
[Method: POST, Route: admin/api/internships]
in APPPATH/Models/Internship/InternshipModel.php on line 87.
 1 APPPATH/Models/Internship/InternshipModel.php(87): CodeIgniter\Debug\Exceptions->errorHandler()
 2 APPPATH/Models/Internship/InternshipModel.php(71): App\Models\Internship\InternshipModel->updateStatusIfExpired()
 3 SYSTEMPATH/BaseModel.php(1720): App\Models\Internship\InternshipModel->updateActiveStatus()
 4 SYSTEMPATH/BaseModel.php(895): CodeIgniter\BaseModel->trigger()
 5 SYSTEMPATH/Model.php(665): CodeIgniter\BaseModel->insert()
 6 APPPATH/Controllers/InternshipController.php(84): CodeIgniter\Model->insert()
 7 SYSTEMPATH/CodeIgniter.php(951): App\Controllers\InternshipController->addInternship()
 8 SYSTEMPATH/CodeIgniter.php(497): CodeIgniter\CodeIgniter->runController()
 9 SYSTEMPATH/CodeIgniter.php(340): CodeIgniter\CodeIgniter->handleRequest()
10 SYSTEMPATH/Boot.php(417): CodeIgniter\CodeIgniter->run()
11 SYSTEMPATH/Boot.php(68): CodeIgniter\Boot::runCodeIgniter()
12 FCPATH/index.php(59): CodeIgniter\Boot::bootWeb()
13 SYSTEMPATH/rewrite.php(44): require_once('/home/gibekkk/Documents/Project/PHP/CodeIgniter/UCM-Absensi-Magang/public/index.php')
CRITICAL - 2026-03-20 06:10:26 --> ErrorException: Undefined array key "id"
[Method: PUT, Route: admin/api/internships/019d09dd-c0d7-724b-8f7d-774674f4d91f]
in APPPATH/Models/Internship/InternshipModel.php on line 87.
 1 APPPATH/Models/Internship/InternshipModel.php(87): CodeIgniter\Debug\Exceptions->errorHandler()
 2 APPPATH/Models/Internship/InternshipModel.php(71): App\Models\Internship\InternshipModel->updateStatusIfExpired()
 3 SYSTEMPATH/BaseModel.php(1720): App\Models\Internship\InternshipModel->updateActiveStatus()
 4 SYSTEMPATH/BaseModel.php(1067): CodeIgniter\BaseModel->trigger()
 5 SYSTEMPATH/Model.php(706): CodeIgniter\BaseModel->update()
 6 APPPATH/Controllers/InternshipController.php(114): CodeIgniter\Model->update()
 7 SYSTEMPATH/CodeIgniter.php(951): App\Controllers\InternshipController->editInternship()
 8 SYSTEMPATH/CodeIgniter.php(497): CodeIgniter\CodeIgniter->runController()
 9 SYSTEMPATH/CodeIgniter.php(340): CodeIgniter\CodeIgniter->handleRequest()
10 SYSTEMPATH/Boot.php(417): CodeIgniter\CodeIgniter->run()
11 SYSTEMPATH/Boot.php(68): CodeIgniter\Boot::runCodeIgniter()
12 FCPATH/index.php(59): CodeIgniter\Boot::bootWeb()
13 SYSTEMPATH/rewrite.php(44): require_once('/home/gibekkk/Documents/Project/PHP/CodeIgniter/UCM-Absensi-Magang/public/index.php')
CRITICAL - 2026-03-20 06:10:59 --> ErrorException: Undefined array key "id"
[Method: PUT, Route: admin/api/internships/019d09dd-c0d7-724b-8f7d-774674f4d91f]
in APPPATH/Models/Internship/InternshipModel.php on line 87.
 1 APPPATH/Models/Internship/InternshipModel.php(87): CodeIgniter\Debug\Exceptions->errorHandler()
 2 APPPATH/Models/Internship/InternshipModel.php(71): App\Models\Internship\InternshipModel->updateStatusIfExpired()
 3 SYSTEMPATH/BaseModel.php(1720): App\Models\Internship\InternshipModel->updateActiveStatus()
 4 SYSTEMPATH/BaseModel.php(1077): CodeIgniter\BaseModel->trigger()
 5 SYSTEMPATH/Model.php(706): CodeIgniter\BaseModel->update()
 6 APPPATH/Controllers/InternshipController.php(114): CodeIgniter\Model->update()
 7 SYSTEMPATH/CodeIgniter.php(951): App\Controllers\InternshipController->editInternship()
 8 SYSTEMPATH/CodeIgniter.php(497): CodeIgniter\CodeIgniter->runController()
 9 SYSTEMPATH/CodeIgniter.php(340): CodeIgniter\CodeIgniter->handleRequest()
10 SYSTEMPATH/Boot.php(417): CodeIgniter\CodeIgniter->run()
11 SYSTEMPATH/Boot.php(68): CodeIgniter\Boot::runCodeIgniter()
12 FCPATH/index.php(59): CodeIgniter\Boot::bootWeb()
13 SYSTEMPATH/rewrite.php(44): require_once('/home/gibekkk/Documents/Project/PHP/CodeIgniter/UCM-Absensi-Magang/public/index.php')
ERROR - 2026-03-20 06:31:53 --> Unknown column 'token' in 'where clause'
in SYSTEMPATH/Database/MySQLi/Connection.php on line 300.
 1 SYSTEMPATH/Database/MySQLi/Connection.php(300): mysqli->query()
 2 SYSTEMPATH/Database/BaseConnection.php(769): CodeIgniter\Database\MySQLi\Connection->execute()
 3 SYSTEMPATH/Database/BaseConnection.php(686): CodeIgniter\Database\BaseConnection->simpleQuery()
 4 SYSTEMPATH/Database/BaseBuilder.php(1649): CodeIgniter\Database\BaseConnection->query()
 5 SYSTEMPATH/Model.php(296): CodeIgniter\Database\BaseBuilder->get()
 6 SYSTEMPATH/BaseModel.php(713): CodeIgniter\Model->doFirst()
 7 APPPATH/Controllers/StudentController.php(188): CodeIgniter\BaseModel->first()
 8 SYSTEMPATH/CodeIgniter.php(951): App\Controllers\StudentController->importStudents()
 9 SYSTEMPATH/CodeIgniter.php(497): CodeIgniter\CodeIgniter->runController()
10 SYSTEMPATH/CodeIgniter.php(340): CodeIgniter\CodeIgniter->handleRequest()
11 SYSTEMPATH/Boot.php(417): CodeIgniter\CodeIgniter->run()
12 SYSTEMPATH/Boot.php(68): CodeIgniter\Boot::runCodeIgniter()
13 FCPATH/index.php(59): CodeIgniter\Boot::bootWeb()
14 SYSTEMPATH/rewrite.php(44): require_once('/home/gibekkk/Documents/Project/PHP/CodeIgniter/UCM-Absensi-Magang/public/index.php')
CRITICAL - 2026-03-20 06:31:53 --> CodeIgniter\Database\Exceptions\DatabaseException: Unknown column 'token' in 'where clause'
[Method: POST, Route: admin/api/students/import]
in SYSTEMPATH/Database/BaseConnection.php on line 724.
 1 SYSTEMPATH/Database/BaseBuilder.php(1649): CodeIgniter\Database\BaseConnection->query()
 2 SYSTEMPATH/Model.php(296): CodeIgniter\Database\BaseBuilder->get()
 3 SYSTEMPATH/BaseModel.php(713): CodeIgniter\Model->doFirst()
 4 APPPATH/Controllers/StudentController.php(188): CodeIgniter\BaseModel->first()
 5 SYSTEMPATH/CodeIgniter.php(951): App\Controllers\StudentController->importStudents()
 6 SYSTEMPATH/CodeIgniter.php(497): CodeIgniter\CodeIgniter->runController()
 7 SYSTEMPATH/CodeIgniter.php(340): CodeIgniter\CodeIgniter->handleRequest()
 8 SYSTEMPATH/Boot.php(417): CodeIgniter\CodeIgniter->run()
 9 SYSTEMPATH/Boot.php(68): CodeIgniter\Boot::runCodeIgniter()
10 FCPATH/index.php(59): CodeIgniter\Boot::bootWeb()
11 SYSTEMPATH/rewrite.php(44): require_once('/home/gibekkk/Documents/Project/PHP/CodeIgniter/UCM-Absensi-Magang/public/index.php')
CRITICAL - 2026-03-20 06:31:53 --> [Caused by] CodeIgniter\Database\Exceptions\DatabaseException: Unknown column 'token' in 'where clause'
in SYSTEMPATH/Database/MySQLi/Connection.php on line 310.
 1 SYSTEMPATH/Database/BaseConnection.php(769): CodeIgniter\Database\MySQLi\Connection->execute()
 2 SYSTEMPATH/Database/BaseConnection.php(686): CodeIgniter\Database\BaseConnection->simpleQuery()
 3 SYSTEMPATH/Database/BaseBuilder.php(1649): CodeIgniter\Database\BaseConnection->query()
 4 SYSTEMPATH/Model.php(296): CodeIgniter\Database\BaseBuilder->get()
 5 SYSTEMPATH/BaseModel.php(713): CodeIgniter\Model->doFirst()
 6 APPPATH/Controllers/StudentController.php(188): CodeIgniter\BaseModel->first()
 7 SYSTEMPATH/CodeIgniter.php(951): App\Controllers\StudentController->importStudents()
 8 SYSTEMPATH/CodeIgniter.php(497): CodeIgniter\CodeIgniter->runController()
 9 SYSTEMPATH/CodeIgniter.php(340): CodeIgniter\CodeIgniter->handleRequest()
10 SYSTEMPATH/Boot.php(417): CodeIgniter\CodeIgniter->run()
11 SYSTEMPATH/Boot.php(68): CodeIgniter\Boot::runCodeIgniter()
12 FCPATH/index.php(59): CodeIgniter\Boot::bootWeb()
13 SYSTEMPATH/rewrite.php(44): require_once('/home/gibekkk/Documents/Project/PHP/CodeIgniter/UCM-Absensi-Magang/public/index.php')
CRITICAL - 2026-03-20 06:31:53 --> [Caused by] mysqli_sql_exception: Unknown column 'token' in 'where clause'
in SYSTEMPATH/Database/MySQLi/Connection.php on line 300.
 1 SYSTEMPATH/Database/MySQLi/Connection.php(300): mysqli->query()
 2 SYSTEMPATH/Database/BaseConnection.php(769): CodeIgniter\Database\MySQLi\Connection->execute()
 3 SYSTEMPATH/Database/BaseConnection.php(686): CodeIgniter\Database\BaseConnection->simpleQuery()
 4 SYSTEMPATH/Database/BaseBuilder.php(1649): CodeIgniter\Database\BaseConnection->query()
 5 SYSTEMPATH/Model.php(296): CodeIgniter\Database\BaseBuilder->get()
 6 SYSTEMPATH/BaseModel.php(713): CodeIgniter\Model->doFirst()
 7 APPPATH/Controllers/StudentController.php(188): CodeIgniter\BaseModel->first()
 8 SYSTEMPATH/CodeIgniter.php(951): App\Controllers\StudentController->importStudents()
 9 SYSTEMPATH/CodeIgniter.php(497): CodeIgniter\CodeIgniter->runController()
10 SYSTEMPATH/CodeIgniter.php(340): CodeIgniter\CodeIgniter->handleRequest()
11 SYSTEMPATH/Boot.php(417): CodeIgniter\CodeIgniter->run()
12 SYSTEMPATH/Boot.php(68): CodeIgniter\Boot::runCodeIgniter()
13 FCPATH/index.php(59): CodeIgniter\Boot::bootWeb()
14 SYSTEMPATH/rewrite.php(44): require_once('/home/gibekkk/Documents/Project/PHP/CodeIgniter/UCM-Absensi-Magang/public/index.php')
CRITICAL - 2026-03-20 06:32:14 --> CodeIgniter\HTTP\Exceptions\HTTPException: Failed to parse JSON string. Error: Syntax error
[Method: POST, Route: admin/api/students/import]
in SYSTEMPATH/HTTP/IncomingRequest.php on line 406.
 1 SYSTEMPATH/HTTP/IncomingRequest.php(406): CodeIgniter\HTTP\Exceptions\HTTPException::forInvalidJSON()
 2 APPPATH/Controllers/StudentController.php(191): CodeIgniter\HTTP\IncomingRequest->getJSON()
 3 SYSTEMPATH/CodeIgniter.php(951): App\Controllers\StudentController->importStudents()
 4 SYSTEMPATH/CodeIgniter.php(497): CodeIgniter\CodeIgniter->runController()
 5 SYSTEMPATH/CodeIgniter.php(340): CodeIgniter\CodeIgniter->handleRequest()
 6 SYSTEMPATH/Boot.php(417): CodeIgniter\CodeIgniter->run()
 7 SYSTEMPATH/Boot.php(68): CodeIgniter\Boot::runCodeIgniter()
 8 FCPATH/index.php(59): CodeIgniter\Boot::bootWeb()
 9 SYSTEMPATH/rewrite.php(44): require_once('/home/gibekkk/Documents/Project/PHP/CodeIgniter/UCM-Absensi-Magang/public/index.php')
CRITICAL - 2026-03-20 06:35:37 --> CodeIgniter\HTTP\Exceptions\HTTPException: Failed to parse JSON string. Error: Syntax error
[Method: POST, Route: admin/api/students/import]
in SYSTEMPATH/HTTP/IncomingRequest.php on line 406.
 1 SYSTEMPATH/HTTP/IncomingRequest.php(406): CodeIgniter\HTTP\Exceptions\HTTPException::forInvalidJSON()
 2 APPPATH/Controllers/StudentController.php(193): CodeIgniter\HTTP\IncomingRequest->getJSON()
 3 SYSTEMPATH/CodeIgniter.php(951): App\Controllers\StudentController->importStudents()
 4 SYSTEMPATH/CodeIgniter.php(497): CodeIgniter\CodeIgniter->runController()
 5 SYSTEMPATH/CodeIgniter.php(340): CodeIgniter\CodeIgniter->handleRequest()
 6 SYSTEMPATH/Boot.php(417): CodeIgniter\CodeIgniter->run()
 7 SYSTEMPATH/Boot.php(68): CodeIgniter\Boot::runCodeIgniter()
 8 FCPATH/index.php(59): CodeIgniter\Boot::bootWeb()
 9 SYSTEMPATH/rewrite.php(44): require_once('/home/gibekkk/Documents/Project/PHP/CodeIgniter/UCM-Absensi-Magang/public/index.php')
CRITICAL - 2026-03-20 06:43:54 --> Error: Class "PhpOffice\PhpSpreadsheet\Reader\Xlsx" not found
[Method: POST, Route: admin/api/students/import]
in APPPATH/Controllers/StudentController.php on line 195.
 1 SYSTEMPATH/CodeIgniter.php(951): App\Controllers\StudentController->importStudents()
 2 SYSTEMPATH/CodeIgniter.php(497): CodeIgniter\CodeIgniter->runController()
 3 SYSTEMPATH/CodeIgniter.php(340): CodeIgniter\CodeIgniter->handleRequest()
 4 SYSTEMPATH/Boot.php(417): CodeIgniter\CodeIgniter->run()
 5 SYSTEMPATH/Boot.php(68): CodeIgniter\Boot::runCodeIgniter()
 6 FCPATH/index.php(59): CodeIgniter\Boot::bootWeb()
 7 SYSTEMPATH/rewrite.php(44): require_once('/home/gibekkk/Documents/Project/PHP/CodeIgniter/UCM-Absensi-Magang/public/index.php')
CRITICAL - 2026-03-20 06:49:44 --> PhpOffice\PhpSpreadsheet\Reader\Exception: Could not find zip member zip:///tmp/phpNEtMn9#_rels\.rels
[Method: POST, Route: admin/api/students/import]
in VENDORPATH/phpoffice/phpspreadsheet/src/PhpSpreadsheet/Shared/File.php on line 151.
 1 VENDORPATH/phpoffice/phpspreadsheet/src/PhpSpreadsheet/Reader/Xlsx.php(435): PhpOffice\PhpSpreadsheet\Shared\File::assertFile()
 2 VENDORPATH/phpoffice/phpspreadsheet/src/PhpSpreadsheet/Reader/BaseReader.php(290): PhpOffice\PhpSpreadsheet\Reader\Xlsx->loadSpreadsheetFromFile()
 3 APPPATH/Controllers/StudentController.php(196): PhpOffice\PhpSpreadsheet\Reader\BaseReader->load()
 4 SYSTEMPATH/CodeIgniter.php(951): App\Controllers\StudentController->importStudents()
 5 SYSTEMPATH/CodeIgniter.php(497): CodeIgniter\CodeIgniter->runController()
 6 SYSTEMPATH/CodeIgniter.php(340): CodeIgniter\CodeIgniter->handleRequest()
 7 SYSTEMPATH/Boot.php(417): CodeIgniter\CodeIgniter->run()
 8 SYSTEMPATH/Boot.php(68): CodeIgniter\Boot::runCodeIgniter()
 9 FCPATH/index.php(59): CodeIgniter\Boot::bootWeb()
10 SYSTEMPATH/rewrite.php(44): require_once('/home/gibekkk/Documents/Project/PHP/CodeIgniter/UCM-Absensi-Magang/public/index.php')
CRITICAL - 2026-03-20 07:06:24 --> PhpOffice\PhpSpreadsheet\Reader\Exception: Could not find zip member zip:///tmp/phpy6ZqIl#_rels\.rels
[Method: POST, Route: admin/api/students/import]
in VENDORPATH/phpoffice/phpspreadsheet/src/PhpSpreadsheet/Shared/File.php on line 151.
 1 VENDORPATH/phpoffice/phpspreadsheet/src/PhpSpreadsheet/Reader/Xlsx.php(435): PhpOffice\PhpSpreadsheet\Shared\File::assertFile()
 2 VENDORPATH/phpoffice/phpspreadsheet/src/PhpSpreadsheet/Reader/BaseReader.php(290): PhpOffice\PhpSpreadsheet\Reader\Xlsx->loadSpreadsheetFromFile()
 3 APPPATH/Controllers/StudentController.php(196): PhpOffice\PhpSpreadsheet\Reader\BaseReader->load()
 4 SYSTEMPATH/CodeIgniter.php(951): App\Controllers\StudentController->importStudents()
 5 SYSTEMPATH/CodeIgniter.php(497): CodeIgniter\CodeIgniter->runController()
 6 SYSTEMPATH/CodeIgniter.php(340): CodeIgniter\CodeIgniter->handleRequest()
 7 SYSTEMPATH/Boot.php(417): CodeIgniter\CodeIgniter->run()
 8 SYSTEMPATH/Boot.php(68): CodeIgniter\Boot::runCodeIgniter()
 9 FCPATH/index.php(59): CodeIgniter\Boot::bootWeb()
10 SYSTEMPATH/rewrite.php(44): require_once('/home/gibekkk/Documents/Project/PHP/CodeIgniter/UCM-Absensi-Magang/public/index.php')
CRITICAL - 2026-03-20 07:21:24 --> PhpOffice\PhpSpreadsheet\Reader\Exception: Could not find zip member zip:///tmp/phpZ7ZdHG#_rels\.rels
[Method: POST, Route: admin/api/students/import]
in VENDORPATH/phpoffice/phpspreadsheet/src/PhpSpreadsheet/Shared/File.php on line 151.
 1 VENDORPATH/phpoffice/phpspreadsheet/src/PhpSpreadsheet/Reader/Xlsx.php(435): PhpOffice\PhpSpreadsheet\Shared\File::assertFile()
 2 VENDORPATH/phpoffice/phpspreadsheet/src/PhpSpreadsheet/Reader/BaseReader.php(290): PhpOffice\PhpSpreadsheet\Reader\Xlsx->loadSpreadsheetFromFile()
 3 APPPATH/Controllers/StudentController.php(194): PhpOffice\PhpSpreadsheet\Reader\BaseReader->load()
 4 SYSTEMPATH/CodeIgniter.php(951): App\Controllers\StudentController->importStudents()
 5 SYSTEMPATH/CodeIgniter.php(497): CodeIgniter\CodeIgniter->runController()
 6 SYSTEMPATH/CodeIgniter.php(340): CodeIgniter\CodeIgniter->handleRequest()
 7 SYSTEMPATH/Boot.php(417): CodeIgniter\CodeIgniter->run()
 8 SYSTEMPATH/Boot.php(68): CodeIgniter\Boot::runCodeIgniter()
 9 FCPATH/index.php(59): CodeIgniter\Boot::bootWeb()
10 SYSTEMPATH/rewrite.php(44): require_once('/home/gibekkk/Documents/Project/PHP/CodeIgniter/UCM-Absensi-Magang/public/index.php')
CRITICAL - 2026-03-20 07:34:23 --> Error: Call to a member function getInternship() on null
[Method: GET, Route: admin/api/students]
in APPPATH/Controllers/StudentController.php on line 54.
 1 SYSTEMPATH/CodeIgniter.php(951): App\Controllers\StudentController->getStudents()
 2 SYSTEMPATH/CodeIgniter.php(497): CodeIgniter\CodeIgniter->runController()
 3 SYSTEMPATH/CodeIgniter.php(340): CodeIgniter\CodeIgniter->handleRequest()
 4 SYSTEMPATH/Boot.php(417): CodeIgniter\CodeIgniter->run()
 5 SYSTEMPATH/Boot.php(68): CodeIgniter\Boot::runCodeIgniter()
 6 FCPATH/index.php(59): CodeIgniter\Boot::bootWeb()
 7 SYSTEMPATH/rewrite.php(44): require_once('/home/gibekkk/Documents/Project/PHP/CodeIgniter/UCM-Absensi-Magang/public/index.php')
CRITICAL - 2026-03-20 07:39:26 --> ErrorException: Attempt to read property "id" on null
[Method: DELETE, Route: admin/api/students/019d0a2c-4f2c-7053-9f99-a822a300bd37]
in APPPATH/Controllers/StudentController.php on line 167.
 1 APPPATH/Controllers/StudentController.php(167): CodeIgniter\Debug\Exceptions->errorHandler()
 2 SYSTEMPATH/CodeIgniter.php(951): App\Controllers\StudentController->deleteStudent()
 3 SYSTEMPATH/CodeIgniter.php(497): CodeIgniter\CodeIgniter->runController()
 4 SYSTEMPATH/CodeIgniter.php(340): CodeIgniter\CodeIgniter->handleRequest()
 5 SYSTEMPATH/Boot.php(417): CodeIgniter\CodeIgniter->run()
 6 SYSTEMPATH/Boot.php(68): CodeIgniter\Boot::runCodeIgniter()
 7 FCPATH/index.php(59): CodeIgniter\Boot::bootWeb()
 8 SYSTEMPATH/rewrite.php(44): require_once('/home/gibekkk/Documents/Project/PHP/CodeIgniter/UCM-Absensi-Magang/public/index.php')
CRITICAL - 2026-03-20 07:40:42 --> Error: Call to a member function getInternship() on null
[Method: GET, Route: admin/api/students]
in APPPATH/Controllers/StudentController.php on line 54.
 1 SYSTEMPATH/CodeIgniter.php(951): App\Controllers\StudentController->getStudents()
 2 SYSTEMPATH/CodeIgniter.php(497): CodeIgniter\CodeIgniter->runController()
 3 SYSTEMPATH/CodeIgniter.php(340): CodeIgniter\CodeIgniter->handleRequest()
 4 SYSTEMPATH/Boot.php(417): CodeIgniter\CodeIgniter->run()
 5 SYSTEMPATH/Boot.php(68): CodeIgniter\Boot::runCodeIgniter()
 6 FCPATH/index.php(59): CodeIgniter\Boot::bootWeb()
 7 SYSTEMPATH/rewrite.php(44): require_once('/home/gibekkk/Documents/Project/PHP/CodeIgniter/UCM-Absensi-Magang/public/index.php')
